{"D:\\Study Material\\Semester 6\\Software Engineering\\Project_2\\Flux\\frontend\\myapp\\src\\App.js": {"path":"D:\\Study Material\\Semester 6\\Software Engineering\\Project_2\\Flux\\frontend\\myapp\\src\\App.js","statementMap":{"0":{"start":{"line":6,"column":2},"end":{"line":29,"column":4}}},"fnMap":{"0":{"name":"App","decl":{"start":{"line":5,"column":9},"end":{"line":5,"column":12}},"loc":{"start":{"line":5,"column":15},"end":{"line":30,"column":1}},"line":5}},"branchMap":{},"s":{"0":1},"f":{"0":1},"b":{},"_coverageSchema":"1a1c01bbd47fc00a2c39e90264f33305004495a9","hash":"efd64c580b9fde880e7ffc7bb32447f821477a8b"}
,"D:\\Study Material\\Semester 6\\Software Engineering\\Project_2\\Flux\\frontend\\myapp\\src\\components\\AddSongModal.js": {"path":"D:\\Study Material\\Semester 6\\Software Engineering\\Project_2\\Flux\\frontend\\myapp\\src\\components\\AddSongModal.js","statementMap":{"0":{"start":{"line":5,"column":21},"end":{"line":118,"column":1}},"1":{"start":{"line":6,"column":34},"end":{"line":6,"column":49}},"2":{"start":{"line":7,"column":36},"end":{"line":7,"column":48}},"3":{"start":{"line":8,"column":40},"end":{"line":8,"column":54}},"4":{"start":{"line":9,"column":48},"end":{"line":9,"column":60}},"5":{"start":{"line":12,"column":22},"end":{"line":19,"column":3}},"6":{"start":{"line":13,"column":19},"end":{"line":16,"column":5}},"7":{"start":{"line":17,"column":4},"end":{"line":17,"column":41}},"8":{"start":{"line":18,"column":4},"end":{"line":18,"column":37}},"9":{"start":{"line":22,"column":26},"end":{"line":44,"column":3}},"10":{"start":{"line":23,"column":4},"end":{"line":23,"column":30}},"11":{"start":{"line":25,"column":4},"end":{"line":43,"column":5}},"12":{"start":{"line":27,"column":6},"end":{"line":29,"column":7}},"13":{"start":{"line":28,"column":8},"end":{"line":28,"column":60}},"14":{"start":{"line":30,"column":6},"end":{"line":32,"column":7}},"15":{"start":{"line":31,"column":8},"end":{"line":31,"column":60}},"16":{"start":{"line":38,"column":21},"end":{"line":38,"column":59}},"17":{"start":{"line":39,"column":21},"end":{"line":39,"column":48}},"18":{"start":{"line":40,"column":6},"end":{"line":40,"column":38}},"19":{"start":{"line":41,"column":6},"end":{"line":41,"column":67}},"20":{"start":{"line":42,"column":6},"end":{"line":42,"column":67}},"21":{"start":{"line":46,"column":2},"end":{"line":117,"column":4}},"22":{"start":{"line":61,"column":29},"end":{"line":61,"column":73}},"23":{"start":{"line":76,"column":16},"end":{"line":79,"column":17}},"24":{"start":{"line":77,"column":18},"end":{"line":77,"column":50}},"25":{"start":{"line":78,"column":18},"end":{"line":78,"column":28}},"26":{"start":{"line":85,"column":29},"end":{"line":85,"column":46}},"27":{"start":{"line":111,"column":14},"end":{"line":111,"column":33}},"28":{"start":{"line":120,"column":15},"end":{"line":209,"column":1}}},"fnMap":{"0":{"name":"(anonymous_0)","decl":{"start":{"line":5,"column":21},"end":{"line":5,"column":22}},"loc":{"start":{"line":5,"column":81},"end":{"line":118,"column":1}},"line":5},"1":{"name":"(anonymous_1)","decl":{"start":{"line":12,"column":22},"end":{"line":12,"column":23}},"loc":{"start":{"line":12,"column":39},"end":{"line":19,"column":3}},"line":12},"2":{"name":"(anonymous_2)","decl":{"start":{"line":22,"column":26},"end":{"line":22,"column":27}},"loc":{"start":{"line":22,"column":51},"end":{"line":44,"column":3}},"line":22},"3":{"name":"(anonymous_3)","decl":{"start":{"line":61,"column":23},"end":{"line":61,"column":24}},"loc":{"start":{"line":61,"column":29},"end":{"line":61,"column":73}},"line":61},"4":{"name":"(anonymous_4)","decl":{"start":{"line":75,"column":24},"end":{"line":75,"column":25}},"loc":{"start":{"line":75,"column":31},"end":{"line":80,"column":15}},"line":75},"5":{"name":"(anonymous_5)","decl":{"start":{"line":85,"column":23},"end":{"line":85,"column":24}},"loc":{"start":{"line":85,"column":29},"end":{"line":85,"column":46}},"line":85},"6":{"name":"(anonymous_6)","decl":{"start":{"line":110,"column":20},"end":{"line":110,"column":21}},"loc":{"start":{"line":110,"column":26},"end":{"line":112,"column":13}},"line":110}},"branchMap":{"0":{"loc":{"start":{"line":25,"column":4},"end":{"line":43,"column":5}},"type":"if","locations":[{"start":{"line":25,"column":4},"end":{"line":43,"column":5}},{"start":{},"end":{}}],"line":25},"1":{"loc":{"start":{"line":25,"column":8},"end":{"line":25,"column":40}},"type":"binary-expr","locations":[{"start":{"line":25,"column":8},"end":{"line":25,"column":22}},{"start":{"line":25,"column":26},"end":{"line":25,"column":40}}],"line":25},"2":{"loc":{"start":{"line":27,"column":6},"end":{"line":29,"column":7}},"type":"if","locations":[{"start":{"line":27,"column":6},"end":{"line":29,"column":7}},{"start":{},"end":{}}],"line":27},"3":{"loc":{"start":{"line":30,"column":6},"end":{"line":32,"column":7}},"type":"if","locations":[{"start":{"line":30,"column":6},"end":{"line":32,"column":7}},{"start":{},"end":{}}],"line":30},"4":{"loc":{"start":{"line":38,"column":21},"end":{"line":38,"column":59}},"type":"cond-expr","locations":[{"start":{"line":38,"column":34},"end":{"line":38,"column":35}},{"start":{"line":38,"column":38},"end":{"line":38,"column":59}}],"line":38},"5":{"loc":{"start":{"line":39,"column":21},"end":{"line":39,"column":48}},"type":"cond-expr","locations":[{"start":{"line":39,"column":34},"end":{"line":39,"column":35}},{"start":{"line":39,"column":38},"end":{"line":39,"column":48}}],"line":39},"6":{"loc":{"start":{"line":57,"column":9},"end":{"line":114,"column":9}},"type":"cond-expr","locations":[{"start":{"line":58,"column":10},"end":{"line":105,"column":16}},{"start":{"line":107,"column":10},"end":{"line":113,"column":12}}],"line":57},"7":{"loc":{"start":{"line":76,"column":16},"end":{"line":79,"column":17}},"type":"if","locations":[{"start":{"line":76,"column":16},"end":{"line":79,"column":17}},{"start":{},"end":{}}],"line":76}},"s":{"0":2,"1":2,"2":2,"3":2,"4":2,"5":2,"6":0,"7":0,"8":0,"9":2,"10":0,"11":0,"12":0,"13":0,"14":0,"15":0,"16":0,"17":0,"18":0,"19":0,"20":0,"21":2,"22":0,"23":2,"24":2,"25":2,"26":0,"27":0,"28":2},"f":{"0":2,"1":0,"2":0,"3":0,"4":2,"5":0,"6":0},"b":{"0":[0,0],"1":[0,0],"2":[0,0],"3":[0,0],"4":[0,0],"5":[0,0],"6":[2,0],"7":[2,0]},"_coverageSchema":"1a1c01bbd47fc00a2c39e90264f33305004495a9","hash":"a39e65cf9b5134837f29c3c758b3182490b99c57"}
,"D:\\Study Material\\Semester 6\\Software Engineering\\Project_2\\Flux\\frontend\\myapp\\src\\components\\AudioEffects.js": {"path":"D:\\Study Material\\Semester 6\\Software Engineering\\Project_2\\Flux\\frontend\\myapp\\src\\components\\AudioEffects.js","statementMap":{"0":{"start":{"line":4,"column":21},"end":{"line":417,"column":1}},"1":{"start":{"line":5,"column":42},"end":{"line":5,"column":56}},"2":{"start":{"line":6,"column":36},"end":{"line":6,"column":48}},"3":{"start":{"line":7,"column":24},"end":{"line":7,"column":37}},"4":{"start":{"line":8,"column":34},"end":{"line":8,"column":47}},"5":{"start":{"line":11,"column":26},"end":{"line":11,"column":38}},"6":{"start":{"line":12,"column":24},"end":{"line":12,"column":36}},"7":{"start":{"line":13,"column":24},"end":{"line":13,"column":36}},"8":{"start":{"line":14,"column":22},"end":{"line":14,"column":34}},"9":{"start":{"line":15,"column":21},"end":{"line":15,"column":33}},"10":{"start":{"line":16,"column":21},"end":{"line":16,"column":33}},"11":{"start":{"line":17,"column":26},"end":{"line":17,"column":38}},"12":{"start":{"line":18,"column":25},"end":{"line":18,"column":38}},"13":{"start":{"line":21,"column":18},"end":{"line":28,"column":3}},"14":{"start":{"line":31,"column":2},"end":{"line":81,"column":17}},"15":{"start":{"line":32,"column":4},"end":{"line":32,"column":61}},"16":{"start":{"line":32,"column":54},"end":{"line":32,"column":61}},"17":{"start":{"line":34,"column":4},"end":{"line":80,"column":5}},"18":{"start":{"line":35,"column":6},"end":{"line":35,"column":56}},"19":{"start":{"line":38,"column":6},"end":{"line":66,"column":7}},"20":{"start":{"line":39,"column":8},"end":{"line":39,"column":72}},"21":{"start":{"line":42,"column":8},"end":{"line":42,"column":65}},"22":{"start":{"line":43,"column":8},"end":{"line":43,"column":61}},"23":{"start":{"line":44,"column":8},"end":{"line":44,"column":57}},"24":{"start":{"line":47,"column":8},"end":{"line":48,"column":39}},"25":{"start":{"line":51,"column":8},"end":{"line":52,"column":77}},"26":{"start":{"line":55,"column":8},"end":{"line":55,"column":67}},"27":{"start":{"line":58,"column":8},"end":{"line":58,"column":59}},"28":{"start":{"line":59,"column":8},"end":{"line":59,"column":73}},"29":{"start":{"line":62,"column":8},"end":{"line":62,"column":55}},"30":{"start":{"line":63,"column":8},"end":{"line":63,"column":65}},"31":{"start":{"line":64,"column":8},"end":{"line":64,"column":61}},"32":{"start":{"line":65,"column":8},"end":{"line":65,"column":57}},"33":{"start":{"line":69,"column":6},"end":{"line":69,"column":64}},"34":{"start":{"line":70,"column":6},"end":{"line":70,"column":42}},"35":{"start":{"line":72,"column":6},"end":{"line":72,"column":64}},"36":{"start":{"line":73,"column":6},"end":{"line":73,"column":46}},"37":{"start":{"line":76,"column":6},"end":{"line":76,"column":36}},"38":{"start":{"line":77,"column":6},"end":{"line":77,"column":68}},"39":{"start":{"line":79,"column":6},"end":{"line":79,"column":74}},"40":{"start":{"line":84,"column":2},"end":{"line":182,"column":21}},"41":{"start":{"line":85,"column":4},"end":{"line":85,"column":40}},"42":{"start":{"line":85,"column":33},"end":{"line":85,"column":40}},"43":{"start":{"line":87,"column":4},"end":{"line":87,"column":60}},"44":{"start":{"line":89,"column":38},"end":{"line":89,"column":53}},"45":{"start":{"line":90,"column":36},"end":{"line":90,"column":49}},"46":{"start":{"line":91,"column":34},"end":{"line":91,"column":45}},"47":{"start":{"line":94,"column":29},"end":{"line":96,"column":43}},"48":{"start":{"line":99,"column":4},"end":{"line":116,"column":5}},"49":{"start":{"line":101,"column":6},"end":{"line":101,"column":30}},"50":{"start":{"line":102,"column":6},"end":{"line":102,"column":41}},"51":{"start":{"line":103,"column":6},"end":{"line":103,"column":38}},"52":{"start":{"line":104,"column":6},"end":{"line":104,"column":38}},"53":{"start":{"line":107,"column":6},"end":{"line":110,"column":7}},"54":{"start":{"line":108,"column":8},"end":{"line":108,"column":45}},"55":{"start":{"line":109,"column":8},"end":{"line":109,"column":39}},"56":{"start":{"line":112,"column":6},"end":{"line":112,"column":35}},"57":{"start":{"line":115,"column":6},"end":{"line":115,"column":30}},"58":{"start":{"line":119,"column":4},"end":{"line":123,"column":5}},"59":{"start":{"line":120,"column":6},"end":{"line":120,"column":67}},"60":{"start":{"line":121,"column":6},"end":{"line":121,"column":43}},"61":{"start":{"line":122,"column":6},"end":{"line":122,"column":13}},"62":{"start":{"line":126,"column":21},"end":{"line":126,"column":25}},"63":{"start":{"line":128,"column":4},"end":{"line":151,"column":5}},"64":{"start":{"line":130,"column":8},"end":{"line":130,"column":40}},"65":{"start":{"line":131,"column":8},"end":{"line":131,"column":14}},"66":{"start":{"line":133,"column":8},"end":{"line":133,"column":42}},"67":{"start":{"line":134,"column":8},"end":{"line":134,"column":14}},"68":{"start":{"line":136,"column":8},"end":{"line":136,"column":43}},"69":{"start":{"line":137,"column":8},"end":{"line":137,"column":14}},"70":{"start":{"line":139,"column":8},"end":{"line":139,"column":46}},"71":{"start":{"line":140,"column":8},"end":{"line":140,"column":14}},"72":{"start":{"line":142,"column":8},"end":{"line":142,"column":43}},"73":{"start":{"line":143,"column":8},"end":{"line":143,"column":14}},"74":{"start":{"line":145,"column":8},"end":{"line":145,"column":44}},"75":{"start":{"line":146,"column":8},"end":{"line":146,"column":14}},"76":{"start":{"line":149,"column":8},"end":{"line":149,"column":45}},"77":{"start":{"line":150,"column":8},"end":{"line":150,"column":15}},"78":{"start":{"line":153,"column":4},"end":{"line":157,"column":5}},"79":{"start":{"line":154,"column":6},"end":{"line":154,"column":47}},"80":{"start":{"line":155,"column":6},"end":{"line":155,"column":43}},"81":{"start":{"line":156,"column":6},"end":{"line":156,"column":13}},"82":{"start":{"line":159,"column":4},"end":{"line":159,"column":50}},"83":{"start":{"line":162,"column":4},"end":{"line":162,"column":51}},"84":{"start":{"line":163,"column":4},"end":{"line":163,"column":40}},"85":{"start":{"line":165,"column":4},"end":{"line":165,"column":51}},"86":{"start":{"line":166,"column":4},"end":{"line":166,"column":44}},"87":{"start":{"line":170,"column":4},"end":{"line":170,"column":43}},"88":{"start":{"line":171,"column":4},"end":{"line":171,"column":49}},"89":{"start":{"line":174,"column":4},"end":{"line":174,"column":35}},"90":{"start":{"line":175,"column":4},"end":{"line":175,"column":43}},"91":{"start":{"line":176,"column":4},"end":{"line":176,"column":49}},"92":{"start":{"line":179,"column":4},"end":{"line":179,"column":39}},"93":{"start":{"line":181,"column":4},"end":{"line":181,"column":44}},"94":{"start":{"line":185,"column":2},"end":{"line":191,"column":12}},"95":{"start":{"line":186,"column":4},"end":{"line":187,"column":13}},"96":{"start":{"line":187,"column":6},"end":{"line":187,"column":13}},"97":{"start":{"line":189,"column":4},"end":{"line":189,"column":40}},"98":{"start":{"line":190,"column":4},"end":{"line":190,"column":44}},"99":{"start":{"line":194,"column":2},"end":{"line":199,"column":31}},"100":{"start":{"line":195,"column":4},"end":{"line":196,"column":13}},"101":{"start":{"line":196,"column":6},"end":{"line":196,"column":13}},"102":{"start":{"line":198,"column":4},"end":{"line":198,"column":50}},"103":{"start":{"line":202,"column":2},"end":{"line":207,"column":32}},"104":{"start":{"line":203,"column":4},"end":{"line":204,"column":13}},"105":{"start":{"line":204,"column":6},"end":{"line":204,"column":13}},"106":{"start":{"line":206,"column":4},"end":{"line":206,"column":28}},"107":{"start":{"line":210,"column":32},"end":{"line":245,"column":3}},"108":{"start":{"line":211,"column":4},"end":{"line":211,"column":39}},"109":{"start":{"line":211,"column":32},"end":{"line":211,"column":39}},"110":{"start":{"line":213,"column":32},"end":{"line":213,"column":45}},"111":{"start":{"line":215,"column":4},"end":{"line":244,"column":5}},"112":{"start":{"line":217,"column":8},"end":{"line":219,"column":9}},"113":{"start":{"line":218,"column":10},"end":{"line":218,"column":52}},"114":{"start":{"line":220,"column":8},"end":{"line":220,"column":14}},"115":{"start":{"line":222,"column":8},"end":{"line":224,"column":9}},"116":{"start":{"line":223,"column":10},"end":{"line":223,"column":56}},"117":{"start":{"line":225,"column":8},"end":{"line":225,"column":14}},"118":{"start":{"line":227,"column":8},"end":{"line":229,"column":9}},"119":{"start":{"line":228,"column":10},"end":{"line":228,"column":64}},"120":{"start":{"line":230,"column":8},"end":{"line":230,"column":14}},"121":{"start":{"line":232,"column":8},"end":{"line":236,"column":9}},"122":{"start":{"line":233,"column":25},"end":{"line":233,"column":39}},"123":{"start":{"line":234,"column":24},"end":{"line":234,"column":51}},"124":{"start":{"line":235,"column":10},"end":{"line":235,"column":31}},"125":{"start":{"line":237,"column":8},"end":{"line":237,"column":14}},"126":{"start":{"line":240,"column":8},"end":{"line":240,"column":14}},"127":{"start":{"line":243,"column":8},"end":{"line":243,"column":14}},"128":{"start":{"line":248,"column":27},"end":{"line":260,"column":3}},"129":{"start":{"line":249,"column":20},"end":{"line":249,"column":43}},"130":{"start":{"line":250,"column":18},"end":{"line":250,"column":39}},"131":{"start":{"line":251,"column":4},"end":{"line":251,"column":45}},"132":{"start":{"line":253,"column":4},"end":{"line":253,"column":51}},"133":{"start":{"line":254,"column":4},"end":{"line":254,"column":50}},"134":{"start":{"line":256,"column":4},"end":{"line":256,"column":43}},"135":{"start":{"line":257,"column":4},"end":{"line":257,"column":43}},"136":{"start":{"line":259,"column":4},"end":{"line":259,"column":17}},"137":{"start":{"line":263,"column":29},"end":{"line":283,"column":3}},"138":{"start":{"line":264,"column":20},"end":{"line":264,"column":43}},"139":{"start":{"line":265,"column":22},"end":{"line":265,"column":47}},"140":{"start":{"line":268,"column":26},"end":{"line":268,"column":40}},"141":{"start":{"line":269,"column":20},"end":{"line":269,"column":78}},"142":{"start":{"line":272,"column":4},"end":{"line":279,"column":5}},"143":{"start":{"line":272,"column":23},"end":{"line":272,"column":24}},"144":{"start":{"line":273,"column":26},"end":{"line":273,"column":57}},"145":{"start":{"line":274,"column":6},"end":{"line":278,"column":7}},"146":{"start":{"line":274,"column":19},"end":{"line":274,"column":20}},"147":{"start":{"line":275,"column":8},"end":{"line":277,"column":58}},"148":{"start":{"line":281,"column":4},"end":{"line":281,"column":31}},"149":{"start":{"line":282,"column":4},"end":{"line":282,"column":21}},"150":{"start":{"line":286,"column":30},"end":{"line":304,"column":3}},"151":{"start":{"line":287,"column":20},"end":{"line":287,"column":43}},"152":{"start":{"line":288,"column":18},"end":{"line":288,"column":39}},"153":{"start":{"line":289,"column":18},"end":{"line":289,"column":33}},"154":{"start":{"line":290,"column":4},"end":{"line":290,"column":34}},"155":{"start":{"line":293,"column":16},"end":{"line":293,"column":42}},"156":{"start":{"line":294,"column":20},"end":{"line":294,"column":40}},"157":{"start":{"line":296,"column":4},"end":{"line":296,"column":30}},"158":{"start":{"line":297,"column":4},"end":{"line":297,"column":35}},"159":{"start":{"line":299,"column":4},"end":{"line":299,"column":25}},"160":{"start":{"line":300,"column":4},"end":{"line":300,"column":37}},"161":{"start":{"line":301,"column":4},"end":{"line":301,"column":17}},"162":{"start":{"line":303,"column":4},"end":{"line":303,"column":17}},"163":{"start":{"line":307,"column":30},"end":{"line":318,"column":3}},"164":{"start":{"line":308,"column":20},"end":{"line":308,"column":25}},"165":{"start":{"line":309,"column":18},"end":{"line":309,"column":43}},"166":{"start":{"line":310,"column":16},"end":{"line":310,"column":29}},"167":{"start":{"line":312,"column":4},"end":{"line":316,"column":5}},"168":{"start":{"line":312,"column":17},"end":{"line":312,"column":18}},"169":{"start":{"line":313,"column":16},"end":{"line":313,"column":37}},"170":{"start":{"line":314,"column":6},"end":{"line":315,"column":73}},"171":{"start":{"line":317,"column":4},"end":{"line":317,"column":17}},"172":{"start":{"line":321,"column":33},"end":{"line":328,"column":3}},"173":{"start":{"line":322,"column":20},"end":{"line":322,"column":43}},"174":{"start":{"line":323,"column":23},"end":{"line":323,"column":49}},"175":{"start":{"line":324,"column":19},"end":{"line":324,"column":33}},"176":{"start":{"line":325,"column":4},"end":{"line":325,"column":51}},"177":{"start":{"line":326,"column":4},"end":{"line":326,"column":33}},"178":{"start":{"line":327,"column":4},"end":{"line":327,"column":22}},"179":{"start":{"line":331,"column":30},"end":{"line":338,"column":3}},"180":{"start":{"line":332,"column":20},"end":{"line":332,"column":43}},"181":{"start":{"line":333,"column":19},"end":{"line":333,"column":47}},"182":{"start":{"line":334,"column":4},"end":{"line":334,"column":28}},"183":{"start":{"line":335,"column":4},"end":{"line":335,"column":50}},"184":{"start":{"line":336,"column":4},"end":{"line":336,"column":23}},"185":{"start":{"line":337,"column":4},"end":{"line":337,"column":18}},"186":{"start":{"line":341,"column":31},"end":{"line":348,"column":3}},"187":{"start":{"line":342,"column":20},"end":{"line":342,"column":43}},"188":{"start":{"line":343,"column":19},"end":{"line":343,"column":47}},"189":{"start":{"line":344,"column":4},"end":{"line":344,"column":29}},"190":{"start":{"line":345,"column":4},"end":{"line":345,"column":58}},"191":{"start":{"line":346,"column":4},"end":{"line":346,"column":23}},"192":{"start":{"line":347,"column":4},"end":{"line":347,"column":18}},"193":{"start":{"line":350,"column":2},"end":{"line":416,"column":4}},"194":{"start":{"line":358,"column":10},"end":{"line":371,"column":19}},"195":{"start":{"line":367,"column":14},"end":{"line":367,"column":76}},"196":{"start":{"line":384,"column":36},"end":{"line":384,"column":57}},"197":{"start":{"line":386,"column":35},"end":{"line":386,"column":54}},"198":{"start":{"line":395,"column":36},"end":{"line":395,"column":57}},"199":{"start":{"line":397,"column":35},"end":{"line":397,"column":48}},"200":{"start":{"line":407,"column":38},"end":{"line":407,"column":59}},"201":{"start":{"line":409,"column":37},"end":{"line":409,"column":55}},"202":{"start":{"line":419,"column":15},"end":{"line":464,"column":1}}},"fnMap":{"0":{"name":"(anonymous_0)","decl":{"start":{"line":4,"column":21},"end":{"line":4,"column":22}},"loc":{"start":{"line":4,"column":39},"end":{"line":417,"column":1}},"line":4},"1":{"name":"(anonymous_1)","decl":{"start":{"line":31,"column":12},"end":{"line":31,"column":13}},"loc":{"start":{"line":31,"column":18},"end":{"line":81,"column":3}},"line":31},"2":{"name":"(anonymous_2)","decl":{"start":{"line":84,"column":12},"end":{"line":84,"column":13}},"loc":{"start":{"line":84,"column":18},"end":{"line":182,"column":3}},"line":84},"3":{"name":"(anonymous_3)","decl":{"start":{"line":185,"column":12},"end":{"line":185,"column":13}},"loc":{"start":{"line":185,"column":18},"end":{"line":191,"column":3}},"line":185},"4":{"name":"(anonymous_4)","decl":{"start":{"line":194,"column":12},"end":{"line":194,"column":13}},"loc":{"start":{"line":194,"column":18},"end":{"line":199,"column":3}},"line":194},"5":{"name":"(anonymous_5)","decl":{"start":{"line":202,"column":12},"end":{"line":202,"column":13}},"loc":{"start":{"line":202,"column":18},"end":{"line":207,"column":3}},"line":202},"6":{"name":"(anonymous_6)","decl":{"start":{"line":210,"column":32},"end":{"line":210,"column":33}},"loc":{"start":{"line":210,"column":38},"end":{"line":245,"column":3}},"line":210},"7":{"name":"(anonymous_7)","decl":{"start":{"line":248,"column":27},"end":{"line":248,"column":28}},"loc":{"start":{"line":248,"column":33},"end":{"line":260,"column":3}},"line":248},"8":{"name":"(anonymous_8)","decl":{"start":{"line":263,"column":29},"end":{"line":263,"column":30}},"loc":{"start":{"line":263,"column":35},"end":{"line":283,"column":3}},"line":263},"9":{"name":"(anonymous_9)","decl":{"start":{"line":286,"column":30},"end":{"line":286,"column":31}},"loc":{"start":{"line":286,"column":36},"end":{"line":304,"column":3}},"line":286},"10":{"name":"(anonymous_10)","decl":{"start":{"line":307,"column":30},"end":{"line":307,"column":31}},"loc":{"start":{"line":307,"column":42},"end":{"line":318,"column":3}},"line":307},"11":{"name":"(anonymous_11)","decl":{"start":{"line":321,"column":33},"end":{"line":321,"column":34}},"loc":{"start":{"line":321,"column":39},"end":{"line":328,"column":3}},"line":321},"12":{"name":"(anonymous_12)","decl":{"start":{"line":331,"column":30},"end":{"line":331,"column":31}},"loc":{"start":{"line":331,"column":36},"end":{"line":338,"column":3}},"line":331},"13":{"name":"(anonymous_13)","decl":{"start":{"line":341,"column":31},"end":{"line":341,"column":32}},"loc":{"start":{"line":341,"column":37},"end":{"line":348,"column":3}},"line":341},"14":{"name":"(anonymous_14)","decl":{"start":{"line":357,"column":21},"end":{"line":357,"column":22}},"loc":{"start":{"line":358,"column":10},"end":{"line":371,"column":19}},"line":358},"15":{"name":"(anonymous_15)","decl":{"start":{"line":366,"column":21},"end":{"line":366,"column":22}},"loc":{"start":{"line":367,"column":14},"end":{"line":367,"column":76}},"line":367},"16":{"name":"(anonymous_16)","decl":{"start":{"line":384,"column":29},"end":{"line":384,"column":30}},"loc":{"start":{"line":384,"column":36},"end":{"line":384,"column":57}},"line":384},"17":{"name":"(anonymous_17)","decl":{"start":{"line":386,"column":24},"end":{"line":386,"column":25}},"loc":{"start":{"line":386,"column":35},"end":{"line":386,"column":54}},"line":386},"18":{"name":"(anonymous_18)","decl":{"start":{"line":395,"column":29},"end":{"line":395,"column":30}},"loc":{"start":{"line":395,"column":36},"end":{"line":395,"column":57}},"line":395},"19":{"name":"(anonymous_19)","decl":{"start":{"line":397,"column":24},"end":{"line":397,"column":25}},"loc":{"start":{"line":397,"column":35},"end":{"line":397,"column":48}},"line":397},"20":{"name":"(anonymous_20)","decl":{"start":{"line":407,"column":31},"end":{"line":407,"column":32}},"loc":{"start":{"line":407,"column":38},"end":{"line":407,"column":59}},"line":407},"21":{"name":"(anonymous_21)","decl":{"start":{"line":409,"column":26},"end":{"line":409,"column":27}},"loc":{"start":{"line":409,"column":37},"end":{"line":409,"column":55}},"line":409}},"branchMap":{"0":{"loc":{"start":{"line":32,"column":4},"end":{"line":32,"column":61}},"type":"if","locations":[{"start":{"line":32,"column":4},"end":{"line":32,"column":61}},{"start":{},"end":{}}],"line":32},"1":{"loc":{"start":{"line":32,"column":8},"end":{"line":32,"column":52}},"type":"binary-expr","locations":[{"start":{"line":32,"column":8},"end":{"line":32,"column":26}},{"start":{"line":32,"column":30},"end":{"line":32,"column":52}}],"line":32},"2":{"loc":{"start":{"line":38,"column":6},"end":{"line":66,"column":7}},"type":"if","locations":[{"start":{"line":38,"column":6},"end":{"line":66,"column":7}},{"start":{"line":45,"column":13},"end":{"line":66,"column":7}}],"line":38},"3":{"loc":{"start":{"line":47,"column":39},"end":{"line":48,"column":35}},"type":"binary-expr","locations":[{"start":{"line":47,"column":39},"end":{"line":47,"column":58}},{"start":{"line":48,"column":10},"end":{"line":48,"column":35}}],"line":47},"4":{"loc":{"start":{"line":85,"column":4},"end":{"line":85,"column":40}},"type":"if","locations":[{"start":{"line":85,"column":4},"end":{"line":85,"column":40}},{"start":{},"end":{}}],"line":85},"5":{"loc":{"start":{"line":87,"column":34},"end":{"line":87,"column":56}},"type":"binary-expr","locations":[{"start":{"line":87,"column":34},"end":{"line":87,"column":46}},{"start":{"line":87,"column":50},"end":{"line":87,"column":56}}],"line":87},"6":{"loc":{"start":{"line":94,"column":29},"end":{"line":96,"column":43}},"type":"cond-expr","locations":[{"start":{"line":95,"column":8},"end":{"line":95,"column":31}},{"start":{"line":96,"column":8},"end":{"line":96,"column":43}}],"line":94},"7":{"loc":{"start":{"line":99,"column":4},"end":{"line":116,"column":5}},"type":"if","locations":[{"start":{"line":99,"column":4},"end":{"line":116,"column":5}},{"start":{"line":113,"column":11},"end":{"line":116,"column":5}}],"line":99},"8":{"loc":{"start":{"line":107,"column":6},"end":{"line":110,"column":7}},"type":"if","locations":[{"start":{"line":107,"column":6},"end":{"line":110,"column":7}},{"start":{},"end":{}}],"line":107},"9":{"loc":{"start":{"line":119,"column":4},"end":{"line":123,"column":5}},"type":"if","locations":[{"start":{"line":119,"column":4},"end":{"line":123,"column":5}},{"start":{},"end":{}}],"line":119},"10":{"loc":{"start":{"line":128,"column":4},"end":{"line":151,"column":5}},"type":"switch","locations":[{"start":{"line":129,"column":6},"end":{"line":131,"column":14}},{"start":{"line":132,"column":6},"end":{"line":134,"column":14}},{"start":{"line":135,"column":6},"end":{"line":137,"column":14}},{"start":{"line":138,"column":6},"end":{"line":140,"column":14}},{"start":{"line":141,"column":6},"end":{"line":143,"column":14}},{"start":{"line":144,"column":6},"end":{"line":146,"column":14}},{"start":{"line":147,"column":6},"end":{"line":150,"column":15}}],"line":128},"11":{"loc":{"start":{"line":153,"column":4},"end":{"line":157,"column":5}},"type":"if","locations":[{"start":{"line":153,"column":4},"end":{"line":157,"column":5}},{"start":{},"end":{}}],"line":153},"12":{"loc":{"start":{"line":186,"column":4},"end":{"line":187,"column":13}},"type":"if","locations":[{"start":{"line":186,"column":4},"end":{"line":187,"column":13}},{"start":{},"end":{}}],"line":186},"13":{"loc":{"start":{"line":186,"column":8},"end":{"line":186,"column":77}},"type":"binary-expr","locations":[{"start":{"line":186,"column":8},"end":{"line":186,"column":31}},{"start":{"line":186,"column":35},"end":{"line":186,"column":54}},{"start":{"line":186,"column":58},"end":{"line":186,"column":77}}],"line":186},"14":{"loc":{"start":{"line":195,"column":4},"end":{"line":196,"column":13}},"type":"if","locations":[{"start":{"line":195,"column":4},"end":{"line":196,"column":13}},{"start":{},"end":{}}],"line":195},"15":{"loc":{"start":{"line":195,"column":8},"end":{"line":195,"column":76}},"type":"binary-expr","locations":[{"start":{"line":195,"column":8},"end":{"line":195,"column":31}},{"start":{"line":195,"column":35},"end":{"line":195,"column":48}},{"start":{"line":195,"column":52},"end":{"line":195,"column":76}}],"line":195},"16":{"loc":{"start":{"line":203,"column":4},"end":{"line":204,"column":13}},"type":"if","locations":[{"start":{"line":203,"column":4},"end":{"line":204,"column":13}},{"start":{},"end":{}}],"line":203},"17":{"loc":{"start":{"line":203,"column":8},"end":{"line":203,"column":74}},"type":"binary-expr","locations":[{"start":{"line":203,"column":8},"end":{"line":203,"column":31}},{"start":{"line":203,"column":35},"end":{"line":203,"column":48}},{"start":{"line":203,"column":52},"end":{"line":203,"column":74}}],"line":203},"18":{"loc":{"start":{"line":211,"column":4},"end":{"line":211,"column":39}},"type":"if","locations":[{"start":{"line":211,"column":4},"end":{"line":211,"column":39}},{"start":{},"end":{}}],"line":211},"19":{"loc":{"start":{"line":215,"column":4},"end":{"line":244,"column":5}},"type":"switch","locations":[{"start":{"line":216,"column":6},"end":{"line":220,"column":14}},{"start":{"line":221,"column":6},"end":{"line":225,"column":14}},{"start":{"line":226,"column":6},"end":{"line":230,"column":14}},{"start":{"line":231,"column":6},"end":{"line":237,"column":14}},{"start":{"line":238,"column":6},"end":{"line":240,"column":14}},{"start":{"line":241,"column":6},"end":{"line":243,"column":14}}],"line":215},"20":{"loc":{"start":{"line":217,"column":8},"end":{"line":219,"column":9}},"type":"if","locations":[{"start":{"line":217,"column":8},"end":{"line":219,"column":9}},{"start":{},"end":{}}],"line":217},"21":{"loc":{"start":{"line":222,"column":8},"end":{"line":224,"column":9}},"type":"if","locations":[{"start":{"line":222,"column":8},"end":{"line":224,"column":9}},{"start":{},"end":{}}],"line":222},"22":{"loc":{"start":{"line":227,"column":8},"end":{"line":229,"column":9}},"type":"if","locations":[{"start":{"line":227,"column":8},"end":{"line":229,"column":9}},{"start":{},"end":{}}],"line":227},"23":{"loc":{"start":{"line":232,"column":8},"end":{"line":236,"column":9}},"type":"if","locations":[{"start":{"line":232,"column":8},"end":{"line":236,"column":9}},{"start":{},"end":{}}],"line":232},"24":{"loc":{"start":{"line":363,"column":16},"end":{"line":363,"column":66}},"type":"cond-expr","locations":[{"start":{"line":363,"column":45},"end":{"line":363,"column":57}},{"start":{"line":363,"column":60},"end":{"line":363,"column":66}}],"line":363},"25":{"loc":{"start":{"line":364,"column":21},"end":{"line":364,"column":65}},"type":"cond-expr","locations":[{"start":{"line":364,"column":50},"end":{"line":364,"column":56}},{"start":{"line":364,"column":59},"end":{"line":364,"column":65}}],"line":364},"26":{"loc":{"start":{"line":367,"column":30},"end":{"line":367,"column":75}},"type":"cond-expr","locations":[{"start":{"line":367,"column":59},"end":{"line":367,"column":63}},{"start":{"line":367,"column":66},"end":{"line":367,"column":75}}],"line":367},"27":{"loc":{"start":{"line":375,"column":7},"end":{"line":414,"column":7}},"type":"binary-expr","locations":[{"start":{"line":375,"column":7},"end":{"line":375,"column":19}},{"start":{"line":376,"column":8},"end":{"line":413,"column":14}}],"line":375},"28":{"loc":{"start":{"line":384,"column":16},"end":{"line":384,"column":78}},"type":"binary-expr","locations":[{"start":{"line":384,"column":16},"end":{"line":384,"column":65}},{"start":{"line":384,"column":69},"end":{"line":384,"column":78}}],"line":384},"29":{"loc":{"start":{"line":395,"column":16},"end":{"line":395,"column":78}},"type":"binary-expr","locations":[{"start":{"line":395,"column":16},"end":{"line":395,"column":65}},{"start":{"line":395,"column":69},"end":{"line":395,"column":78}}],"line":395},"30":{"loc":{"start":{"line":400,"column":13},"end":{"line":411,"column":13}},"type":"binary-expr","locations":[{"start":{"line":400,"column":14},"end":{"line":400,"column":37}},{"start":{"line":400,"column":41},"end":{"line":400,"column":66}},{"start":{"line":401,"column":14},"end":{"line":410,"column":16}}],"line":400},"31":{"loc":{"start":{"line":407,"column":18},"end":{"line":407,"column":80}},"type":"binary-expr","locations":[{"start":{"line":407,"column":18},"end":{"line":407,"column":67}},{"start":{"line":407,"column":71},"end":{"line":407,"column":80}}],"line":407}},"s":{"0":1,"1":0,"2":0,"3":0,"4":0,"5":0,"6":0,"7":0,"8":0,"9":0,"10":0,"11":0,"12":0,"13":0,"14":0,"15":0,"16":0,"17":0,"18":0,"19":0,"20":0,"21":0,"22":0,"23":0,"24":0,"25":0,"26":0,"27":0,"28":0,"29":0,"30":0,"31":0,"32":0,"33":0,"34":0,"35":0,"36":0,"37":0,"38":0,"39":0,"40":0,"41":0,"42":0,"43":0,"44":0,"45":0,"46":0,"47":0,"48":0,"49":0,"50":0,"51":0,"52":0,"53":0,"54":0,"55":0,"56":0,"57":0,"58":0,"59":0,"60":0,"61":0,"62":0,"63":0,"64":0,"65":0,"66":0,"67":0,"68":0,"69":0,"70":0,"71":0,"72":0,"73":0,"74":0,"75":0,"76":0,"77":0,"78":0,"79":0,"80":0,"81":0,"82":0,"83":0,"84":0,"85":0,"86":0,"87":0,"88":0,"89":0,"90":0,"91":0,"92":0,"93":0,"94":0,"95":0,"96":0,"97":0,"98":0,"99":0,"100":0,"101":0,"102":0,"103":0,"104":0,"105":0,"106":0,"107":0,"108":0,"109":0,"110":0,"111":0,"112":0,"113":0,"114":0,"115":0,"116":0,"117":0,"118":0,"119":0,"120":0,"121":0,"122":0,"123":0,"124":0,"125":0,"126":0,"127":0,"128":0,"129":0,"130":0,"131":0,"132":0,"133":0,"134":0,"135":0,"136":0,"137":0,"138":0,"139":0,"140":0,"141":0,"142":0,"143":0,"144":0,"145":0,"146":0,"147":0,"148":0,"149":0,"150":0,"151":0,"152":0,"153":0,"154":0,"155":0,"156":0,"157":0,"158":0,"159":0,"160":0,"161":0,"162":0,"163":0,"164":0,"165":0,"166":0,"167":0,"168":0,"169":0,"170":0,"171":0,"172":0,"173":0,"174":0,"175":0,"176":0,"177":0,"178":0,"179":0,"180":0,"181":0,"182":0,"183":0,"184":0,"185":0,"186":0,"187":0,"188":0,"189":0,"190":0,"191":0,"192":0,"193":0,"194":0,"195":0,"196":0,"197":0,"198":0,"199":0,"200":0,"201":0,"202":1},"f":{"0":0,"1":0,"2":0,"3":0,"4":0,"5":0,"6":0,"7":0,"8":0,"9":0,"10":0,"11":0,"12":0,"13":0,"14":0,"15":0,"16":0,"17":0,"18":0,"19":0,"20":0,"21":0},"b":{"0":[0,0],"1":[0,0],"2":[0,0],"3":[0,0],"4":[0,0],"5":[0,0],"6":[0,0],"7":[0,0],"8":[0,0],"9":[0,0],"10":[0,0,0,0,0,0,0],"11":[0,0],"12":[0,0],"13":[0,0,0],"14":[0,0],"15":[0,0,0],"16":[0,0],"17":[0,0,0],"18":[0,0],"19":[0,0,0,0,0,0],"20":[0,0],"21":[0,0],"22":[0,0],"23":[0,0],"24":[0,0],"25":[0,0],"26":[0,0],"27":[0,0],"28":[0,0],"29":[0,0],"30":[0,0,0],"31":[0,0]},"_coverageSchema":"1a1c01bbd47fc00a2c39e90264f33305004495a9","hash":"e5e5532d21e0d094503d605a7295e7734eac5338"}
,"D:\\Study Material\\Semester 6\\Software Engineering\\Project_2\\Flux\\frontend\\myapp\\src\\components\\ControlButtons.js": {"path":"D:\\Study Material\\Semester 6\\Software Engineering\\Project_2\\Flux\\frontend\\myapp\\src\\components\\ControlButtons.js","statementMap":{"0":{"start":{"line":8,"column":23},"end":{"line":126,"column":1}},"1":{"start":{"line":9,"column":36},"end":{"line":9,"column":51}},"2":{"start":{"line":10,"column":36},"end":{"line":10,"column":48}},"3":{"start":{"line":11,"column":42},"end":{"line":11,"column":53}},"4":{"start":{"line":12,"column":40},"end":{"line":12,"column":54}},"5":{"start":{"line":13,"column":40},"end":{"line":13,"column":55}},"6":{"start":{"line":14,"column":26},"end":{"line":14,"column":67}},"7":{"start":{"line":15,"column":40},"end":{"line":15,"column":51}},"8":{"start":{"line":16,"column":60},"end":{"line":16,"column":75}},"9":{"start":{"line":18,"column":2},"end":{"line":40,"column":17}},"10":{"start":{"line":19,"column":4},"end":{"line":19,"column":35}},"11":{"start":{"line":19,"column":28},"end":{"line":19,"column":35}},"12":{"start":{"line":21,"column":29},"end":{"line":23,"column":5}},"13":{"start":{"line":22,"column":6},"end":{"line":22,"column":51}},"14":{"start":{"line":25,"column":28},"end":{"line":27,"column":5}},"15":{"start":{"line":26,"column":6},"end":{"line":26,"column":45}},"16":{"start":{"line":29,"column":4},"end":{"line":29,"column":70}},"17":{"start":{"line":30,"column":4},"end":{"line":30,"column":63}},"18":{"start":{"line":31,"column":4},"end":{"line":31,"column":64}},"19":{"start":{"line":33,"column":4},"end":{"line":39,"column":6}},"20":{"start":{"line":34,"column":6},"end":{"line":38,"column":7}},"21":{"start":{"line":35,"column":8},"end":{"line":35,"column":77}},"22":{"start":{"line":36,"column":8},"end":{"line":36,"column":70}},"23":{"start":{"line":37,"column":8},"end":{"line":37,"column":71}},"24":{"start":{"line":42,"column":26},"end":{"line":50,"column":3}},"25":{"start":{"line":43,"column":4},"end":{"line":49,"column":5}},"26":{"start":{"line":44,"column":6},"end":{"line":48,"column":7}},"27":{"start":{"line":45,"column":8},"end":{"line":45,"column":32}},"28":{"start":{"line":47,"column":8},"end":{"line":47,"column":33}},"29":{"start":{"line":53,"column":21},"end":{"line":57,"column":3}},"30":{"start":{"line":54,"column":17},"end":{"line":54,"column":41}},"31":{"start":{"line":55,"column":17},"end":{"line":55,"column":41}},"32":{"start":{"line":56,"column":4},"end":{"line":56,"column":52}},"33":{"start":{"line":59,"column":2},"end":{"line":125,"column":4}},"34":{"start":{"line":88,"column":25},"end":{"line":88,"column":53}},"35":{"start":{"line":114,"column":29},"end":{"line":114,"column":72}},"36":{"start":{"line":128,"column":15},"end":{"line":195,"column":1}}},"fnMap":{"0":{"name":"(anonymous_0)","decl":{"start":{"line":8,"column":23},"end":{"line":8,"column":24}},"loc":{"start":{"line":8,"column":41},"end":{"line":126,"column":1}},"line":8},"1":{"name":"(anonymous_1)","decl":{"start":{"line":18,"column":12},"end":{"line":18,"column":13}},"loc":{"start":{"line":18,"column":18},"end":{"line":40,"column":3}},"line":18},"2":{"name":"(anonymous_2)","decl":{"start":{"line":21,"column":29},"end":{"line":21,"column":30}},"loc":{"start":{"line":21,"column":35},"end":{"line":23,"column":5}},"line":21},"3":{"name":"(anonymous_3)","decl":{"start":{"line":25,"column":28},"end":{"line":25,"column":29}},"loc":{"start":{"line":25,"column":34},"end":{"line":27,"column":5}},"line":25},"4":{"name":"(anonymous_4)","decl":{"start":{"line":33,"column":11},"end":{"line":33,"column":12}},"loc":{"start":{"line":33,"column":17},"end":{"line":39,"column":5}},"line":33},"5":{"name":"(anonymous_5)","decl":{"start":{"line":42,"column":26},"end":{"line":42,"column":27}},"loc":{"start":{"line":42,"column":32},"end":{"line":50,"column":3}},"line":42},"6":{"name":"(anonymous_6)","decl":{"start":{"line":53,"column":21},"end":{"line":53,"column":22}},"loc":{"start":{"line":53,"column":34},"end":{"line":57,"column":3}},"line":53},"7":{"name":"(anonymous_7)","decl":{"start":{"line":88,"column":19},"end":{"line":88,"column":20}},"loc":{"start":{"line":88,"column":25},"end":{"line":88,"column":53}},"line":88},"8":{"name":"(anonymous_8)","decl":{"start":{"line":114,"column":22},"end":{"line":114,"column":23}},"loc":{"start":{"line":114,"column":29},"end":{"line":114,"column":72}},"line":114}},"branchMap":{"0":{"loc":{"start":{"line":19,"column":4},"end":{"line":19,"column":35}},"type":"if","locations":[{"start":{"line":19,"column":4},"end":{"line":19,"column":35}},{"start":{},"end":{}}],"line":19},"1":{"loc":{"start":{"line":34,"column":6},"end":{"line":38,"column":7}},"type":"if","locations":[{"start":{"line":34,"column":6},"end":{"line":38,"column":7}},{"start":{},"end":{}}],"line":34},"2":{"loc":{"start":{"line":43,"column":4},"end":{"line":49,"column":5}},"type":"if","locations":[{"start":{"line":43,"column":4},"end":{"line":49,"column":5}},{"start":{},"end":{}}],"line":43},"3":{"loc":{"start":{"line":44,"column":6},"end":{"line":48,"column":7}},"type":"if","locations":[{"start":{"line":44,"column":6},"end":{"line":48,"column":7}},{"start":{"line":46,"column":13},"end":{"line":48,"column":7}}],"line":44},"4":{"loc":{"start":{"line":56,"column":22},"end":{"line":56,"column":42}},"type":"cond-expr","locations":[{"start":{"line":56,"column":34},"end":{"line":56,"column":37}},{"start":{"line":56,"column":40},"end":{"line":56,"column":42}}],"line":56},"5":{"loc":{"start":{"line":64,"column":11},"end":{"line":64,"column":32}},"type":"cond-expr","locations":[{"start":{"line":64,"column":23},"end":{"line":64,"column":26}},{"start":{"line":64,"column":29},"end":{"line":64,"column":32}}],"line":64},"6":{"loc":{"start":{"line":84,"column":24},"end":{"line":86,"column":22}},"type":"cond-expr","locations":[{"start":{"line":85,"column":16},"end":{"line":85,"column":58}},{"start":{"line":86,"column":16},"end":{"line":86,"column":22}}],"line":84},"7":{"loc":{"start":{"line":95,"column":7},"end":{"line":100,"column":7}},"type":"binary-expr","locations":[{"start":{"line":95,"column":7},"end":{"line":95,"column":28}},{"start":{"line":96,"column":8},"end":{"line":99,"column":10}}],"line":95},"8":{"loc":{"start":{"line":123,"column":7},"end":{"line":123,"column":70}},"type":"binary-expr","locations":[{"start":{"line":123,"column":7},"end":{"line":123,"column":18}},{"start":{"line":123,"column":22},"end":{"line":123,"column":30}},{"start":{"line":123,"column":34},"end":{"line":123,"column":70}}],"line":123}},"s":{"0":1,"1":8,"2":8,"3":8,"4":8,"5":8,"6":8,"7":8,"8":8,"9":8,"10":4,"11":0,"12":4,"13":0,"14":4,"15":0,"16":4,"17":4,"18":4,"19":4,"20":4,"21":4,"22":4,"23":4,"24":8,"25":0,"26":0,"27":0,"28":0,"29":8,"30":8,"31":8,"32":8,"33":8,"34":2,"35":1,"36":1},"f":{"0":8,"1":4,"2":0,"3":0,"4":4,"5":0,"6":8,"7":2,"8":1},"b":{"0":[0,4],"1":[4,0],"2":[0,0],"3":[0,0],"4":[8,0],"5":[0,8],"6":[1,7],"7":[8,1],"8":[8,1,1]},"_coverageSchema":"1a1c01bbd47fc00a2c39e90264f33305004495a9","hash":"1edaac21d3bbab2abbb0a3a1e7e7b42e739815cb"}
,"D:\\Study Material\\Semester 6\\Software Engineering\\Project_2\\Flux\\frontend\\myapp\\src\\components\\CuePointsManager.js": {"path":"D:\\Study Material\\Semester 6\\Software Engineering\\Project_2\\Flux\\frontend\\myapp\\src\\components\\CuePointsManager.js","statementMap":{"0":{"start":{"line":3,"column":25},"end":{"line":206,"column":1}},"1":{"start":{"line":26,"column":34},"end":{"line":26,"column":48}},"2":{"start":{"line":27,"column":21},"end":{"line":27,"column":33}},"3":{"start":{"line":30,"column":29},"end":{"line":34,"column":3}},"4":{"start":{"line":31,"column":4},"end":{"line":33,"column":5}},"5":{"start":{"line":32,"column":6},"end":{"line":32,"column":48}},"6":{"start":{"line":37,"column":22},"end":{"line":47,"column":3}},"7":{"start":{"line":38,"column":4},"end":{"line":46,"column":5}},"8":{"start":{"line":39,"column":21},"end":{"line":43,"column":7}},"9":{"start":{"line":44,"column":6},"end":{"line":44,"column":43}},"10":{"start":{"line":45,"column":6},"end":{"line":45,"column":39}},"11":{"start":{"line":50,"column":23},"end":{"line":63,"column":3}},"12":{"start":{"line":51,"column":4},"end":{"line":62,"column":5}},"13":{"start":{"line":53,"column":6},"end":{"line":53,"column":24}},"14":{"start":{"line":54,"column":6},"end":{"line":54,"column":28}},"15":{"start":{"line":57,"column":6},"end":{"line":61,"column":7}},"16":{"start":{"line":58,"column":8},"end":{"line":60,"column":61}},"17":{"start":{"line":60,"column":24},"end":{"line":60,"column":59}},"18":{"start":{"line":66,"column":29},"end":{"line":71,"column":3}},"19":{"start":{"line":67,"column":4},"end":{"line":70,"column":5}},"20":{"start":{"line":69,"column":6},"end":{"line":69,"column":28}},"21":{"start":{"line":74,"column":25},"end":{"line":85,"column":3}},"22":{"start":{"line":75,"column":4},"end":{"line":77,"column":5}},"23":{"start":{"line":76,"column":6},"end":{"line":76,"column":30}},"24":{"start":{"line":79,"column":24},"end":{"line":79,"column":64}},"25":{"start":{"line":79,"column":50},"end":{"line":79,"column":63}},"26":{"start":{"line":80,"column":4},"end":{"line":80,"column":30}},"27":{"start":{"line":82,"column":4},"end":{"line":84,"column":5}},"28":{"start":{"line":83,"column":6},"end":{"line":83,"column":27}},"29":{"start":{"line":88,"column":34},"end":{"line":92,"column":3}},"30":{"start":{"line":89,"column":4},"end":{"line":91,"column":5}},"31":{"start":{"line":90,"column":6},"end":{"line":90,"column":55}},"32":{"start":{"line":94,"column":2},"end":{"line":205,"column":4}},"33":{"start":{"line":161,"column":14},"end":{"line":180,"column":20}},"34":{"start":{"line":167,"column":31},"end":{"line":167,"column":60}},"35":{"start":{"line":175,"column":34},"end":{"line":175,"column":59}},"36":{"start":{"line":197,"column":31},"end":{"line":197,"column":72}},"37":{"start":{"line":208,"column":15},"end":{"line":357,"column":1}}},"fnMap":{"0":{"name":"(anonymous_0)","decl":{"start":{"line":3,"column":25},"end":{"line":3,"column":26}},"loc":{"start":{"line":25,"column":6},"end":{"line":206,"column":1}},"line":25},"1":{"name":"(anonymous_1)","decl":{"start":{"line":30,"column":29},"end":{"line":30,"column":30}},"loc":{"start":{"line":30,"column":35},"end":{"line":34,"column":3}},"line":30},"2":{"name":"(anonymous_2)","decl":{"start":{"line":37,"column":22},"end":{"line":37,"column":23}},"loc":{"start":{"line":37,"column":28},"end":{"line":47,"column":3}},"line":37},"3":{"name":"(anonymous_3)","decl":{"start":{"line":50,"column":23},"end":{"line":50,"column":24}},"loc":{"start":{"line":50,"column":40},"end":{"line":63,"column":3}},"line":50},"4":{"name":"(anonymous_4)","decl":{"start":{"line":60,"column":17},"end":{"line":60,"column":18}},"loc":{"start":{"line":60,"column":24},"end":{"line":60,"column":59}},"line":60},"5":{"name":"(anonymous_5)","decl":{"start":{"line":66,"column":29},"end":{"line":66,"column":30}},"loc":{"start":{"line":66,"column":35},"end":{"line":71,"column":3}},"line":66},"6":{"name":"(anonymous_6)","decl":{"start":{"line":74,"column":25},"end":{"line":74,"column":26}},"loc":{"start":{"line":74,"column":40},"end":{"line":85,"column":3}},"line":74},"7":{"name":"(anonymous_7)","decl":{"start":{"line":79,"column":41},"end":{"line":79,"column":42}},"loc":{"start":{"line":79,"column":50},"end":{"line":79,"column":63}},"line":79},"8":{"name":"(anonymous_8)","decl":{"start":{"line":88,"column":34},"end":{"line":88,"column":35}},"loc":{"start":{"line":88,"column":40},"end":{"line":92,"column":3}},"line":88},"9":{"name":"(anonymous_9)","decl":{"start":{"line":160,"column":26},"end":{"line":160,"column":27}},"loc":{"start":{"line":161,"column":14},"end":{"line":180,"column":20}},"line":161},"10":{"name":"(anonymous_10)","decl":{"start":{"line":167,"column":25},"end":{"line":167,"column":26}},"loc":{"start":{"line":167,"column":31},"end":{"line":167,"column":60}},"line":167},"11":{"name":"(anonymous_11)","decl":{"start":{"line":175,"column":27},"end":{"line":175,"column":28}},"loc":{"start":{"line":175,"column":34},"end":{"line":175,"column":59}},"line":175},"12":{"name":"(anonymous_12)","decl":{"start":{"line":197,"column":24},"end":{"line":197,"column":25}},"loc":{"start":{"line":197,"column":31},"end":{"line":197,"column":72}},"line":197}},"branchMap":{"0":{"loc":{"start":{"line":23,"column":2},"end":{"line":23,"column":31}},"type":"default-arg","locations":[{"start":{"line":23,"column":26},"end":{"line":23,"column":31}}],"line":23},"1":{"loc":{"start":{"line":31,"column":4},"end":{"line":33,"column":5}},"type":"if","locations":[{"start":{"line":31,"column":4},"end":{"line":33,"column":5}},{"start":{},"end":{}}],"line":31},"2":{"loc":{"start":{"line":38,"column":4},"end":{"line":46,"column":5}},"type":"if","locations":[{"start":{"line":38,"column":4},"end":{"line":46,"column":5}},{"start":{},"end":{}}],"line":38},"3":{"loc":{"start":{"line":51,"column":4},"end":{"line":62,"column":5}},"type":"if","locations":[{"start":{"line":51,"column":4},"end":{"line":62,"column":5}},{"start":{},"end":{}}],"line":51},"4":{"loc":{"start":{"line":57,"column":6},"end":{"line":61,"column":7}},"type":"if","locations":[{"start":{"line":57,"column":6},"end":{"line":61,"column":7}},{"start":{},"end":{}}],"line":57},"5":{"loc":{"start":{"line":67,"column":4},"end":{"line":70,"column":5}},"type":"if","locations":[{"start":{"line":67,"column":4},"end":{"line":70,"column":5}},{"start":{},"end":{}}],"line":67},"6":{"loc":{"start":{"line":67,"column":8},"end":{"line":67,"column":46}},"type":"binary-expr","locations":[{"start":{"line":67,"column":8},"end":{"line":67,"column":25}},{"start":{"line":67,"column":29},"end":{"line":67,"column":46}}],"line":67},"7":{"loc":{"start":{"line":75,"column":4},"end":{"line":77,"column":5}},"type":"if","locations":[{"start":{"line":75,"column":4},"end":{"line":77,"column":5}},{"start":{},"end":{}}],"line":75},"8":{"loc":{"start":{"line":82,"column":4},"end":{"line":84,"column":5}},"type":"if","locations":[{"start":{"line":82,"column":4},"end":{"line":84,"column":5}},{"start":{},"end":{}}],"line":82},"9":{"loc":{"start":{"line":82,"column":8},"end":{"line":82,"column":65}},"type":"binary-expr","locations":[{"start":{"line":82,"column":8},"end":{"line":82,"column":28}},{"start":{"line":82,"column":32},"end":{"line":82,"column":65}}],"line":82},"10":{"loc":{"start":{"line":89,"column":4},"end":{"line":91,"column":5}},"type":"if","locations":[{"start":{"line":89,"column":4},"end":{"line":91,"column":5}},{"start":{},"end":{}}],"line":89},"11":{"loc":{"start":{"line":102,"column":29},"end":{"line":102,"column":67}},"type":"cond-expr","locations":[{"start":{"line":102,"column":49},"end":{"line":102,"column":58}},{"start":{"line":102,"column":61},"end":{"line":102,"column":67}}],"line":102},"12":{"loc":{"start":{"line":117,"column":21},"end":{"line":117,"column":48}},"type":"cond-expr","locations":[{"start":{"line":117,"column":41},"end":{"line":117,"column":42}},{"start":{"line":117,"column":45},"end":{"line":117,"column":48}}],"line":117},"13":{"loc":{"start":{"line":118,"column":20},"end":{"line":118,"column":65}},"type":"cond-expr","locations":[{"start":{"line":118,"column":40},"end":{"line":118,"column":49}},{"start":{"line":118,"column":52},"end":{"line":118,"column":65}}],"line":118},"14":{"loc":{"start":{"line":140,"column":9},"end":{"line":151,"column":9}},"type":"binary-expr","locations":[{"start":{"line":140,"column":9},"end":{"line":140,"column":33}},{"start":{"line":141,"column":10},"end":{"line":150,"column":19}}],"line":140},"15":{"loc":{"start":{"line":144,"column":31},"end":{"line":144,"column":73}},"type":"cond-expr","locations":[{"start":{"line":144,"column":55},"end":{"line":144,"column":64}},{"start":{"line":144,"column":67},"end":{"line":144,"column":73}}],"line":144},"16":{"loc":{"start":{"line":157,"column":11},"end":{"line":182,"column":11}},"type":"cond-expr","locations":[{"start":{"line":158,"column":12},"end":{"line":158,"column":64}},{"start":{"line":160,"column":12},"end":{"line":181,"column":14}}],"line":157},"17":{"loc":{"start":{"line":165,"column":35},"end":{"line":165,"column":77}},"type":"cond-expr","locations":[{"start":{"line":165,"column":59},"end":{"line":165,"column":68}},{"start":{"line":165,"column":71},"end":{"line":165,"column":77}}],"line":165},"18":{"loc":{"start":{"line":187,"column":7},"end":{"line":203,"column":7}},"type":"binary-expr","locations":[{"start":{"line":187,"column":7},"end":{"line":187,"column":28}},{"start":{"line":188,"column":8},"end":{"line":202,"column":14}}],"line":187},"19":{"loc":{"start":{"line":196,"column":21},"end":{"line":196,"column":42}},"type":"binary-expr","locations":[{"start":{"line":196,"column":21},"end":{"line":196,"column":36}},{"start":{"line":196,"column":40},"end":{"line":196,"column":42}}],"line":196}},"s":{"0":2,"1":17,"2":17,"3":17,"4":2,"5":2,"6":17,"7":1,"8":1,"9":1,"10":1,"11":17,"12":1,"13":1,"14":1,"15":1,"16":0,"17":0,"18":17,"19":1,"20":1,"21":17,"22":1,"23":1,"24":1,"25":2,"26":1,"27":1,"28":0,"29":17,"30":1,"31":1,"32":17,"33":4,"34":1,"35":1,"36":0,"37":2},"f":{"0":17,"1":2,"2":1,"3":1,"4":0,"5":1,"6":1,"7":2,"8":1,"9":4,"10":1,"11":1,"12":0},"b":{"0":[2],"1":[2,0],"2":[1,0],"3":[1,0],"4":[0,1],"5":[1,0],"6":[1,1],"7":[1,0],"8":[0,1],"9":[1,0],"10":[1,0],"11":[2,15],"12":[2,15],"13":[2,15],"14":[17,15],"15":[1,14],"16":[15,2],"17":[0,4],"18":[17,1],"19":[1,1]},"_coverageSchema":"1a1c01bbd47fc00a2c39e90264f33305004495a9","hash":"7e9ef9cadb5e28647fea8c2e1a279e6f9db6425f"}
,"D:\\Study Material\\Semester 6\\Software Engineering\\Project_2\\Flux\\frontend\\myapp\\src\\components\\DJController.js": {"path":"D:\\Study Material\\Semester 6\\Software Engineering\\Project_2\\Flux\\frontend\\myapp\\src\\components\\DJController.js","statementMap":{"0":{"start":{"line":13,"column":21},"end":{"line":287,"column":1}},"1":{"start":{"line":14,"column":28},"end":{"line":14,"column":42}},"2":{"start":{"line":15,"column":28},"end":{"line":15,"column":42}},"3":{"start":{"line":16,"column":42},"end":{"line":16,"column":53}},"4":{"start":{"line":17,"column":30},"end":{"line":17,"column":39}},"5":{"start":{"line":18,"column":30},"end":{"line":18,"column":39}},"6":{"start":{"line":21,"column":24},"end":{"line":21,"column":36}},"7":{"start":{"line":22,"column":24},"end":{"line":22,"column":36}},"8":{"start":{"line":25,"column":38},"end":{"line":25,"column":51}},"9":{"start":{"line":28,"column":40},"end":{"line":28,"column":51}},"10":{"start":{"line":29,"column":38},"end":{"line":29,"column":49}},"11":{"start":{"line":30,"column":38},"end":{"line":30,"column":49}},"12":{"start":{"line":32,"column":40},"end":{"line":32,"column":51}},"13":{"start":{"line":33,"column":38},"end":{"line":33,"column":49}},"14":{"start":{"line":34,"column":38},"end":{"line":34,"column":49}},"15":{"start":{"line":36,"column":18},"end":{"line":36,"column":38}},"16":{"start":{"line":37,"column":18},"end":{"line":37,"column":38}},"17":{"start":{"line":39,"column":29},"end":{"line":56,"column":3}},"18":{"start":{"line":46,"column":4},"end":{"line":46,"column":23}},"19":{"start":{"line":47,"column":4},"end":{"line":55,"column":5}},"20":{"start":{"line":48,"column":6},"end":{"line":48,"column":60}},"21":{"start":{"line":52,"column":6},"end":{"line":54,"column":7}},"22":{"start":{"line":53,"column":8},"end":{"line":53,"column":36}},"23":{"start":{"line":58,"column":29},"end":{"line":75,"column":3}},"24":{"start":{"line":65,"column":4},"end":{"line":65,"column":23}},"25":{"start":{"line":66,"column":4},"end":{"line":74,"column":5}},"26":{"start":{"line":67,"column":6},"end":{"line":67,"column":60}},"27":{"start":{"line":71,"column":6},"end":{"line":73,"column":7}},"28":{"start":{"line":72,"column":8},"end":{"line":72,"column":36}},"29":{"start":{"line":78,"column":27},"end":{"line":80,"column":3}},"30":{"start":{"line":79,"column":4},"end":{"line":79,"column":50}},"31":{"start":{"line":83,"column":28},"end":{"line":83,"column":63}},"32":{"start":{"line":83,"column":39},"end":{"line":83,"column":63}},"33":{"start":{"line":84,"column":27},"end":{"line":84,"column":61}},"34":{"start":{"line":84,"column":38},"end":{"line":84,"column":61}},"35":{"start":{"line":85,"column":27},"end":{"line":85,"column":61}},"36":{"start":{"line":85,"column":38},"end":{"line":85,"column":61}},"37":{"start":{"line":87,"column":28},"end":{"line":87,"column":63}},"38":{"start":{"line":87,"column":39},"end":{"line":87,"column":63}},"39":{"start":{"line":88,"column":27},"end":{"line":88,"column":61}},"40":{"start":{"line":88,"column":38},"end":{"line":88,"column":61}},"41":{"start":{"line":89,"column":27},"end":{"line":89,"column":61}},"42":{"start":{"line":89,"column":38},"end":{"line":89,"column":61}},"43":{"start":{"line":91,"column":2},"end":{"line":286,"column":4}},"44":{"start":{"line":271,"column":35},"end":{"line":271,"column":78}},"45":{"start":{"line":289,"column":15},"end":{"line":485,"column":1}}},"fnMap":{"0":{"name":"(anonymous_0)","decl":{"start":{"line":13,"column":21},"end":{"line":13,"column":22}},"loc":{"start":{"line":13,"column":27},"end":{"line":287,"column":1}},"line":13},"1":{"name":"(anonymous_1)","decl":{"start":{"line":39,"column":29},"end":{"line":39,"column":30}},"loc":{"start":{"line":45,"column":8},"end":{"line":56,"column":3}},"line":45},"2":{"name":"(anonymous_2)","decl":{"start":{"line":58,"column":29},"end":{"line":58,"column":30}},"loc":{"start":{"line":64,"column":8},"end":{"line":75,"column":3}},"line":64},"3":{"name":"(anonymous_3)","decl":{"start":{"line":78,"column":27},"end":{"line":78,"column":28}},"loc":{"start":{"line":78,"column":33},"end":{"line":80,"column":3}},"line":78},"4":{"name":"(anonymous_4)","decl":{"start":{"line":83,"column":28},"end":{"line":83,"column":29}},"loc":{"start":{"line":83,"column":39},"end":{"line":83,"column":63}},"line":83},"5":{"name":"(anonymous_5)","decl":{"start":{"line":84,"column":27},"end":{"line":84,"column":28}},"loc":{"start":{"line":84,"column":38},"end":{"line":84,"column":61}},"line":84},"6":{"name":"(anonymous_6)","decl":{"start":{"line":85,"column":27},"end":{"line":85,"column":28}},"loc":{"start":{"line":85,"column":38},"end":{"line":85,"column":61}},"line":85},"7":{"name":"(anonymous_7)","decl":{"start":{"line":87,"column":28},"end":{"line":87,"column":29}},"loc":{"start":{"line":87,"column":39},"end":{"line":87,"column":63}},"line":87},"8":{"name":"(anonymous_8)","decl":{"start":{"line":88,"column":27},"end":{"line":88,"column":28}},"loc":{"start":{"line":88,"column":38},"end":{"line":88,"column":61}},"line":88},"9":{"name":"(anonymous_9)","decl":{"start":{"line":89,"column":27},"end":{"line":89,"column":28}},"loc":{"start":{"line":89,"column":38},"end":{"line":89,"column":61}},"line":89},"10":{"name":"(anonymous_10)","decl":{"start":{"line":271,"column":28},"end":{"line":271,"column":29}},"loc":{"start":{"line":271,"column":35},"end":{"line":271,"column":78}},"line":271}},"branchMap":{"0":{"loc":{"start":{"line":47,"column":4},"end":{"line":55,"column":5}},"type":"if","locations":[{"start":{"line":47,"column":4},"end":{"line":55,"column":5}},{"start":{},"end":{}}],"line":47},"1":{"loc":{"start":{"line":52,"column":6},"end":{"line":54,"column":7}},"type":"if","locations":[{"start":{"line":52,"column":6},"end":{"line":54,"column":7}},{"start":{},"end":{}}],"line":52},"2":{"loc":{"start":{"line":52,"column":10},"end":{"line":52,"column":30}},"type":"binary-expr","locations":[{"start":{"line":52,"column":10},"end":{"line":52,"column":16}},{"start":{"line":52,"column":20},"end":{"line":52,"column":30}}],"line":52},"3":{"loc":{"start":{"line":66,"column":4},"end":{"line":74,"column":5}},"type":"if","locations":[{"start":{"line":66,"column":4},"end":{"line":74,"column":5}},{"start":{},"end":{}}],"line":66},"4":{"loc":{"start":{"line":71,"column":6},"end":{"line":73,"column":7}},"type":"if","locations":[{"start":{"line":71,"column":6},"end":{"line":73,"column":7}},{"start":{},"end":{}}],"line":71},"5":{"loc":{"start":{"line":71,"column":10},"end":{"line":71,"column":30}},"type":"binary-expr","locations":[{"start":{"line":71,"column":10},"end":{"line":71,"column":16}},{"start":{"line":71,"column":20},"end":{"line":71,"column":30}}],"line":71},"6":{"loc":{"start":{"line":79,"column":18},"end":{"line":79,"column":48}},"type":"cond-expr","locations":[{"start":{"line":79,"column":39},"end":{"line":79,"column":42}},{"start":{"line":79,"column":45},"end":{"line":79,"column":48}}],"line":79},"7":{"loc":{"start":{"line":99,"column":31},"end":{"line":99,"column":70}},"type":"cond-expr","locations":[{"start":{"line":99,"column":52},"end":{"line":99,"column":61}},{"start":{"line":99,"column":64},"end":{"line":99,"column":70}}],"line":99},"8":{"loc":{"start":{"line":110,"column":31},"end":{"line":110,"column":70}},"type":"cond-expr","locations":[{"start":{"line":110,"column":52},"end":{"line":110,"column":61}},{"start":{"line":110,"column":64},"end":{"line":110,"column":70}}],"line":110},"9":{"loc":{"start":{"line":125,"column":15},"end":{"line":127,"column":15}},"type":"binary-expr","locations":[{"start":{"line":125,"column":15},"end":{"line":125,"column":33}},{"start":{"line":126,"column":16},"end":{"line":126,"column":62}}],"line":125},"10":{"loc":{"start":{"line":168,"column":30},"end":{"line":168,"column":64}},"type":"cond-expr","locations":[{"start":{"line":168,"column":51},"end":{"line":168,"column":56}},{"start":{"line":168,"column":59},"end":{"line":168,"column":64}}],"line":168},"11":{"loc":{"start":{"line":169,"column":29},"end":{"line":169,"column":63}},"type":"cond-expr","locations":[{"start":{"line":169,"column":50},"end":{"line":169,"column":55}},{"start":{"line":169,"column":58},"end":{"line":169,"column":63}}],"line":169},"12":{"loc":{"start":{"line":170,"column":28},"end":{"line":170,"column":78}},"type":"cond-expr","locations":[{"start":{"line":170,"column":49},"end":{"line":170,"column":62}},{"start":{"line":170,"column":65},"end":{"line":170,"column":78}}],"line":170},"13":{"loc":{"start":{"line":181,"column":13},"end":{"line":183,"column":13}},"type":"binary-expr","locations":[{"start":{"line":181,"column":13},"end":{"line":181,"column":18}},{"start":{"line":182,"column":14},"end":{"line":182,"column":73}}],"line":181},"14":{"loc":{"start":{"line":190,"column":15},"end":{"line":192,"column":15}},"type":"binary-expr","locations":[{"start":{"line":190,"column":15},"end":{"line":190,"column":33}},{"start":{"line":191,"column":16},"end":{"line":191,"column":62}}],"line":190},"15":{"loc":{"start":{"line":233,"column":30},"end":{"line":233,"column":64}},"type":"cond-expr","locations":[{"start":{"line":233,"column":51},"end":{"line":233,"column":56}},{"start":{"line":233,"column":59},"end":{"line":233,"column":64}}],"line":233},"16":{"loc":{"start":{"line":234,"column":29},"end":{"line":234,"column":63}},"type":"cond-expr","locations":[{"start":{"line":234,"column":50},"end":{"line":234,"column":55}},{"start":{"line":234,"column":58},"end":{"line":234,"column":63}}],"line":234},"17":{"loc":{"start":{"line":235,"column":28},"end":{"line":235,"column":78}},"type":"cond-expr","locations":[{"start":{"line":235,"column":49},"end":{"line":235,"column":62}},{"start":{"line":235,"column":65},"end":{"line":235,"column":78}}],"line":235},"18":{"loc":{"start":{"line":246,"column":13},"end":{"line":248,"column":13}},"type":"binary-expr","locations":[{"start":{"line":246,"column":13},"end":{"line":246,"column":18}},{"start":{"line":247,"column":14},"end":{"line":247,"column":73}}],"line":246}},"s":{"0":2,"1":7,"2":7,"3":7,"4":7,"5":7,"6":7,"7":7,"8":7,"9":7,"10":7,"11":7,"12":7,"13":7,"14":7,"15":7,"16":7,"17":7,"18":0,"19":0,"20":0,"21":0,"22":0,"23":7,"24":0,"25":0,"26":0,"27":0,"28":0,"29":7,"30":1,"31":7,"32":0,"33":7,"34":0,"35":7,"36":0,"37":7,"38":0,"39":7,"40":0,"41":7,"42":0,"43":7,"44":1,"45":2},"f":{"0":7,"1":0,"2":0,"3":1,"4":0,"5":0,"6":0,"7":0,"8":0,"9":0,"10":1},"b":{"0":[0,0],"1":[0,0],"2":[0,0],"3":[0,0],"4":[0,0],"5":[0,0],"6":[1,0],"7":[6,1],"8":[1,6],"9":[7,6],"10":[6,1],"11":[6,1],"12":[6,1],"13":[7,0],"14":[7,1],"15":[1,6],"16":[1,6],"17":[1,6],"18":[7,0]},"_coverageSchema":"1a1c01bbd47fc00a2c39e90264f33305004495a9","hash":"4c191244b46bc03b837c59b209f2099b8483fe70"}
,"D:\\Study Material\\Semester 6\\Software Engineering\\Project_2\\Flux\\frontend\\myapp\\src\\components\\JogWheel.js": {"path":"D:\\Study Material\\Semester 6\\Software Engineering\\Project_2\\Flux\\frontend\\myapp\\src\\components\\JogWheel.js","statementMap":{"0":{"start":{"line":3,"column":17},"end":{"line":164,"column":1}},"1":{"start":{"line":9,"column":34},"end":{"line":9,"column":45}},"2":{"start":{"line":10,"column":38},"end":{"line":10,"column":53}},"3":{"start":{"line":11,"column":42},"end":{"line":11,"column":57}},"4":{"start":{"line":12,"column":26},"end":{"line":12,"column":42}},"5":{"start":{"line":14,"column":16},"end":{"line":14,"column":25}},"6":{"start":{"line":15,"column":16},"end":{"line":15,"column":25}},"7":{"start":{"line":16,"column":24},"end":{"line":16,"column":33}},"8":{"start":{"line":17,"column":21},"end":{"line":17,"column":34}},"9":{"start":{"line":18,"column":23},"end":{"line":18,"column":35}},"10":{"start":{"line":21,"column":22},"end":{"line":21,"column":61}},"11":{"start":{"line":24,"column":2},"end":{"line":50,"column":57}},"12":{"start":{"line":25,"column":4},"end":{"line":25,"column":35}},"13":{"start":{"line":25,"column":28},"end":{"line":25,"column":35}},"14":{"start":{"line":27,"column":31},"end":{"line":37,"column":5}},"15":{"start":{"line":28,"column":6},"end":{"line":36,"column":7}},"16":{"start":{"line":30,"column":8},"end":{"line":34,"column":9}},"17":{"start":{"line":32,"column":10},"end":{"line":33,"column":55}},"18":{"start":{"line":35,"column":8},"end":{"line":35,"column":73}},"19":{"start":{"line":39,"column":4},"end":{"line":43,"column":5}},"20":{"start":{"line":40,"column":6},"end":{"line":40,"column":71}},"21":{"start":{"line":41,"column":11},"end":{"line":43,"column":5}},"22":{"start":{"line":42,"column":6},"end":{"line":42,"column":49}},"23":{"start":{"line":45,"column":4},"end":{"line":49,"column":6}},"24":{"start":{"line":46,"column":6},"end":{"line":48,"column":7}},"25":{"start":{"line":47,"column":8},"end":{"line":47,"column":51}},"26":{"start":{"line":52,"column":26},"end":{"line":67,"column":3}},"27":{"start":{"line":53,"column":4},"end":{"line":53,"column":35}},"28":{"start":{"line":53,"column":28},"end":{"line":53,"column":35}},"29":{"start":{"line":55,"column":4},"end":{"line":55,"column":24}},"30":{"start":{"line":56,"column":4},"end":{"line":56,"column":42}},"31":{"start":{"line":57,"column":4},"end":{"line":57,"column":42}},"32":{"start":{"line":60,"column":4},"end":{"line":66,"column":5}},"33":{"start":{"line":61,"column":6},"end":{"line":61,"column":52}},"34":{"start":{"line":62,"column":6},"end":{"line":62,"column":28}},"35":{"start":{"line":63,"column":6},"end":{"line":65,"column":7}},"36":{"start":{"line":64,"column":8},"end":{"line":64,"column":33}},"37":{"start":{"line":69,"column":24},"end":{"line":82,"column":3}},"38":{"start":{"line":70,"column":4},"end":{"line":70,"column":25}},"39":{"start":{"line":73,"column":4},"end":{"line":81,"column":5}},"40":{"start":{"line":74,"column":6},"end":{"line":74,"column":29}},"41":{"start":{"line":75,"column":6},"end":{"line":75,"column":32}},"42":{"start":{"line":76,"column":6},"end":{"line":80,"column":7}},"43":{"start":{"line":77,"column":8},"end":{"line":79,"column":70}},"44":{"start":{"line":79,"column":24},"end":{"line":79,"column":68}},"45":{"start":{"line":84,"column":26},"end":{"line":115,"column":3}},"46":{"start":{"line":85,"column":4},"end":{"line":85,"column":50}},"47":{"start":{"line":85,"column":43},"end":{"line":85,"column":50}},"48":{"start":{"line":87,"column":20},"end":{"line":87,"column":51}},"49":{"start":{"line":88,"column":20},"end":{"line":88,"column":52}},"50":{"start":{"line":89,"column":19},"end":{"line":89,"column":40}},"51":{"start":{"line":90,"column":19},"end":{"line":90,"column":40}},"52":{"start":{"line":94,"column":6},"end":{"line":94,"column":70}},"53":{"start":{"line":95,"column":4},"end":{"line":95,"column":23}},"54":{"start":{"line":98,"column":19},"end":{"line":98,"column":41}},"55":{"start":{"line":99,"column":19},"end":{"line":99,"column":41}},"56":{"start":{"line":102,"column":20},"end":{"line":102,"column":36}},"57":{"start":{"line":103,"column":20},"end":{"line":103,"column":36}},"58":{"start":{"line":104,"column":25},"end":{"line":104,"column":60}},"59":{"start":{"line":105,"column":4},"end":{"line":105,"column":48}},"60":{"start":{"line":108,"column":4},"end":{"line":111,"column":5}},"61":{"start":{"line":110,"column":6},"end":{"line":110,"column":78}},"62":{"start":{"line":113,"column":4},"end":{"line":113,"column":27}},"63":{"start":{"line":114,"column":4},"end":{"line":114,"column":27}},"64":{"start":{"line":117,"column":21},"end":{"line":119,"column":3}},"65":{"start":{"line":118,"column":4},"end":{"line":118,"column":70}},"66":{"start":{"line":118,"column":27},"end":{"line":118,"column":67}},"67":{"start":{"line":121,"column":2},"end":{"line":163,"column":4}},"68":{"start":{"line":166,"column":15},"end":{"line":239,"column":1}}},"fnMap":{"0":{"name":"(anonymous_0)","decl":{"start":{"line":3,"column":17},"end":{"line":3,"column":18}},"loc":{"start":{"line":8,"column":6},"end":{"line":164,"column":1}},"line":8},"1":{"name":"(anonymous_1)","decl":{"start":{"line":24,"column":12},"end":{"line":24,"column":13}},"loc":{"start":{"line":24,"column":18},"end":{"line":50,"column":3}},"line":24},"2":{"name":"(anonymous_2)","decl":{"start":{"line":27,"column":31},"end":{"line":27,"column":32}},"loc":{"start":{"line":27,"column":37},"end":{"line":37,"column":5}},"line":27},"3":{"name":"(anonymous_3)","decl":{"start":{"line":45,"column":11},"end":{"line":45,"column":12}},"loc":{"start":{"line":45,"column":17},"end":{"line":49,"column":5}},"line":45},"4":{"name":"(anonymous_4)","decl":{"start":{"line":52,"column":26},"end":{"line":52,"column":27}},"loc":{"start":{"line":52,"column":33},"end":{"line":67,"column":3}},"line":52},"5":{"name":"(anonymous_5)","decl":{"start":{"line":69,"column":24},"end":{"line":69,"column":25}},"loc":{"start":{"line":69,"column":30},"end":{"line":82,"column":3}},"line":69},"6":{"name":"(anonymous_6)","decl":{"start":{"line":79,"column":17},"end":{"line":79,"column":18}},"loc":{"start":{"line":79,"column":24},"end":{"line":79,"column":68}},"line":79},"7":{"name":"(anonymous_7)","decl":{"start":{"line":84,"column":26},"end":{"line":84,"column":27}},"loc":{"start":{"line":84,"column":33},"end":{"line":115,"column":3}},"line":84},"8":{"name":"(anonymous_8)","decl":{"start":{"line":117,"column":21},"end":{"line":117,"column":22}},"loc":{"start":{"line":117,"column":27},"end":{"line":119,"column":3}},"line":117},"9":{"name":"(anonymous_9)","decl":{"start":{"line":118,"column":12},"end":{"line":118,"column":13}},"loc":{"start":{"line":118,"column":27},"end":{"line":118,"column":67}},"line":118}},"branchMap":{"0":{"loc":{"start":{"line":5,"column":2},"end":{"line":5,"column":15}},"type":"default-arg","locations":[{"start":{"line":5,"column":9},"end":{"line":5,"column":15}}],"line":5},"1":{"loc":{"start":{"line":6,"column":2},"end":{"line":6,"column":26}},"type":"default-arg","locations":[{"start":{"line":6,"column":23},"end":{"line":6,"column":26}}],"line":6},"2":{"loc":{"start":{"line":7,"column":2},"end":{"line":7,"column":23}},"type":"default-arg","locations":[{"start":{"line":7,"column":20},"end":{"line":7,"column":23}}],"line":7},"3":{"loc":{"start":{"line":21,"column":22},"end":{"line":21,"column":61}},"type":"cond-expr","locations":[{"start":{"line":21,"column":40},"end":{"line":21,"column":49}},{"start":{"line":21,"column":52},"end":{"line":21,"column":61}}],"line":21},"4":{"loc":{"start":{"line":25,"column":4},"end":{"line":25,"column":35}},"type":"if","locations":[{"start":{"line":25,"column":4},"end":{"line":25,"column":35}},{"start":{},"end":{}}],"line":25},"5":{"loc":{"start":{"line":28,"column":6},"end":{"line":36,"column":7}},"type":"if","locations":[{"start":{"line":28,"column":6},"end":{"line":36,"column":7}},{"start":{},"end":{}}],"line":28},"6":{"loc":{"start":{"line":28,"column":10},"end":{"line":28,"column":42}},"type":"binary-expr","locations":[{"start":{"line":28,"column":10},"end":{"line":28,"column":22}},{"start":{"line":28,"column":26},"end":{"line":28,"column":42}}],"line":28},"7":{"loc":{"start":{"line":30,"column":8},"end":{"line":34,"column":9}},"type":"if","locations":[{"start":{"line":30,"column":8},"end":{"line":34,"column":9}},{"start":{},"end":{}}],"line":30},"8":{"loc":{"start":{"line":39,"column":4},"end":{"line":43,"column":5}},"type":"if","locations":[{"start":{"line":39,"column":4},"end":{"line":43,"column":5}},{"start":{"line":41,"column":11},"end":{"line":43,"column":5}}],"line":39},"9":{"loc":{"start":{"line":41,"column":11},"end":{"line":43,"column":5}},"type":"if","locations":[{"start":{"line":41,"column":11},"end":{"line":43,"column":5}},{"start":{},"end":{}}],"line":41},"10":{"loc":{"start":{"line":46,"column":6},"end":{"line":48,"column":7}},"type":"if","locations":[{"start":{"line":46,"column":6},"end":{"line":48,"column":7}},{"start":{},"end":{}}],"line":46},"11":{"loc":{"start":{"line":53,"column":4},"end":{"line":53,"column":35}},"type":"if","locations":[{"start":{"line":53,"column":4},"end":{"line":53,"column":35}},{"start":{},"end":{}}],"line":53},"12":{"loc":{"start":{"line":60,"column":4},"end":{"line":66,"column":5}},"type":"if","locations":[{"start":{"line":60,"column":4},"end":{"line":66,"column":5}},{"start":{},"end":{}}],"line":60},"13":{"loc":{"start":{"line":63,"column":6},"end":{"line":65,"column":7}},"type":"if","locations":[{"start":{"line":63,"column":6},"end":{"line":65,"column":7}},{"start":{},"end":{}}],"line":63},"14":{"loc":{"start":{"line":73,"column":4},"end":{"line":81,"column":5}},"type":"if","locations":[{"start":{"line":73,"column":4},"end":{"line":81,"column":5}},{"start":{},"end":{}}],"line":73},"15":{"loc":{"start":{"line":73,"column":8},"end":{"line":73,"column":41}},"type":"binary-expr","locations":[{"start":{"line":73,"column":8},"end":{"line":73,"column":20}},{"start":{"line":73,"column":24},"end":{"line":73,"column":41}}],"line":73},"16":{"loc":{"start":{"line":76,"column":6},"end":{"line":80,"column":7}},"type":"if","locations":[{"start":{"line":76,"column":6},"end":{"line":80,"column":7}},{"start":{},"end":{}}],"line":76},"17":{"loc":{"start":{"line":85,"column":4},"end":{"line":85,"column":50}},"type":"if","locations":[{"start":{"line":85,"column":4},"end":{"line":85,"column":50}},{"start":{},"end":{}}],"line":85},"18":{"loc":{"start":{"line":85,"column":8},"end":{"line":85,"column":41}},"type":"binary-expr","locations":[{"start":{"line":85,"column":8},"end":{"line":85,"column":19}},{"start":{"line":85,"column":23},"end":{"line":85,"column":41}}],"line":85},"19":{"loc":{"start":{"line":108,"column":4},"end":{"line":111,"column":5}},"type":"if","locations":[{"start":{"line":108,"column":4},"end":{"line":111,"column":5}},{"start":{},"end":{}}],"line":108},"20":{"loc":{"start":{"line":108,"column":8},"end":{"line":108,"column":40}},"type":"binary-expr","locations":[{"start":{"line":108,"column":8},"end":{"line":108,"column":23}},{"start":{"line":108,"column":27},"end":{"line":108,"column":40}}],"line":108},"21":{"loc":{"start":{"line":118,"column":27},"end":{"line":118,"column":67}},"type":"cond-expr","locations":[{"start":{"line":118,"column":49},"end":{"line":118,"column":58}},{"start":{"line":118,"column":61},"end":{"line":118,"column":67}}],"line":118},"22":{"loc":{"start":{"line":129,"column":27},"end":{"line":129,"column":63}},"type":"cond-expr","locations":[{"start":{"line":129,"column":42},"end":{"line":129,"column":51}},{"start":{"line":129,"column":54},"end":{"line":129,"column":63}}],"line":129},"23":{"loc":{"start":{"line":141,"column":25},"end":{"line":143,"column":24}},"type":"cond-expr","locations":[{"start":{"line":142,"column":18},"end":{"line":142,"column":49}},{"start":{"line":143,"column":18},"end":{"line":143,"column":24}}],"line":141},"24":{"loc":{"start":{"line":150,"column":38},"end":{"line":150,"column":67}},"type":"cond-expr","locations":[{"start":{"line":150,"column":51},"end":{"line":150,"column":59}},{"start":{"line":150,"column":62},"end":{"line":150,"column":67}}],"line":150},"25":{"loc":{"start":{"line":154,"column":29},"end":{"line":154,"column":70}},"type":"cond-expr","locations":[{"start":{"line":154,"column":50},"end":{"line":154,"column":61}},{"start":{"line":154,"column":64},"end":{"line":154,"column":70}}],"line":154},"26":{"loc":{"start":{"line":155,"column":19},"end":{"line":155,"column":55}},"type":"cond-expr","locations":[{"start":{"line":155,"column":40},"end":{"line":155,"column":46}},{"start":{"line":155,"column":49},"end":{"line":155,"column":55}}],"line":155},"27":{"loc":{"start":{"line":159,"column":11},"end":{"line":159,"column":50}},"type":"cond-expr","locations":[{"start":{"line":159,"column":32},"end":{"line":159,"column":41}},{"start":{"line":159,"column":44},"end":{"line":159,"column":50}}],"line":159}},"s":{"0":2,"1":14,"2":14,"3":14,"4":14,"5":14,"6":14,"7":14,"8":14,"9":14,"10":14,"11":14,"12":10,"13":10,"14":0,"15":0,"16":0,"17":0,"18":0,"19":0,"20":0,"21":0,"22":0,"23":0,"24":0,"25":0,"26":14,"27":0,"28":0,"29":0,"30":0,"31":0,"32":0,"33":0,"34":0,"35":0,"36":0,"37":14,"38":0,"39":0,"40":0,"41":0,"42":0,"43":0,"44":0,"45":14,"46":0,"47":0,"48":0,"49":0,"50":0,"51":0,"52":0,"53":0,"54":0,"55":0,"56":0,"57":0,"58":0,"59":0,"60":0,"61":0,"62":0,"63":0,"64":14,"65":0,"66":0,"67":14,"68":2},"f":{"0":14,"1":10,"2":0,"3":0,"4":0,"5":0,"6":0,"7":0,"8":0,"9":0},"b":{"0":[0],"1":[14],"2":[14],"3":[7,7],"4":[10,0],"5":[0,0],"6":[0,0],"7":[0,0],"8":[0,0],"9":[0,0],"10":[0,0],"11":[0,0],"12":[0,0],"13":[0,0],"14":[0,0],"15":[0,0],"16":[0,0],"17":[0,0],"18":[0,0],"19":[0,0],"20":[0,0],"21":[0,0],"22":[0,14],"23":[0,14],"24":[0,14],"25":[0,14],"26":[0,14],"27":[0,14]},"_coverageSchema":"1a1c01bbd47fc00a2c39e90264f33305004495a9","hash":"61d00f43f219ad333c4c01f08662bba3cdc5527b"}
,"D:\\Study Material\\Semester 6\\Software Engineering\\Project_2\\Flux\\frontend\\myapp\\src\\components\\Knob.js": {"path":"D:\\Study Material\\Semester 6\\Software Engineering\\Project_2\\Flux\\frontend\\myapp\\src\\components\\Knob.js","statementMap":{"0":{"start":{"line":3,"column":13},"end":{"line":70,"column":1}},"1":{"start":{"line":11,"column":28},"end":{"line":11,"column":50}},"2":{"start":{"line":12,"column":18},"end":{"line":12,"column":30}},"3":{"start":{"line":13,"column":20},"end":{"line":13,"column":29}},"4":{"start":{"line":14,"column":24},"end":{"line":14,"column":33}},"5":{"start":{"line":17,"column":19},"end":{"line":17,"column":60}},"6":{"start":{"line":19,"column":26},"end":{"line":25,"column":3}},"7":{"start":{"line":20,"column":4},"end":{"line":20,"column":34}},"8":{"start":{"line":21,"column":4},"end":{"line":21,"column":34}},"9":{"start":{"line":22,"column":4},"end":{"line":22,"column":60}},"10":{"start":{"line":23,"column":4},"end":{"line":23,"column":56}},"11":{"start":{"line":24,"column":4},"end":{"line":24,"column":23}},"12":{"start":{"line":27,"column":26},"end":{"line":38,"column":3}},"13":{"start":{"line":28,"column":19},"end":{"line":28,"column":48}},"14":{"start":{"line":29,"column":23},"end":{"line":29,"column":51}},"15":{"start":{"line":30,"column":21},"end":{"line":33,"column":5}},"16":{"start":{"line":34,"column":25},"end":{"line":34,"column":53}},"17":{"start":{"line":36,"column":4},"end":{"line":36,"column":27}},"18":{"start":{"line":37,"column":4},"end":{"line":37,"column":41}},"19":{"start":{"line":37,"column":18},"end":{"line":37,"column":41}},"20":{"start":{"line":40,"column":24},"end":{"line":43,"column":3}},"21":{"start":{"line":41,"column":4},"end":{"line":41,"column":63}},"22":{"start":{"line":42,"column":4},"end":{"line":42,"column":59}},"23":{"start":{"line":45,"column":2},"end":{"line":69,"column":4}},"24":{"start":{"line":72,"column":15},"end":{"line":148,"column":1}}},"fnMap":{"0":{"name":"(anonymous_0)","decl":{"start":{"line":3,"column":13},"end":{"line":3,"column":14}},"loc":{"start":{"line":10,"column":6},"end":{"line":70,"column":1}},"line":10},"1":{"name":"(anonymous_1)","decl":{"start":{"line":19,"column":26},"end":{"line":19,"column":27}},"loc":{"start":{"line":19,"column":33},"end":{"line":25,"column":3}},"line":19},"2":{"name":"(anonymous_2)","decl":{"start":{"line":27,"column":26},"end":{"line":27,"column":27}},"loc":{"start":{"line":27,"col
[...]
end":{"line":59,"column":5}},"line":42},"3":{"name":"(anonymous_3)","decl":{"start":{"line":50,"column":43},"end":{"line":50,"column":44}},"loc":{"start":{"line":50,"column":49},"end":{"line":57,"column":9}},"line":50},"4":{"name":"(anonymous_4)","decl":{"start":{"line":62,"column":35},"end":{"line":62,"column":36}},"loc":{"start":{"line":62,"column":41},"end":{"line":62,"column":43}},"line":62},"5":{"name":"(anonymous_5)","decl":{"start":{"line":95,"column":25},"end":{"line":95,"column":26}},"loc":{"start":{"line":96,"column":12},"end":{"line":108,"column":14}},"line":96},"6":{"name":"(anonymous_6)","decl":{"start":{"line":104,"column":23},"end":{"line":104,"column":24}},"loc":{"start":{"line":104,"column":30},"end":{"line":107,"column":15}},"line":104},"7":{"name":"(anonymous_7)","decl":{"start":{"line":144,"column":19},"end":{"line":144,"column":20}},"loc":{"start":{"line":144,"column":25},"end":{"line":144,"column":45}},"line":144},"8":{"name":"(anonymous_8)","decl":{"start":{"line":155,"column":17},"end":{"line":155,"column":18}},"loc":{"start":{"line":155,"column":23},"end":{"line":155,"column":25}},"line":155}},"branchMap":{"0":{"loc":{"start":{"line":25,"column":4},"end":{"line":25,"column":74}},"type":"if","locations":[{"start":{"line":25,"column":4},"end":{"line":25,"column":74}},{"start":{},"end":{}}],"line":25},"1":{"loc":{"start":{"line":25,"column":8},"end":{"line":25,"column":65}},"type":"binary-expr","locations":[{"start":{"line":25,"column":8},"end":{"line":25,"column":25}},{"start":{"line":25,"column":29},"end":{"line":25,"column":52}},{"start":{"line":25,"column":56},"end":{"line":25,"column":65}}],"line":25},"2":{"loc":{"start":{"line":43,"column":6},"end":{"line":58,"column":7}},"type":"if","locations":[{"start":{"line":43,"column":6},"end":{"line":58,"column":7}},{"start":{"line":45,"column":13},"end":{"line":58,"column":7}}],"line":43},"3":{"loc":{"start":{"line":51,"column":10},"end":{"line":56,"column":11}},"type":"if","locations":[{"start":{"line":51,"column":10},"end":{"line":56,"column":11}},{"start":{"line":53,"column":17},"end":{"line":56,"column":11}}],"line":51},"4":{"loc":{"start":{"line":61,"column":4},"end":{"line":63,"column":5}},"type":"if","locations":[{"start":{"line":61,"column":4},"end":{"line":63,"column":5}},{"start":{},"end":{}}],"line":61},"5":{"loc":{"start":{"line":86,"column":23},"end":{"line":86,"column":46}},"type":"cond-expr","locations":[{"start":{"line":86,"column":39},"end":{"line":86,"column":42}},{"start":{"line":86,"column":45},"end":{"line":86,"column":46}}],"line":86},"6":{"loc":{"start":{"line":92,"column":23},"end":{"line":92,"column":46}},"type":"cond-expr","locations":[{"start":{"line":92,"column":39},"end":{"line":92,"column":42}},{"start":{"line":92,"column":45},"end":{"line":92,"column":46}}],"line":92},"7":{"loc":{"start":{"line":100,"column":20},"end":{"line":100,"column":67}},"type":"binary-expr","locations":[{"start":{"line":100,"column":20},"end":{"line":100,"column":41}},{"start":{"line":100,"column":45},"end":{"line":100,"column":67}}],"line":100},"8":{"loc":{"start":{"line":101,"column":20},"end":{"line":101,"column":89}},"type":"binary-expr","locations":[{"start":{"line":101,"column":20},"end":{"line":101,"column":41}},{"start":{"line":101,"column":45},"end":{"line":101,"column":58}},{"start":{"line":101,"column":62},"end":{"line":101,"column":89}}],"line":101},"9":{"loc":{"start":{"line":118,"column":31},"end":{"line":118,"column":61}},"type":"cond-expr","locations":[{"start":{"line":118,"column":43},"end":{"line":118,"column":52}},{"start":{"line":118,"column":55},"end":{"line":118,"column":61}}],"line":118},"10":{"loc":{"start":{"line":119,"column":25},"end":{"line":121,"column":24}},"type":"cond-expr","locations":[{"start":{"line":120,"column":18},"end":{"line":120,"column":51}},{"start":{"line":121,"column":18},"end":{"line":121,"column":24}}],"line":119},"11":{"loc":{"start":{"line":125,"column":13},"end":{"line":134,"column":13}},"type":"cond-expr","locations":[{"start":{"line":126,"column":14},"end":{"line":129,"column":20}},{"start":{"line":131,"column":14},"end":{"line":133,"column":20}}],"line":125}},"s":{"0":2,"1":2,"2":2,"3":0,"4":0,"5":0,"6":0,"7":0,"8":0,"9":0,"10":0,"11":0,"12":0,"13":0,"14":0,"15":0,"16":0,"17":0,"18":0,"19":0,"20":0,"21":0,"22":0,"23":0,"24":0,"25":0,"26":2,"27":0,"28":0,"29":0,"30":0,"31":2},"f":{"0":2,"1":0,"2":0,"3":0,"4":0,"5":0,"6":0,"7":0,"8":0},"b":{"0":[0,0],"1":[0,0,0],"2":[0,0],"3":[0,0],"4":[0,0],"5":[0,2],"6":[0,2],"7":[0,0],"8":[0,0,0],"9":[0,2],"10":[0,2],"11":[0,2]},"_coverageSchema":"1a1c01bbd47fc00a2c39e90264f33305004495a9","hash":"799a6ffa540ad7ccb9e0c34f8d3e5cc47bd0ec13"}
,"D:\\Study Material\\Semester 6\\Software Engineering\\Project_2\\Flux\\frontend\\myapp\\src\\components\\VolumeSlider.js": {"path":"D:\\Study Material\\Semester 6\\Software Engineering\\Project_2\\Flux\\frontend\\myapp\\src\\components\\VolumeSlider.js","statementMap":{"0":{"start":{"line":3,"column":21},"end":{"line":52,"column":1}},"1":{"start":{"line":4,"column":46},"end":{"line":4,"column":57}},"2":{"start":{"line":5,"column":30},"end":{"line":5,"column":42}},"3":{"start":{"line":7,"column":2},"end":{"line":13,"column":17}},"4":{"start":{"line":8,"column":4},"end":{"line":12,"column":5}},"5":{"start":{"line":10,"column":6},"end":{"line":10,"column":49}},"6":{"start":{"line":11,"column":6},"end":{"line":11,"column":69}},"7":{"start":{"line":15,"column":29},"end":{"line":22,"column":3}},"8":{"start":{"line":16,"column":22},"end":{"line":16,"column":46}},"9":{"start":{"line":17,"column":4},"end":{"line":17,"column":25}},"10":{"start":{"line":19,"column":4},"end":{"line":21,"column":5}},"11":{"start":{"line":20,"column":6},"end":{"line":20,"column":67}},"12":{"start":{"line":25,"column":22},"end":{"line":25,"column":61}},"13":{"start":{"line":27,"column":2},"end":{"line":51,"column":4}},"14":{"start":{"line":54,"column":15},"end":{"line":102,"column":1}}},"fnMap":{"0":{"name":"(anonymous_0)","decl":{"start":{"line":3,"column":21},"end":{"line":3,"column":22}},"loc":{"start":{"line":3,"column":54},"end":{"line":52,"column":1}},"line":3},"1":{"name":"(anonymous_1)","decl":{"start":{"line":7,"column":12},"end":{"line":7,"column":13}},"loc":{"start":{"line":7,"column":18},"end":{"line":13,"column":3}},"line":7},"2":{"name":"(anonymous_2)","decl":{"start":{"line":15,"column":29},"end":{"line":15,"column":30}},"loc":{"start":{"line":15,"column":36},"end":{"line":22,"column":3}},"line":15}},"branchMap":{"0":{"loc":{"start":{"line":3,"column":34},"end":{"line":3,"column":47}},"type":"default-arg","locations":[{"start":{"line":3,"column":41},"end":{"line":3,"column":47}}],"line":3},"1":{"loc":{"start":{"line":8,"column":4},"end":{"line":12,"column":5}},"type":"if","locations":[{"start":{"line":8,"column":4},"end":{"line":12,"column":5}},{"start":{},"end":{}}],"line":8},"2":{"loc":{"start":{"line":19,"column":4},"end":{"line":21,"column":5}},"type":"if","locations":[{"start":{"line":19,"column":4},"end":{"line":21,"column":5}},{"start":{},"end":{}}],"line":19},"3":{"loc":{"start":{"line":25,"column":22},"end":{"line":25,"column":61}},"type":"cond-expr","locations":[{"start":{"line":25,"column":40},"end":{"line":25,"column":49}},{"start":{"line":25,"column":52},"end":{"line":25,"column":61}}],"line":25}},"s":{"0":2,"1":14,"2":14,"3":14,"4":10,"5":0,"6":0,"7":14,"8":0,"9":0,"10":0,"11":0,"12":14,"13":14,"14":2},"f":{"0":14,"1":10,"2":0},"b":{"0":[0],"1":[0,10],"2":[0,0],"3":[7,7]},"_coverageSchema":"1a1c01bbd47fc00a2c39e90264f33305004495a9","hash":"d4a4557dff7f75246001530c53ce13e883f1205e"}
,"D:\\Study Material\\Semester 6\\Software Engineering\\Project_2\\Flux\\frontend\\myapp\\src\\components\\useCrossfadeAudio.js": {"path":"D:\\Study Material\\Semester 6\\Software Engineering\\Project_2\\Flux\\frontend\\myapp\\src\\components\\useCrossfadeAudio.js","statementMap":{"0":{"start":{"line":3,"column":26},"end":{"line":55,"column":1}},"1":{"start":{"line":4,"column":22},"end":{"line":52,"column":3}},"2":{"start":{"line":6,"column":20},"end":{"line":6,"column":36}},"3":{"start":{"line":7,"column":6},"end":{"line":7,"column":25}},"4":{"start":{"line":7,"column":18},"end":{"line":7,"column":25}},"5":{"start":{"line":9,"column":29},"end":{"line":9,"column":41}},"6":{"start":{"line":10,"column":24},"end":{"line":10,"column":37}},"7":{"start":{"line":11,"column":24},"end":{"line":11,"column":26}},"8":{"start":{"line":12,"column":25},"end":{"line":12,"column":49}},"9":{"start":{"line":13,"column":27},"end":{"line":13,"column":30}},"10":{"start":{"line":15,"column":27},"end":{"line":15,"column":28}},"11":{"start":{"line":17,"column":27},"end":{"line":47,"column":22}},"12":{"start":{"line":18,"column":8},"end":{"line":18,"column":25}},"13":{"start":{"line":21,"column":8},"end":{"line":41,"column":9}},"14":{"start":{"line":22,"column":10},"end":{"line":26,"column":12}},"15":{"start":{"line":30,"column":10},"end":{"line":35,"column":11}},"16":{"start":{"line":31,"column":12},"end":{"line":31,"column":43}},"17":{"start":{"line":32,"column":12},"end":{"line":34,"column":13}},"18":{"start":{"line":33,"column":14},"end":{"line":33,"column":73}},"19":{"start":{"line":33,"column":40},"end":{"line":33,"column":71}},"20":{"start":{"line":36,"column":10},"end":{"line":40,"column":12}},"21":{"start":{"line":43,"column":8},"end":{"line":46,"column":9}},"22":{"start":{"line":44,"column":10},"end":{"line":44,"column":38}},"23":{"start":{"line":45,"column":10},"end":{"line":45,"column":40}},"24":{"start":{"line":49,"column":6},"end":{"line":49,"column":47}},"25":{"start":{"line":49,"column":19},"end":{"line":49,"column":46}},"26":{"start":{"line":54,"column":2},"end":{"line":54,"column":25}}},"fnMap":{"0":{"name":"(anonymous_0)","decl":{"start":{"line":3,"column":26},"end":{"line":3,"column":27}},"loc":{"start":{"line":3,"column":58},"end":{"line":55,"column":1}},"line":3},"1":{"name":"(anonymous_1)","decl":{"start":{"line":5,"column":4},"end":{"line":5,"column":5}},"loc":{"start":{"line":5,"column":20},"end":{"line":50,"column":5}},"line":5},"2":{"name":"(anonymous_2)","decl":{"start":{"line":17,"column":39},"end":{"line":17,"column":40}},"loc":{"start":{"line":17,"column":45},"end":{"line":47,"column":7}},"line":17},"3":{"name":"(anonymous_3)","decl":{"start":{"line":33,"column":33},"end":{"line":33,"column":34}},"loc":{"start":{"line":33,"column":40},"end":{"line":33,"column":71}},"line":33},"4":{"name":"(anonymous_4)","decl":{"start":{"line":49,"column":13},"end":{"line":49,"column":14}},"loc":{"start":{"line":49,"column":19},"end":{"line":49,"column":46}},"line":49}},"branchMap":{"0":{"loc":{"start":{"line":3,"column":37},"end":{"line":3,"column":53}},"type":"default-arg","locations":[{"start":{"line":3,"column":52},"end":{"line":3,"column":53}}],"line":3},"1":{"loc":{"start":{"line":7,"column":6},"end":{"line":7,"column":25}},"type":"if","locations":[{"start":{"line":7,"column":6},"end":{"line":7,"column":25}},{"start":{},"end":{}}],"line":7},"2":{"loc":{"start":{"line":21,"column":8},"end":{"line":41,"column":9}},"type":"if","locations":[{"start":{"line":21,"column":8},"end":{"line":41,"column":9}},{"start":{"line":29,"column":13},"end":{"line":41,"column":9}}],"line":21},"3":{"loc":{"start":{"line":30,"column":10},"end":{"line":35,"column":11}},"type":"if","locations":[{"start":{"line":30,"column":10},"end":{"line":35,"column":11}},{"start":{},"end":{}}],"line":30},"4":{"loc":{"start":{"line":32,"column":12},"end":{"line":34,"column":13}},"type":"if","locations":[{"start":{"line":32,"column":12},"end":{"line":34,"column":13}},{"start":{},"end":{}}],"line":32},"5":{"loc":{"start":{"line":43,"column":8},"end":{"line":46,"column":9}},"type":"if","locations":[{"start":{"line":43,"column":8},"end":{"line":46,"column":9}},{"start":{},"end":{}}],"line":43}},"s":{"0":1,"1":2,"2":0,"3":0,"4":0,"5":0,"6":0,"7":0,"8":0,"9":0,"10":0,"11":0,"12":0,"13":0,"14":0,"15":0,"16":0,"17":0,"18":0,"19":0,"20":0,"21":0,"22":0,"23":0,"24":0,"25":0,"26":2},"f":{"0":2,"1":0,"2":0,"3":0,"4":0},"b":{"0":[0],"1":[0,0],"2":[0,0],"3":[0,0],"4":[0,0],"5":[0,0]},"_coverageSchema":"1a1c01bbd47fc00a2c39e90264f33305004495a9","hash":"e5ac6549ec76d8b51ee32ea8d5871937ff5466b3"}
,"D:\\Study Material\\Semester 6\\Software Engineering\\Project_2\\Flux\\frontend\\myapp\\src\\components\\useEQControls.js": {"path":"D:\\Study Material\\Semester 6\\Software Engineering\\Project_2\\Flux\\frontend\\myapp\\src\\components\\useEQControls.js","statementMap":{"0":{"start":{"line":3,"column":29},"end":{"line":98,"column":1}},"1":{"start":{"line":4,"column":26},"end":{"line":4,"column":38}},"2":{"start":{"line":5,"column":20},"end":{"line":5,"column":32}},"3":{"start":{"line":6,"column":19},"end":{"line":6,"column":31}},"4":{"start":{"line":7,"column":19},"end":{"line":7,"column":31}},"5":{"start":{"line":8,"column":24},"end":{"line":8,"column":36}},"6":{"start":{"line":9,"column":25},"end":{"line":9,"column":38}},"7":{"start":{"line":11,"column":2},"end":{"line":74,"column":17}},"8":{"start":{"line":12,"column":4},"end":{"line":12,"column":61}},"9":{"start":{"line":12,"column":54},"end":{"line":12,"column":61}},"10":{"start":{"line":14,"column":19},"end":{"line":67,"column":5}},"11":{"start":{"line":15,"column":6},"end":{"line":66,"column":7}},"12":{"start":{"line":17,"column":8},"end":{"line":19,"column":67}},"13":{"start":{"line":22,"column":8},"end":{"line":24,"column":77}},"14":{"start":{"line":27,"column":8},"end":{"line":27,"column":73}},"15":{"start":{"line":28,"column":8},"end":{"line":28,"column":45}},"16":{"start":{"line":29,"column":8},"end":{"line":29,"column":49}},"17":{"start":{"line":30,"column":8},"end":{"line":30,"column":41}},"18":{"start":{"line":32,"column":8},"end":{"line":32,"column":72}},"19":{"start":{"line":33,"column":8},"end":{"line":33,"column":42}},"20":{"start":{"line":34,"column":8},"end":{"line":34,"column":48}},"21":{"start":{"line":35,"column":8},"end":{"line":35,"column":39}},"22":{"start":{"line":36,"column":8},"end":{"line":36,"column":40}},"23":{"start":{"line":38,"column":8},"end":{"line":38,"column":72}},"24":{"start":{"line":39,"column":8},"end":{"line":39,"column":43}},"25":{"start":{"line":40,"column":8},"end":{"line":40,"column":47}},"26":{"start":{"line":41,"column":8},"end":{"line":41,"column":40}},"27":{"start":{"line":44,"column":8},"end":{"line":44,"column":43}},"28":{"start":{"line":47,"column":8},"end":{"line":47,"column":56}},"29":{"start":{"line":48,"column":8},"end":{"line":48,"column":51}},"30":{"start":{"line":49,"column":8},"end":{"line":49,"column":52}},"31":{"start":{"line":52,"column":8},"end":{"line":52,"column":71}},"32":{"start":{"line":55,"column":8},"end":{"line":55,"column":65}},"33":{"start":{"line":56,"column":8},"end":{"line":56,"column":61}},"34":{"start":{"line":57,"column":8},"end":{"line":57,"column":53}},"35":{"start":{"line":58,"column":8},"end":{"line":58,"column":53}},"36":{"start":{"line":59,"column":8},"end":{"line":59,"column":51}},"37":{"start":{"line":60,"column":8},"end":{"line":60,"column":51}},"38":{"start":{"line":62,"column":8},"end":{"line":62,"column":38}},"39":{"start":{"line":63,"column":8},"end":{"line":63,"column":60}},"40":{"start":{"line":65,"column":8},"end":{"line":65,"column":66}},"41":{"start":{"line":69,"column":4},"end":{"line":69,"column":13}},"42":{"start":{"line":71,"column":4},"end":{"line":73,"column":6}},"43":{"start":{"line":76,"column":20},"end":{"line":81,"column":3}},"44":{"start":{"line":77,"column":4},"end":{"line":80,"column":5}},"45":{"start":{"line":78,"column":6},"end":{"line":78,"column":43}},"46":{"start":{"line":79,"column":6},"end":{"line":79,"column":44}},"47":{"start":{"line":83,"column":19},"end":{"line":88,"column":3}},"48":{"start":{"line":84,"column":4},"end":{"line":87,"column":5}},"49":{"start":{"line":85,"column":6},"end":{"line":85,"column":42}},"50":{"start":{"line":86,"column":6},"end":{"line":86,"column":43}},"51":{"start":{"line":90,"column":19},"end":{"line":95,"column":3}},"52":{"start":{"line":91,"column":4},"end":{"line":94,"column":5}},"53":{"start":{"line":92,"column":6},"end":{"line":92,"column":42}},"54":{"start":{"line":93,"column":6},"end":{"line":93,"column":43}},"55":{"start":{"line":97,"column":2},"end":{"line":97,"column":43}}},"fnMap":{"0":{"name":"(anonymous_0)","decl":{"start":{"line":3,"column":29},"end":{"line":3,"column":30}},"loc":{"start":{"line":3,"column":43},"end":{"line":98,"column":1}},"line":3},"1":{"name":"(anonymous_1)","decl":{"start":{"line":11,"column":12},"end":{"line":11,"column":13}},"loc":{"start":{"line":11,"column":18},"end":{"line":74,"column":3}},"line":11},"2":{"name":"(anonymous_2)","decl":{"start":{"line":14,"column":19},"end":{"line":14,"column":20}},"loc":{"start":{"line":14,"column":31},"end":{"line":67,"column":5}},"line":14},"3":{"name":"(anonymous_3)","decl":{"start":{"line":71,"column":11},"end":{"line":71,"column":12}},"loc":{"start":{"line":71,"column":17},"end":{"line":73,"column":5}},"line":71},"4":{"name":"(anonymous_4)","decl":{"start":{"line":76,"column":20},"end":{"line":76,"column":21}},"loc":{"start":{"line":76,"column":31},"end":{"line":81,"column":3}},"line":76},"5":{"name":"(anonymous_5)","decl":{"start":{"line":83,"column":19},"end":{"line":83,"column":20}},"loc":{"start":{"line":83,"column":30},"end":{"line":88,"column":3}},"line":83},"6":{"name":"(anonymous_6)","decl":{"start":{"line":90,"column":19},"end":{"line":90,"column":20}},"loc":{"start":{"line":90,"column":30},"end":{"line":95,"column":3}},"line":90}},"branchMap":{"0":{"loc":{"start":{"line":12,"column":4},"end":{"line":12,"column":61}},"type":"if","locations":[{"start":{"line":12,"column":4},"end":{"line":12,"column":61}},{"start":{},"end":{}}],"line":12},"1":{"loc":{"start":{"line":12,"column":8},"end":{"line":12,"column":52}},"type":"binary-expr","locations":[{"start":{"line":12,"column":8},"end":{"line":12,"column":26}},{"start":{"line":12,"column":30},"end":{"line":12,"column":52}}],"line":12},"2":{"loc":{"start":{"line":18,"column":10},"end":{"line":19,"column":66}},"type":"binary-expr","locations":[{"start":{"line":18,"column":10},"end":{"line":18,"column":40}},{"start":{"line":19,"column":10},"end":{"line":19,"column":66}}],"line":18},"3":{"loc":{"start":{"line":19,"column":15},"end":{"line":19,"column":63}},"type":"binary-expr","locations":[{"start":{"line":19,"column":15},"end":{"line":19,"column":34}},{"start":{"line":19,"column":38},"end":{"line":19,"column":63}}],"line":19},"4":{"loc":{"start":{"line":23,"column":10},"end":{"line":24,"column":76}},"type":"binary-expr","locations":[{"start":{"line":23,"column":10},"end":{"line":23,"column":38}},{"start":{"line":24,"column":10},"end":{"line":24,"column":76}}],"line":23},"5":{"loc":{"start":{"line":77,"column":4},"end":{"line":80,"column":5}},"type":"if","locations":[{"start":{"line":77,"column":4},"end":{"line":80,"column":5}},{"start":{},"end":{}}],"line":77},"6":{"loc":{"start":{"line":84,"column":4},"end":{"line":87,"column":5}},"type":"if","locations":[{"start":{"line":84,"column":4},"end":{"line":87,"column":5}},{"start":{},"end":{}}],"line":84},"7":{"loc":{"start":{"line":91,"column":4},"end":{"line":94,"column":5}},"type":"if","locations":[{"start":{"line":91,"column":4},"end":{"line":94,"column":5}},{"start":{},"end":{}}],"line":91}},"s":{"0":2,"1":14,"2":14,"3":14,"4":14,"5":14,"6":14,"7":14,"8":10,"9":10,"10":0,"11":0,"12":0,"13":0,"14":0,"15":0,"16":0,"17":0,"18":0,"19":0,"20":0,"21":0,"22":0,"23":0,"24":0,"25":0,"26":0,"27":0,"28":0,"29":0,"30":0,"31":0,"32":0,"33":0,"34":0,"35":0,"36":0,"37":0,"38":0,"39":0,"40":0,"41":0,"42":0,"43":14,"44":0,"45":0,"46":0,"47":14,"48":0,"49":0,"50":0,"51":14,"52":0,"53":0,"54":0,"55":14},"f":{"0":14,"1":10,"2":0,"3":0,"4":0,"5":0,"6":0},"b":{"0":[10,0],"1":[10,0],"2":[0,0],"3":[0,0],"4":[0,0],"5":[0,0],"6":[0,0],"7":[0,0]},"_coverageSchema":"1a1c01bbd47fc00a2c39e90264f33305004495a9","hash":"839e7f868f87387f23fa2a0f744fc11afd1167c5"}
}
