TN:
SF:src\App.js
FN:5,App
FNF:1
FNH:1
FNDA:1,App
DA:6,1
LF:1
LH:1
BRF:0
BRH:0
end_of_record
TN:
SF:src\components\AddSongModal.js
FN:5,(anonymous_0)
FN:12,(anonymous_1)
FN:22,(anonymous_2)
FN:61,(anonymous_3)
FN:75,(anonymous_4)
FN:85,(anonymous_5)
FN:110,(anonymous_6)
FNF:7
FNH:2
FNDA:2,(anonymous_0)
FNDA:0,(anonymous_1)
FNDA:0,(anonymous_2)
FNDA:0,(anonymous_3)
FNDA:2,(anonymous_4)
FNDA:0,(anonymous_5)
FNDA:0,(anonymous_6)
DA:5,2
DA:6,2
DA:7,2
DA:8,2
DA:9,2
DA:12,2
DA:13,0
DA:17,0
DA:18,0
DA:22,2
DA:23,0
DA:25,0
DA:27,0
DA:28,0
DA:30,0
DA:31,0
DA:38,0
DA:39,0
DA:40,0
DA:41,0
DA:42,0
DA:46,2
DA:61,0
DA:76,2
DA:77,2
DA:78,2
DA:85,0
DA:111,0
DA:120,2
LF:29
LH:12
BRDA:25,0,0,0
BRDA:25,0,1,0
BRDA:25,1,0,0
BRDA:25,1,1,0
BRDA:27,2,0,0
BRDA:27,2,1,0
BRDA:30,3,0,0
BRDA:30,3,1,0
BRDA:38,4,0,0
BRDA:38,4,1,0
BRDA:39,5,0,0
BRDA:39,5,1,0
BRDA:57,6,0,2
BRDA:57,6,1,0
BRDA:76,7,0,2
BRDA:76,7,1,0
BRF:16
BRH:2
end_of_record
TN:
SF:src\components\AudioEffects.js
FN:4,(anonymous_0)
FN:31,(anonymous_1)
FN:84,(anonymous_2)
FN:185,(anonymous_3)
FN:194,(anonymous_4)
FN:202,(anonymous_5)
FN:210,(anonymous_6)
FN:248,(anonymous_7)
FN:263,(anonymous_8)
FN:286,(anonymous_9)
FN:307,(anonymous_10)
FN:321,(anonymous_11)
FN:331,(anonymous_12)
FN:341,(anonymous_13)
FN:357,(anonymous_14)
FN:366,(anonymous_15)
FN:384,(anonymous_16)
FN:386,(anonymous_17)
FN:395,(anonymous_18)
FN:397,(anonymous_19)
FN:407,(anonymous_20)
FN:409,(anonymous_21)
FNF:22
FNH:0
FNDA:0,(anonymous_0)
FNDA:0,(anonymous_1)
FNDA:0,(anonymous_2)
FNDA:0,(anonymous_3)
FNDA:0,(anonymous_4)
FNDA:0,(anonymous_5)
FNDA:0,(anonymous_6)
FNDA:0,(anonymous_7)
FNDA:0,(anonymous_8)
FNDA:0,(anonymous_9)
FNDA:0,(anonymous_10)
FNDA:0,(anonymous_11)
FNDA:0,(anonymous_12)
FNDA:0,(anonymous_13)
FNDA:0,(anonymous_14)
FNDA:0,(anonymous_15)
FNDA:0,(anonymous_16)
FNDA:0,(anonymous_17)
FNDA:0,(anonymous_18)
FNDA:0,(anonymous_19)
FNDA:0,(anonymous_20)
FNDA:0,(anonymous_21)
DA:4,1
DA:5,0
DA:6,0
DA:7,0
DA:8,0
DA:11,0
DA:12,0
DA:13,0
DA:14,0
DA:15,0
DA:16,0
DA:17,0
DA:18,0
DA:21,0
DA:31,0
DA:32,0
DA:34,0
DA:35,0
DA:38,0
DA:39,0
DA:42,0
DA:43,0
DA:44,0
DA:47,0
DA:51,0
DA:55,0
DA:58,0
DA:59,0
DA:62,0
DA:63,0
DA:64,0
DA:65,0
DA:69,0
DA:70,0
DA:72,0
DA:73,0
DA:76,0
DA:77,0
DA:79,0
DA:84,0
DA:85,0
DA:87,0
DA:89,0
DA:90,0
DA:91,0
DA:94,0
DA:99,0
DA:101,0
DA:102,0
DA:103,0
DA:104,0
DA:107,0
DA:108,0
DA:109,0
DA:112,0
DA:115,0
DA:119,0
DA:120,0
DA:121,0
DA:122,0
DA:126,0
DA:128,0
DA:130,0
DA:131,0
DA:133,0
DA:134,0
DA:136,0
DA:137,0
DA:139,0
DA:140,0
DA:142,0
DA:143,0
DA:145,0
DA:146,0
DA:149,0
DA:150,0
DA:153,0
DA:154,0
DA:155,0
DA:156,0
DA:159,0
DA:162,0
DA:163,0
DA:165,0
DA:166,0
DA:170,0
DA:171,0
DA:174,0
DA:175,0
DA:176,0
DA:179,0
DA:181,0
DA:185,0
DA:186,0
DA:187,0
DA:189,0
DA:190,0
DA:194,0
DA:195,0
DA:196,0
DA:198,0
DA:202,0
DA:203,0
DA:204,0
DA:206,0
DA:210,0
DA:211,0
DA:213,0
DA:215,0
DA:217,0
DA:218,0
DA:220,0
DA:222,0
DA:223,0
DA:225,0
DA:227,0
DA:228,0
DA:230,0
DA:232,0
DA:233,0
DA:234,0
DA:235,0
DA:237,0
DA:240,0
DA:243,0
DA:248,0
DA:249,0
DA:250,0
DA:251,0
DA:253,0
DA:254,0
DA:256,0
DA:257,0
DA:259,0
DA:263,0
DA:264,0
DA:265,0
DA:268,0
DA:269,0
DA:272,0
DA:273,0
DA:274,0
DA:275,0
DA:281,0
DA:282,0
DA:286,0
DA:287,0
DA:288,0
DA:289,0
DA:290,0
DA:293,0
DA:294,0
DA:296,0
DA:297,0
DA:299,0
DA:300,0
DA:301,0
DA:303,0
DA:307,0
DA:308,0
DA:309,0
DA:310,0
DA:312,0
DA:313,0
DA:314,0
DA:317,0
DA:321,0
DA:322,0
DA:323,0
DA:324,0
DA:325,0
DA:326,0
DA:327,0
DA:331,0
DA:332,0
DA:333,0
DA:334,0
DA:335,0
DA:336,0
DA:337,0
DA:341,0
DA:342,0
DA:343,0
DA:344,0
DA:345,0
DA:346,0
DA:347,0
DA:350,0
DA:358,0
DA:367,0
DA:384,0
DA:386,0
DA:395,0
DA:397,0
DA:407,0
DA:409,0
DA:419,1
LF:197
LH:2
BRDA:32,0,0,0
BRDA:32,0,1,0
BRDA:32,1,0,0
BRDA:32,1,1,0
BRDA:38,2,0,0
BRDA:38,2,1,0
BRDA:47,3,0,0
BRDA:47,3,1,0
BRDA:85,4,0,0
BRDA:85,4,1,0
BRDA:87,5,0,0
BRDA:87,5,1,0
BRDA:94,6,0,0
BRDA:94,6,1,0
BRDA:99,7,0,0
BRDA:99,7,1,0
BRDA:107,8,0,0
BRDA:107,8,1,0
BRDA:119,9,0,0
BRDA:119,9,1,0
BRDA:128,10,0,0
BRDA:128,10,1,0
BRDA:128,10,2,0
BRDA:128,10,3,0
BRDA:128,10,4,0
BRDA:128,10,5,0
BRDA:128,10,6,0
BRDA:153,11,0,0
BRDA:153,11,1,0
BRDA:186,12,0,0
BRDA:186,12,1,0
BRDA:186,13,0,0
BRDA:186,13,1,0
BRDA:186,13,2,0
BRDA:195,14,0,0
BRDA:195,14,1,0
BRDA:195,15,0,0
BRDA:195,15,1,0
BRDA:195,15,2,0
BRDA:203,16,0,0
BRDA:203,16,1,0
BRDA:203,17,0,0
BRDA:203,17,1,0
BRDA:203,17,2,0
BRDA:211,18,0,0
BRDA:211,18,1,0
BRDA:215,19,0,0
BRDA:215,19,1,0
BRDA:215,19,2,0
BRDA:215,19,3,0
BRDA:215,19,4,0
BRDA:215,19,5,0
BRDA:217,20,0,0
BRDA:217,20,1,0
BRDA:222,21,0,0
BRDA:222,21,1,0
BRDA:227,22,0,0
BRDA:227,22,1,0
BRDA:232,23,0,0
BRDA:232,23,1,0
BRDA:363,24,0,0
BRDA:363,24,1,0
BRDA:364,25,0,0
BRDA:364,25,1,0
BRDA:367,26,0,0
BRDA:367,26,1,0
BRDA:375,27,0,0
BRDA:375,27,1,0
BRDA:384,28,0,0
BRDA:384,28,1,0
BRDA:395,29,0,0
BRDA:395,29,1,0
BRDA:400,30,0,0
BRDA:400,30,1,0
BRDA:400,30,2,0
BRDA:407,31,0,0
BRDA:407,31,1,0
BRF:77
BRH:0
end_of_record
TN:
SF:src\components\ControlButtons.js
FN:8,(anonymous_0)
FN:18,(anonymous_1)
FN:21,(anonymous_2)
FN:25,(anonymous_3)
FN:33,(anonymous_4)
FN:42,(anonymous_5)
FN:53,(anonymous_6)
FN:88,(anonymous_7)
FN:114,(anonymous_8)
FNF:9
FNH:6
FNDA:8,(anonymous_0)
FNDA:4,(anonymous_1)
FNDA:0,(anonymous_2)
FNDA:0,(anonymous_3)
FNDA:4,(anonymous_4)
FNDA:0,(anonymous_5)
FNDA:8,(anonymous_6)
FNDA:2,(anonymous_7)
FNDA:1,(anonymous_8)
DA:8,1
DA:9,8
DA:10,8
DA:11,8
DA:12,8
DA:13,8
DA:14,8
DA:15,8
DA:16,8
DA:18,8
DA:19,4
DA:21,4
DA:22,0
DA:25,4
DA:26,0
DA:29,4
DA:30,4
DA:31,4
DA:33,4
DA:34,4
DA:35,4
DA:36,4
DA:37,4
DA:42,8
DA:43,0
DA:44,0
DA:45,0
DA:47,0
DA:53,8
DA:54,8
DA:55,8
DA:56,8
DA:59,8
DA:88,2
DA:114,1
DA:128,1
LF:36
LH:30
BRDA:19,0,0,0
BRDA:19,0,1,4
BRDA:34,1,0,4
BRDA:34,1,1,0
BRDA:43,2,0,0
BRDA:43,2,1,0
BRDA:44,3,0,0
BRDA:44,3,1,0
BRDA:56,4,0,8
BRDA:56,4,1,0
BRDA:64,5,0,0
BRDA:64,5,1,8
BRDA:84,6,0,1
BRDA:84,6,1,7
BRDA:95,7,0,8
BRDA:95,7,1,1
BRDA:123,8,0,8
BRDA:123,8,1,1
BRDA:123,8,2,1
BRF:19
BRH:11
end_of_record
TN:
SF:src\components\CuePointsManager.js
FN:3,(anonymous_0)
FN:30,(anonymous_1)
FN:37,(anonymous_2)
FN:50,(anonymous_3)
FN:60,(anonymous_4)
FN:66,(anonymous_5)
FN:74,(anonymous_6)
FN:79,(anonymous_7)
FN:88,(anonymous_8)
FN:160,(anonymous_9)
FN:167,(anonymous_10)
FN:175,(anonymous_11)
FN:197,(anonymous_12)
FNF:13
FNH:11
FNDA:17,(anonymous_0)
FNDA:2,(anonymous_1)
FNDA:1,(anonymous_2)
FNDA:1,(anonymous_3)
FNDA:0,(anonymous_4)
FNDA:1,(anonymous_5)
FNDA:1,(anonymous_6)
FNDA:2,(anonymous_7)
FNDA:1,(anonymous_8)
FNDA:4,(anonymous_9)
FNDA:1,(anonymous_10)
FNDA:1,(anonymous_11)
FNDA:0,(anonymous_12)
DA:3,2
DA:26,17
DA:27,17
DA:30,17
DA:31,2
DA:32,2
DA:37,17
DA:38,1
DA:39,1
DA:44,1
DA:45,1
DA:50,17
DA:51,1
DA:53,1
DA:54,1
DA:57,1
DA:58,0
DA:60,0
DA:66,17
DA:67,1
DA:69,1
DA:74,17
DA:75,1
DA:76,1
DA:79,2
DA:80,1
DA:82,1
DA:83,0
DA:88,17
DA:89,1
DA:90,1
DA:94,17
DA:161,4
DA:167,1
DA:175,1
DA:197,0
DA:208,2
LF:37
LH:33
BRDA:23,0,0,2
BRDA:31,1,0,2
BRDA:31,1,1,0
BRDA:38,2,0,1
BRDA:38,2,1,0
BRDA:51,3,0,1
BRDA:51,3,1,0
BRDA:57,4,0,0
BRDA:57,4,1,1
BRDA:67,5,0,1
BRDA:67,5,1,0
BRDA:67,6,0,1
BRDA:67,6,1,1
BRDA:75,7,0,1
BRDA:75,7,1,0
BRDA:82,8,0,0
BRDA:82,8,1,1
BRDA:82,9,0,1
BRDA:82,9,1,0
BRDA:89,10,0,1
BRDA:89,10,1,0
BRDA:102,11,0,2
BRDA:102,11,1,15
BRDA:117,12,0,2
BRDA:117,12,1,15
BRDA:118,13,0,2
BRDA:118,13,1,15
BRDA:140,14,0,17
BRDA:140,14,1,15
BRDA:144,15,0,1
BRDA:144,15,1,14
BRDA:157,16,0,15
BRDA:157,16,1,2
BRDA:165,17,0,0
BRDA:165,17,1,4
BRDA:187,18,0,17
BRDA:187,18,1,1
BRDA:196,19,0,1
BRDA:196,19,1,1
BRF:39
BRH:29
end_of_record
TN:
SF:src\components\DJController.js
FN:13,(anonymous_0)
FN:39,(anonymous_1)
FN:58,(anonymous_2)
FN:78,(anonymous_3)
FN:83,(anonymous_4)
FN:84,(anonymous_5)
FN:85,(anonymous_6)
FN:87,(anonymous_7)
FN:88,(anonymous_8)
FN:89,(anonymous_9)
FN:271,(anonymous_10)
FNF:11
FNH:3
FNDA:7,(anonymous_0)
FNDA:0,(anonymous_1)
FNDA:0,(anonymous_2)
FNDA:1,(anonymous_3)
FNDA:0,(anonymous_4)
FNDA:0,(anonymous_5)
FNDA:0,(anonymous_6)
FNDA:0,(anonymous_7)
FNDA:0,(anonymous_8)
FNDA:0,(anonymous_9)
FNDA:1,(anonymous_10)
DA:13,2
DA:14,7
DA:15,7
DA:16,7
DA:17,7
DA:18,7
DA:21,7
DA:22,7
DA:25,7
DA:28,7
DA:29,7
DA:30,7
DA:32,7
DA:33,7
DA:34,7
DA:36,7
DA:37,7
DA:39,7
DA:46,0
DA:47,0
DA:48,0
DA:52,0
DA:53,0
DA:58,7
DA:65,0
DA:66,0
DA:67,0
DA:71,0
DA:72,0
DA:78,7
DA:79,1
DA:83,7
DA:84,7
DA:85,7
DA:87,7
DA:88,7
DA:89,7
DA:91,7
DA:271,1
DA:289,2
LF:40
LH:30
BRDA:47,0,0,0
BRDA:47,0,1,0
BRDA:52,1,0,0
BRDA:52,1,1,0
BRDA:52,2,0,0
BRDA:52,2,1,0
BRDA:66,3,0,0
BRDA:66,3,1,0
BRDA:71,4,0,0
BRDA:71,4,1,0
BRDA:71,5,0,0
BRDA:71,5,1,0
BRDA:79,6,0,1
BRDA:79,6,1,0
BRDA:99,7,0,6
BRDA:99,7,1,1
BRDA:110,8,0,1
BRDA:110,8,1,6
BRDA:125,9,0,7
BRDA:125,9,1,6
BRDA:168,10,0,6
BRDA:168,10,1,1
BRDA:169,11,0,6
BRDA:169,11,1,1
BRDA:170,12,0,6
BRDA:170,12,1,1
BRDA:181,13,0,7
BRDA:181,13,1,0
BRDA:190,14,0,7
BRDA:190,14,1,1
BRDA:233,15,0,1
BRDA:233,15,1,6
BRDA:234,16,0,1
BRDA:234,16,1,6
BRDA:235,17,0,1
BRDA:235,17,1,6
BRDA:246,18,0,7
BRDA:246,18,1,0
BRF:38
BRH:23
end_of_record
TN:
SF:src\components\JogWheel.js
FN:3,(anonymous_0)
FN:24,(anonymous_1)
FN:27,(anonymous_2)
FN:45,(anonymous_3)
FN:52,(anonymous_4)
FN:69,(anonymous_5)
FN:79,(anonymous_6)
FN:84,(anonymous_7)
FN:117,(anonymous_8)
FN:118,(anonymous_9)
FNF:10
FNH:2
FNDA:14,(anonymous_0)
FNDA:10,(anonymous_1)
FNDA:0,(anonymous_2)
FNDA:0,(anonymous_3)
FNDA:0,(anonymous_4)
FNDA:0,(anonymous_5)
FNDA:0,(anonymous_6)
FNDA:0,(anonymous_7)
FNDA:0,(anonymous_8)
FNDA:0,(anonymous_9)
DA:3,2
DA:9,14
DA:10,14
DA:11,14
DA:12,14
DA:14,14
DA:15,14
DA:16,14
DA:17,14
DA:18,14
DA:21,14
DA:24,14
DA:25,10
DA:27,0
DA:28,0
DA:30,0
DA:32,0
DA:35,0
DA:39,0
DA:40,0
DA:41,0
DA:42,0
DA:45,0
DA:46,0
DA:47,0
DA:52,14
DA:53,0
DA:55,0
DA:56,0
DA:57,0
DA:60,0
DA:61,0
DA:62,0
DA:63,0
DA:64,0
DA:69,14
DA:70,0
DA:73,0
DA:74,0
DA:75,0
DA:76,0
DA:77,0
DA:79,0
DA:84,14
DA:85,0
DA:87,0
DA:88,0
DA:89,0
DA:90,0
DA:94,0
DA:95,0
DA:98,0
DA:99,0
DA:102,0
DA:103,0
DA:104,0
DA:105,0
DA:108,0
DA:110,0
DA:113,0
DA:114,0
DA:117,14
DA:118,0
DA:121,14
DA:166,2
LF:65
LH:19
BRDA:5,0,0,0
BRDA:6,1,0,14
BRDA:7,2,0,14
BRDA:21,3,0,7
BRDA:21,3,1,7
BRDA:25,4,0,10
BRDA:25,4,1,0
BRDA:28,5,0,0
BRDA:28,5,1,0
BRDA:28,6,0,0
BRDA:28,6,1,0
BRDA:30,7,0,0
BRDA:30,7,1,0
BRDA:39,8,0,0
BRDA:39,8,1,0
BRDA:41,9,0,0
BRDA:41,9,1,0
BRDA:46,10,0,0
BRDA:46,10,1,0
BRDA:53,11,0,0
BRDA:53,11,1,0
BRDA:60,12,0,0
BRDA:60,12,1,0
BRDA:63,13,0,0
BRDA:63,13,1,0
BRDA:73,14,0,0
BRDA:73,14,1,0
BRDA:73,15,0,0
BRDA:73,15,1,0
BRDA:76,16,0,0
BRDA:76,16,1,0
BRDA:85,17,0,0
BRDA:85,17,1,0
BRDA:85,18,0,0
BRDA:85,18,1,0
BRDA:108,19,0,0
BRDA:108,19,1,0
BRDA:108,20,0,0
BRDA:108,20,1,0
BRDA:118,21,0,0
BRDA:118,21,1,0
BRDA:129,22,0,0
BRDA:129,22,1,14
BRDA:141,23,0,0
BRDA:141,23,1,14
BRDA:150,24,0,0
BRDA:150,24,1,14
BRDA:154,25,0,0
BRDA:154,25,1,14
BRDA:155,26,0,0
BRDA:155,26,1,14
BRDA:159,27,0,0
BRDA:159,27,1,14
BRF:53
BRH:11
end_of_record
TN:
SF:src\components\Knob.js
FN:3,(anonymous_0)
FN:19,(anonymous_1)
FN:27,(anonymous_2)
FN:40,(anonymous_3)
FNF:4
FNH:1
FNDA:42,(anonymous_0)
FNDA:0,(anonymous_1)
FNDA:0,(anonymous_2)
FNDA:0,(anonymous_3)
DA:3,2
DA:11,42
DA:12,42
DA:13,42
DA:14,42
DA:17,42
DA:19,42
DA:20,0
DA:21,0
DA:22,0
DA:23,0
DA:24,0
DA:27,42
DA:28,0
DA:29,0
DA:30,0
DA:34,0
DA:36,0
DA:37,0
DA:40,42
DA:41,0
DA:42,0
DA:45,42
DA:72,2
LF:24
LH:11
BRDA:5,0,0,0
BRDA:6,1,0,0
BRDA:7,2,0,0
BRDA:8,3,0,0
BRDA:37,4,0,0
BRDA:37,4,1,0
BRDA:64,5,0,0
BRDA:64,5,1,42
BRF:8
BRH:1
end_of_record
TN:
SF:src\components\MicrophoneInput.js
FN:3,(anonymous_0)
FN:16,(anonymous_1)
FN:24,(anonymous_2)
FN:30,(anonymous_3)
FN:54,(anonymous_4)
FN:61,(anonymous_5)
FN:67,(anonymous_6)
FN:79,(anonymous_7)
FN:80,(anonymous_8)
FN:86,(anonymous_9)
FN:97,(anonymous_10)
FN:102,(anonymous_11)
FN:106,(anonymous_12)
FN:116,(anonymous_13)
FN:117,(anonymous_14)
FN:118,(anonymous_15)
FN:123,(anonymous_16)
FN:171,(anonymous_17)
FN:178,(anonymous_18)
FN:189,(anonymous_19)
FN:199,(anonymous_20)
FNF:21
FNH:3
FNDA:7,(anonymous_0)
FNDA:0,(anonymous_1)
FNDA:0,(anonymous_2)
FNDA:0,(anonymous_3)
FNDA:0,(anonymous_4)
FNDA:0,(anonymous_5)
FNDA:0,(anonymous_6)
FNDA:0,(anonymous_7)
FNDA:0,(anonymous_8)
FNDA:0,(anonymous_9)
FNDA:0,(anonymous_10)
FNDA:0,(anonymous_11)
FNDA:0,(anonymous_12)
FNDA:5,(anonymous_13)
FNDA:5,(anonymous_14)
FNDA:0,(anonymous_15)
FNDA:0,(anonymous_16)
FNDA:0,(anonymous_17)
FNDA:0,(anonymous_18)
FNDA:0,(anonymous_19)
FNDA:0,(anonymous_20)
DA:3,2
DA:4,7
DA:5,7
DA:6,7
DA:7,7
DA:8,7
DA:10,7
DA:11,7
DA:12,7
DA:13,7
DA:16,7
DA:17,0
DA:18,0
DA:19,0
DA:21,0
DA:22,0
DA:24,0
DA:25,0
DA:26,0
DA:30,0
DA:31,0
DA:32,0
DA:34,0
DA:42,0
DA:45,0
DA:46,0
DA:48,0
DA:49,0
DA:54,7
DA:55,0
DA:56,0
DA:57,0
DA:60,0
DA:61,0
DA:67,7
DA:68,0
DA:69,0
DA:71,0
DA:72,0
DA:75,0
DA:76,0
DA:77,0
DA:78,0
DA:79,0
DA:80,0
DA:86,7
DA:87,0
DA:90,0
DA:91,0
DA:92,0
DA:93,0
DA:97,0
DA:98,0
DA:99,0
DA:102,0
DA:106,7
DA:107,0
DA:108,0
DA:110,0
DA:111,0
DA:116,7
DA:117,5
DA:118,5
DA:119,0
DA:122,5
DA:123,0
DA:127,7
DA:172,0
DA:178,0
DA:189,0
DA:199,0
DA:204,2
LF:72
LH:21
BRDA:25,0,0,0
BRDA:25,0,1,0
BRDA:55,1,0,0
BRDA:55,1,1,0
BRDA:55,2,0,0
BRDA:55,2,1,0
BRDA:60,3,0,0
BRDA:60,3,1,0
BRDA:68,4,0,0
BRDA:68,4,1,0
BRDA:69,5,0,0
BRDA:69,5,1,0
BRDA:69,6,0,0
BRDA:69,6,1,0
BRDA:69,6,2,0
BRDA:90,7,0,0
BRDA:90,7,1,0
BRDA:90,8,0,0
BRDA:90,8,1,0
BRDA:90,8,2,0
BRDA:98,9,0,0
BRDA:98,9,1,0
BRDA:110,10,0,0
BRDA:110,10,1,0
BRDA:122,11,0,0
BRDA:122,11,1,5
BRDA:137,12,0,0
BRDA:137,12,1,7
BRDA:138,13,0,0
BRDA:138,13,1,7
BRDA:140,14,0,0
BRDA:140,14,1,7
BRDA:142,15,0,0
BRDA:142,15,1,7
BRDA:168,16,0,7
BRDA:168,16,1,0
BRDA:176,17,0,0
BRDA:176,17,1,0
BRDA:176,18,0,0
BRDA:176,18,1,0
BRDA:182,19,0,0
BRDA:182,19,1,0
BRDA:182,20,0,0
BRDA:182,20,1,0
BRDA:182,20,2,0
BRF:45
BRH:6
end_of_record
TN:
SF:src\components\RecordingButton.js
FN:3,(anonymous_0)
FN:14,(anonymous_1)
FN:21,(anonymous_2)
FN:22,(anonymous_3)
FN:27,(anonymous_4)
FN:32,(anonymous_5)
FN:149,(anonymous_6)
FN:156,(anonymous_7)
FN:169,(anonymous_8)
FN:170,(anonymous_9)
FN:178,(anonymous_10)
FN:193,(anonymous_11)
FN:199,(anonymous_12)
FN:216,(anonymous_13)
FN:267,(anonymous_14)
FNF:15
FNH:4
FNDA:7,(anonymous_0)
FNDA:0,(anonymous_1)
FNDA:5,(anonymous_2)
FNDA:5,(anonymous_3)
FNDA:0,(anonymous_4)
FNDA:0,(anonymous_5)
FNDA:0,(anonymous_6)
FNDA:0,(anonymous_7)
FNDA:0,(anonymous_8)
FNDA:0,(anonymous_9)
FNDA:5,(anonymous_10)
FNDA:0,(anonymous_11)
FNDA:0,(anonymous_12)
FNDA:0,(anonymous_13)
FNDA:0,(anonymous_14)
DA:3,2
DA:4,7
DA:5,7
DA:6,7
DA:7,7
DA:8,7
DA:9,7
DA:10,7
DA:11,7
DA:14,7
DA:15,0
DA:16,0
DA:17,0
DA:21,7
DA:22,5
DA:23,5
DA:24,5
DA:25,0
DA:27,0
DA:32,7
DA:33,0
DA:35,0
DA:36,0
DA:37,0
DA:40,0
DA:44,0
DA:45,0
DA:52,0
DA:55,0
DA:58,0
DA:59,0
DA:62,0
DA:63,0
DA:64,0
DA:69,0
DA:70,0
DA:71,0
DA:74,0
DA:76,0
DA:80,0
DA:81,0
DA:82,0
DA:87,0
DA:88,0
DA:89,0
DA:92,0
DA:94,0
DA:99,0
DA:100,0
DA:102,0
DA:109,0
DA:110,0
DA:112,0
DA:113,0
DA:115,0
DA:122,0
DA:123,0
DA:124,0
DA:129,0
DA:130,0
DA:131,0
DA:133,0
DA:138,0
DA:145,0
DA:146,0
DA:149,0
DA:150,0
DA:151,0
DA:156,0
DA:157,0
DA:160,0
DA:161,0
DA:165,0
DA:166,0
DA:169,0
DA:170,0
DA:173,0
DA:174,0
DA:178,7
DA:179,5
DA:180,0
DA:181,0
DA:184,0
DA:185,0
DA:186,0
DA:190,0
DA:191,0
DA:193,0
DA:194,0
DA:199,7
DA:200,0
DA:201,0
DA:202,0
DA:203,0
DA:204,0
DA:205,0
DA:206,0
DA:209,0
DA:210,0
DA:211,0
DA:212,0
DA:216,7
DA:217,0
DA:218,0
DA:219,0
DA:220,0
DA:224,7
DA:267,0
DA:294,2
LF:109
LH:21
BRDA:17,0,0,0
BRDA:17,0,1,0
BRDA:24,1,0,0
BRDA:24,1,1,5
BRDA:40,2,0,0
BRDA:40,2,1,0
BRDA:44,3,0,0
BRDA:44,3,1,0
BRDA:44,4,0,0
BRDA:44,4,1,0
BRDA:44,4,2,0
BRDA:44,4,3,0
BRDA:62,5,0,0
BRDA:62,5,1,0
BRDA:64,6,0,0
BRDA:64,6,1,0
BRDA:80,7,0,0
BRDA:80,7,1,0
BRDA:82,8,0,0
BRDA:82,8,1,0
BRDA:99,9,0,0
BRDA:99,9,1,0
BRDA:122,10,0,0
BRDA:122,10,1,0
BRDA:139,11,0,0
BRDA:139,11,1,0
BRDA:150,12,0,0
BRDA:150,12,1,0
BRDA:157,13,0,0
BRDA:157,13,1,0
BRDA:179,14,0,0
BRDA:179,14,1,5
BRDA:179,15,0,5
BRDA:179,15,1,0
BRDA:184,16,0,0
BRDA:184,16,1,0
BRDA:190,17,0,0
BRDA:190,17,1,0
BRDA:200,18,0,0
BRDA:200,18,1,0
BRDA:201,19,0,0
BRDA:201,19,1,0
BRDA:217,20,0,0
BRDA:217,20,1,0
BRDA:231,21,0,7
BRDA:231,21,1,0
BRDA:235,22,0,7
BRDA:235,22,1,0
BRDA:235,22,2,7
BRDA:235,22,3,0
BRDA:248,23,0,0
BRDA:248,23,1,7
BRDA:253,24,0,0
BRDA:253,24,1,7
BRDA:274,25,0,7
BRDA:274,25,1,0
BRDA:274,25,2,0
BRF:57
BRH:9
end_of_record
TN:
SF:src\components\SongLibrary.js
FN:3,(anonymous_0)
FN:8,(anonymous_1)
FN:11,(anonymous_2)
FN:12,(anonymous_3)
FN:16,(anonymous_4)
FN:23,(anonymous_5)
FN:34,(anonymous_6)
FN:48,(anonymous_7)
FN:52,(anonymous_8)
FN:66,(anonymous_9)
FNF:10
FNH:0
FNDA:0,(anonymous_0)
FNDA:0,(anonymous_1)
FNDA:0,(anonymous_2)
FNDA:0,(anonymous_3)
FNDA:0,(anonymous_4)
FNDA:0,(anonymous_5)
FNDA:0,(anonymous_6)
FNDA:0,(anonymous_7)
FNDA:0,(anonymous_8)
FNDA:0,(anonymous_9)
DA:3,2
DA:4,0
DA:5,0
DA:6,0
DA:8,0
DA:9,0
DA:10,0
DA:11,0
DA:13,0
DA:14,0
DA:17,0
DA:18,0
DA:23,0
DA:24,0
DA:27,0
DA:34,0
DA:49,0
DA:53,0
DA:54,0
DA:67,0
DA:68,0
DA:77,2
LF:22
LH:2
BRDA:40,0,0,0
BRDA:40,0,1,0
BRDA:45,1,0,0
BRDA:45,1,1,0
BRF:4
BRH:0
end_of_record
TN:
SF:src\components\SyncButton.js
FN:3,(anonymous_0)
FN:6,(anonymous_1)
FN:43,(anonymous_2)
FNF:3
FNH:2
FNDA:18,(anonymous_0)
FNDA:0,(anonymous_1)
FNDA:10,(anonymous_2)
DA:3,2
DA:4,18
DA:6,18
DA:8,0
DA:11,0
DA:13,0
DA:16,0
DA:19,0
DA:21,0
DA:24,0
DA:25,0
DA:28,0
DA:29,0
DA:33,0
DA:37,0
DA:43,18
DA:44,10
DA:45,10
DA:49,18
DA:66,2
LF:20
LH:8
BRDA:11,0,0,0
BRDA:11,0,1,0
BRDA:11,1,0,0
BRDA:11,1,1,0
BRDA:11,1,2,0
BRDA:19,2,0,0
BRDA:19,2,1,0
BRDA:33,3,0,0
BRDA:33,3,1,0
BRDA:34,4,0,0
BRDA:34,4,1,0
BRDA:44,5,0,10
BRDA:44,5,1,0
BRDA:44,6,0,10
BRDA:44,6,1,0
BRDA:54,7,0,0
BRDA:54,7,1,18
BRDA:55,8,0,0
BRDA:55,8,1,18
BRDA:58,9,0,18
BRDA:58,9,1,0
BRF:21
BRH:5
end_of_record
TN:
SF:src\components\Taskbar.js
FN:4,(anonymous_0)
FNF:1
FNH:0
FNDA:0,(anonymous_0)
DA:4,1
DA:5,0
LF:2
LH:1
BRF:0
BRH:0
end_of_record
TN:
SF:src\components\TempoSlider.js
FN:3,(anonymous_0)
FN:8,(anonymous_1)
FN:18,(anonymous_2)
FN:24,(anonymous_3)
FN:25,(anonymous_4)
FN:36,(anonymous_5)
FN:50,(anonymous_6)
FNF:7
FNH:2
FNDA:2,(anonymous_0)
FNDA:0,(anonymous_1)
FNDA:2,(anonymous_2)
FNDA:0,(anonymous_3)
FNDA:0,(anonymous_4)
FNDA:0,(anonymous_5)
FNDA:0,(anonymous_6)
DA:3,1
DA:4,2
DA:5,2
DA:8,2
DA:9,0
DA:10,0
DA:12,0
DA:13,0
DA:18,2
DA:19,2
DA:21,0
DA:24,0
DA:25,0
DA:26,0
DA:30,0
DA:36,0
DA:37,0
DA:38,0
DA:39,0
DA:43,0
DA:46,0
DA:47,0
DA:50,0
DA:51,0
DA:52,0
DA:57,2
DA:78,1
LF:27
LH:8
BRDA:12,0,0,0
BRDA:12,0,1,0
BRDA:19,1,0,0
BRDA:19,1,1,2
BRDA:21,2,0,0
BRDA:21,2,1,0
BRDA:26,3,0,0
BRDA:26,3,1,0
BRDA:27,4,0,0
BRDA:27,4,1,0
BRDA:37,5,0,0
BRDA:37,5,1,0
BRDA:38,6,0,0
BRDA:38,6,1,0
BRDA:46,7,0,0
BRDA:46,7,1,0
BRF:16
BRH:1
end_of_record
TN:
SF:src\components\TrackDisplay.js
FN:9,(anonymous_0)
FN:25,(anonymous_1)
FN:39,(anonymous_2)
FN:81,(anonymous_3)
FN:91,(anonymous_4)
FN:104,(anonymous_5)
FN:114,(anonymous_6)
FN:117,(anonymous_7)
FN:130,(anonymous_8)
FN:138,(anonymous_9)
FN:150,(anonymous_10)
FN:163,(anonymous_11)
FN:173,(anonymous_12)
FN:174,(anonymous_13)
FN:175,(anonymous_14)
FN:177,(anonymous_15)
FN:183,(anonymous_16)
FN:190,(anonymous_17)
FN:197,(anonymous_18)
FN:210,(anonymous_19)
FN:218,(anonymous_20)
FN:263,(anonymous_21)
FNF:22
FNH:6
FNDA:20,(anonymous_0)
FNDA:2,(anonymous_1)
FNDA:0,(anonymous_2)
FNDA:0,(anonymous_3)
FNDA:0,(anonymous_4)
FNDA:18,(anonymous_5)
FNDA:0,(anonymous_6)
FNDA:0,(anonymous_7)
FNDA:0,(anonymous_8)
FNDA:0,(anonymous_9)
FNDA:0,(anonymous_10)
FNDA:0,(anonymous_11)
FNDA:0,(anonymous_12)
FNDA:0,(anonymous_13)
FNDA:0,(anonymous_14)
FNDA:0,(anonymous_15)
FNDA:0,(anonymous_16)
FNDA:0,(anonymous_17)
FNDA:4,(anonymous_18)
FNDA:2,(anonymous_19)
FNDA:2,(anonymous_20)
FNDA:0,(anonymous_21)
DA:9,2
DA:10,20
DA:11,20
DA:12,20
DA:13,20
DA:14,20
DA:15,20
DA:16,20
DA:17,20
DA:18,20
DA:19,20
DA:21,20
DA:22,20
DA:25,20
DA:26,2
DA:27,2
DA:28,2
DA:29,2
DA:31,2
DA:33,2
DA:34,0
DA:39,20
DA:40,0
DA:42,0
DA:43,0
DA:46,0
DA:49,0
DA:53,0
DA:54,0
DA:58,0
DA:59,0
DA:62,0
DA:63,0
DA:64,0
DA:67,0
DA:68,0
DA:72,0
DA:73,0
DA:77,0
DA:78,0
DA:81,0
DA:82,0
DA:83,0
DA:91,0
DA:92,0
DA:93,0
DA:94,0
DA:97,0
DA:98,0
DA:99,0
DA:104,20
DA:105,18
DA:107,2
DA:108,0
DA:110,0
DA:114,2
DA:115,0
DA:118,0
DA:119,0
DA:122,0
DA:131,0
DA:138,20
DA:139,0
DA:140,0
DA:141,0
DA:143,0
DA:145,0
DA:150,20
DA:151,0
DA:152,0
DA:157,0
DA:158,0
DA:163,20
DA:164,0
DA:165,0
DA:166,0
DA:167,0
DA:170,0
DA:171,0
DA:173,0
DA:174,0
DA:175,0
DA:177,0
DA:183,20
DA:184,0
DA:185,0
DA:190,20
DA:191,0
DA:192,0
DA:197,20
DA:198,4
DA:199,4
DA:200,4
DA:203,20
DA:204,18
DA:210,2
DA:218,2
DA:227,2
DA:263,0
DA:274,2
LF:100
LH:40
BRDA:9,0,0,6
BRDA:33,1,0,0
BRDA:33,1,1,2
BRDA:42,2,0,0
BRDA:42,2,1,0
BRDA:53,3,0,0
BRDA:53,3,1,0
BRDA:67,4,0,0
BRDA:67,4,1,0
BRDA:72,5,0,0
BRDA:72,5,1,0
BRDA:105,6,0,2
BRDA:105,6,1,16
BRDA:105,7,0,18
BRDA:105,7,1,2
BRDA:107,8,0,0
BRDA:107,8,1,2
BRDA:139,9,0,0
BRDA:139,9,1,0
BRDA:140,10,0,0
BRDA:140,10,1,0
BRDA:151,11,0,0
BRDA:151,11,1,0
BRDA:164,12,0,0
BRDA:164,12,1,0
BRDA:170,13,0,0
BRDA:170,13,1,0
BRDA:184,14,0,0
BRDA:184,14,1,0
BRDA:191,15,0,0
BRDA:191,15,1,0
BRDA:200,16,0,4
BRDA:200,16,1,0
BRDA:203,17,0,18
BRDA:203,17,1,2
BRDA:216,18,0,18
BRDA:216,18,1,2
BRDA:248,19,0,2
BRDA:248,19,1,0
BRDA:261,20,0,2
BRDA:261,20,1,0
BRF:41
BRH:14
end_of_record
TN:
SF:src\components\TrackPlayback.js
FN:3,(anonymous_0)
FN:24,(anonymous_1)
FN:42,(anonymous_2)
FN:50,(anonymous_3)
FN:62,(anonymous_4)
FN:95,(anonymous_5)
FN:104,(anonymous_6)
FN:144,(anonymous_7)
FN:155,(anonymous_8)
FNF:9
FNH:1
FNDA:2,(anonymous_0)
FNDA:0,(anonymous_1)
FNDA:0,(anonymous_2)
FNDA:0,(anonymous_3)
FNDA:0,(anonymous_4)
FNDA:0,(anonymous_5)
FNDA:0,(anonymous_6)
FNDA:0,(anonymous_7)
FNDA:0,(anonymous_8)
DA:3,2
DA:21,2
DA:24,2
DA:25,0
DA:27,0
DA:28,0
DA:29,0
DA:32,0
DA:33,0
DA:36,0
DA:37,0
DA:38,0
DA:39,0
DA:42,0
DA:43,0
DA:44,0
DA:46,0
DA:47,0
DA:50,0
DA:51,0
DA:52,0
DA:54,0
DA:55,0
DA:61,0
DA:62,0
DA:66,2
DA:96,0
DA:105,0
DA:106,0
DA:144,0
DA:161,2
LF:31
LH:5
BRDA:25,0,0,0
BRDA:25,0,1,0
BRDA:25,1,0,0
BRDA:25,1,1,0
BRDA:25,1,2,0
BRDA:43,2,0,0
BRDA:43,2,1,0
BRDA:51,3,0,0
BRDA:51,3,1,0
BRDA:61,4,0,0
BRDA:61,4,1,0
BRDA:86,5,0,0
BRDA:86,5,1,2
BRDA:92,6,0,0
BRDA:92,6,1,2
BRDA:100,7,0,0
BRDA:100,7,1,0
BRDA:101,8,0,0
BRDA:101,8,1,0
BRDA:101,8,2,0
BRDA:118,9,0,0
BRDA:118,9,1,2
BRDA:119,10,0,0
BRDA:119,10,1,2
BRDA:125,11,0,0
BRDA:125,11,1,2
BRF:26
BRH:5
end_of_record
TN:
SF:src\components\VolumeSlider.js
FN:3,(anonymous_0)
FN:7,(anonymous_1)
FN:15,(anonymous_2)
FNF:3
FNH:2
FNDA:14,(anonymous_0)
FNDA:10,(anonymous_1)
FNDA:0,(anonymous_2)
DA:3,2
DA:4,14
DA:5,14
DA:7,14
DA:8,10
DA:10,0
DA:11,0
DA:15,14
DA:16,0
DA:17,0
DA:19,0
DA:20,0
DA:25,14
DA:27,14
DA:54,2
LF:15
LH:9
BRDA:3,0,0,0
BRDA:8,1,0,0
BRDA:8,1,1,10
BRDA:19,2,0,0
BRDA:19,2,1,0
BRDA:25,3,0,7
BRDA:25,3,1,7
BRF:7
BRH:3
end_of_record
TN:
SF:src\components\useCrossfadeAudio.js
FN:3,(anonymous_0)
FN:5,(anonymous_1)
FN:17,(anonymous_2)
FN:33,(anonymous_3)
FN:49,(anonymous_4)
FNF:5
FNH:1
FNDA:2,(anonymous_0)
FNDA:0,(anonymous_1)
FNDA:0,(anonymous_2)
FNDA:0,(anonymous_3)
FNDA:0,(anonymous_4)
DA:3,1
DA:4,2
DA:6,0
DA:7,0
DA:9,0
DA:10,0
DA:11,0
DA:12,0
DA:13,0
DA:15,0
DA:17,0
DA:18,0
DA:21,0
DA:22,0
DA:30,0
DA:31,0
DA:32,0
DA:33,0
DA:36,0
DA:43,0
DA:44,0
DA:45,0
DA:49,0
DA:54,2
LF:24
LH:3
BRDA:3,0,0,0
BRDA:7,1,0,0
BRDA:7,1,1,0
BRDA:21,2,0,0
BRDA:21,2,1,0
BRDA:30,3,0,0
BRDA:30,3,1,0
BRDA:32,4,0,0
BRDA:32,4,1,0
BRDA:43,5,0,0
BRDA:43,5,1,0
BRF:11
BRH:0
end_of_record
TN:
SF:src\components\useEQControls.js
FN:3,(anonymous_0)
FN:11,(anonymous_1)
FN:14,(anonymous_2)
FN:71,(anonymous_3)
FN:76,(anonymous_4)
FN:83,(anonymous_5)
FN:90,(anonymous_6)
FNF:7
FNH:2
FNDA:14,(anonymous_0)
FNDA:10,(anonymous_1)
FNDA:0,(anonymous_2)
FNDA:0,(anonymous_3)
FNDA:0,(anonymous_4)
FNDA:0,(anonymous_5)
FNDA:0,(anonymous_6)
DA:3,2
DA:4,14
DA:5,14
DA:6,14
DA:7,14
DA:8,14
DA:9,14
DA:11,14
DA:12,10
DA:14,0
DA:15,0
DA:17,0
DA:22,0
DA:27,0
DA:28,0
DA:29,0
DA:30,0
DA:32,0
DA:33,0
DA:34,0
DA:35,0
DA:36,0
DA:38,0
DA:39,0
DA:40,0
DA:41,0
DA:44,0
DA:47,0
DA:48,0
DA:49,0
DA:52,0
DA:55,0
DA:56,0
DA:57,0
DA:58,0
DA:59,0
DA:60,0
DA:62,0
DA:63,0
DA:65,0
DA:69,0
DA:71,0
DA:76,14
DA:77,0
DA:78,0
DA:79,0
DA:83,14
DA:84,0
DA:85,0
DA:86,0
DA:90,14
DA:91,0
DA:92,0
DA:93,0
DA:97,14
LF:55
LH:13
BRDA:12,0,0,10
BRDA:12,0,1,0
BRDA:12,1,0,10
BRDA:12,1,1,0
BRDA:18,2,0,0
BRDA:18,2,1,0
BRDA:19,3,0,0
BRDA:19,3,1,0
BRDA:23,4,0,0
BRDA:23,4,1,0
BRDA:77,5,0,0
BRDA:77,5,1,0
BRDA:84,6,0,0
BRDA:84,6,1,0
BRDA:91,7,0,0
BRDA:91,7,1,0
BRF:16
BRH:2
end_of_record
