TN:
SF:src\App.js
FN:5,App
FNF:1
FNH:1
FNDA:1,App
DA:6,1
LF:1
LH:1
BRF:0
BRH:0
end_of_record
TN:
SF:src\components\AddSongModal.js
FN:5,(anonymous_0)
FN:12,(anonymous_1)
FN:22,(anonymous_2)
FN:61,(anonymous_3)
FN:75,(anonymous_4)
FN:85,(anonymous_5)
FN:110,(anonymous_6)
FNF:7
FNH:2
FNDA:1,(anonymous_0)
FNDA:0,(anonymous_1)
FNDA:0,(anonymous_2)
FNDA:0,(anonymous_3)
FNDA:1,(anonymous_4)
FNDA:0,(anonymous_5)
FNDA:0,(anonymous_6)
DA:5,2
DA:6,1
DA:7,1
DA:8,1
DA:9,1
DA:12,1
DA:13,0
DA:17,0
DA:18,0
DA:22,1
DA:23,0
DA:25,0
DA:27,0
DA:28,0
DA:30,0
DA:31,0
DA:38,0
DA:39,0
DA:40,0
DA:41,0
DA:42,0
DA:46,1
DA:61,0
DA:76,1
DA:77,1
DA:78,1
DA:85,0
DA:111,0
DA:120,2
LF:29
LH:12
BRDA:25,0,0,0
BRDA:25,0,1,0
BRDA:25,1,0,0
BRDA:25,1,1,0
BRDA:27,2,0,0
BRDA:27,2,1,0
BRDA:30,3,0,0
BRDA:30,3,1,0
BRDA:38,4,0,0
BRDA:38,4,1,0
BRDA:39,5,0,0
BRDA:39,5,1,0
BRDA:57,6,0,1
BRDA:57,6,1,0
BRDA:76,7,0,1
BRDA:76,7,1,0
BRF:16
BRH:2
end_of_record
TN:
SF:src\components\AudioEffects.js
FN:4,(anonymous_0)
FN:31,(anonymous_1)
FN:84,(anonymous_2)
FN:185,(anonymous_3)
FN:194,(anonymous_4)
FN:202,(anonymous_5)
FN:210,(anonymous_6)
FN:248,(anonymous_7)
FN:263,(anonymous_8)
FN:286,(anonymous_9)
FN:307,(anonymous_10)
FN:321,(anonymous_11)
FN:331,(anonymous_12)
FN:341,(anonymous_13)
FN:357,(anonymous_14)
FN:366,(anonymous_15)
FN:384,(anonymous_16)
FN:386,(anonymous_17)
FN:395,(anonymous_18)
FN:397,(anonymous_19)
FN:407,(anonymous_20)
FN:409,(anonymous_21)
FNF:22
FNH:0
FNDA:0,(anonymous_0)
FNDA:0,(anonymous_1)
FNDA:0,(anonymous_2)
FNDA:0,(anonymous_3)
FNDA:0,(anonymous_4)
FNDA:0,(anonymous_5)
FNDA:0,(anonymous_6)
FNDA:0,(anonymous_7)
FNDA:0,(anonymous_8)
FNDA:0,(anonymous_9)
FNDA:0,(anonymous_10)
FNDA:0,(anonymous_11)
FNDA:0,(anonymous_12)
FNDA:0,(anonymous_13)
FNDA:0,(anonymous_14)
FNDA:0,(anonymous_15)
FNDA:0,(anonymous_16)
FNDA:0,(anonymous_17)
FNDA:0,(anonymous_18)
FNDA:0,(anonymous_19)
FNDA:0,(anonymous_20)
FNDA:0,(anonymous_21)
DA:4,1
DA:5,0
DA:6,0
DA:7,0
DA:8,0
DA:11,0
DA:12,0
DA:13,0
DA:14,0
DA:15,0
DA:16,0
DA:17,0
DA:18,0
DA:21,0
DA:31,0
DA:32,0
DA:34,0
DA:35,0
DA:38,0
DA:39,0
DA:42,0
DA:43,0
DA:44,0
DA:47,0
DA:51,0
DA:55,0
DA:58,0
DA:59,0
DA:62,0
DA:63,0
DA:64,0
DA:65,0
DA:69,0
DA:70,0
DA:72,0
DA:73,0
DA:76,0
DA:77,0
DA:79,0
DA:84,0
DA:85,0
DA:87,0
DA:89,0
DA:90,0
DA:91,0
DA:94,0
DA:99,0
DA:101,0
DA:102,0
DA:103,0
DA:104,0
DA:107,0
DA:108,0
DA:109,0
DA:112,0
DA:115,0
DA:119,0
DA:120,0
DA:121,0
DA:122,0
DA:126,0
DA:128,0
DA:130,0
DA:131,0
DA:133,0
DA:134,0
DA:136,0
DA:137,0
DA:139,0
DA:140,0
DA:142,0
DA:143,0
DA:145,0
DA:146,0
DA:149,0
DA:150,0
DA:153,0
DA:154,0
DA:155,0
DA:156,0
DA:159,0
DA:162,0
DA:163,0
DA:165,0
DA:166,0
DA:170,0
DA:171,0
DA:174,0
DA:175,0
DA:176,0
DA:179,0
DA:181,0
DA:185,0
DA:186,0
DA:187,0
DA:189,0
DA:190,0
DA:194,0
DA:195,0
DA:196,0
DA:198,0
DA:202,0
DA:203,0
DA:204,0
DA:206,0
DA:210,0
DA:211,0
DA:213,0
DA:215,0
DA:217,0
DA:218,0
DA:220,0
DA:222,0
DA:223,0
DA:225,0
DA:227,0
DA:228,0
DA:230,0
DA:232,0
DA:233,0
DA:234,0
DA:235,0
DA:237,0
DA:240,0
DA:243,0
DA:248,0
DA:249,0
DA:250,0
DA:251,0
DA:253,0
DA:254,0
DA:256,0
DA:257,0
DA:259,0
DA:263,0
DA:264,0
DA:265,0
DA:268,0
DA:269,0
DA:272,0
DA:273,0
DA:274,0
DA:275,0
DA:281,0
DA:282,0
DA:286,0
DA:287,0
DA:288,0
DA:289,0
DA:290,0
DA:293,0
DA:294,0
DA:296,0
DA:297,0
DA:299,0
DA:300,0
DA:301,0
DA:303,0
DA:307,0
DA:308,0
DA:309,0
DA:310,0
DA:312,0
DA:313,0
DA:314,0
DA:317,0
DA:321,0
DA:322,0
DA:323,0
DA:324,0
DA:325,0
DA:326,0
DA:327,0
DA:331,0
DA:332,0
DA:333,0
DA:334,0
DA:335,0
DA:336,0
DA:337,0
DA:341,0
DA:342,0
DA:343,0
DA:344,0
DA:345,0
DA:346,0
DA:347,0
DA:350,0
DA:358,0
DA:367,0
DA:384,0
DA:386,0
DA:395,0
DA:397,0
DA:407,0
DA:409,0
DA:419,1
LF:197
LH:2
BRDA:32,0,0,0
BRDA:32,0,1,0
BRDA:32,1,0,0
BRDA:32,1,1,0
BRDA:38,2,0,0
BRDA:38,2,1,0
BRDA:47,3,0,0
BRDA:47,3,1,0
BRDA:85,4,0,0
BRDA:85,4,1,0
BRDA:87,5,0,0
BRDA:87,5,1,0
BRDA:94,6,0,0
BRDA:94,6,1,0
BRDA:99,7,0,0
BRDA:99,7,1,0
BRDA:107,8,0,0
BRDA:107,8,1,0
BRDA:119,9,0,0
BRDA:119,9,1,0
BRDA:128,10,0,0
BRDA:128,10,1,0
BRDA:128,10,2,0
BRDA:128,10,3,0
BRDA:128,10,4,0
BRDA:128,10,5,0
BRDA:128,10,6,0
BRDA:153,11,0,0
BRDA:153,11,1,0
BRDA:186,12,0,0
BRDA:186,12,1,0
BRDA:186,13,0,0
BRDA:186,13,1,0
BRDA:186,13,2,0
BRDA:195,14,0,0
BRDA:195,14,1,0
BRDA:195,15,0,0
BRDA:195,15,1,0
BRDA:195,15,2,0
BRDA:203,16,0,0
BRDA:203,16,1,0
BRDA:203,17,0,0
BRDA:203,17,1,0
BRDA:203,17,2,0
BRDA:211,18,0,0
BRDA:211,18,1,0
BRDA:215,19,0,0
BRDA:215,19,1,0
BRDA:215,19,2,0
BRDA:215,19,3,0
BRDA:215,19,4,0
BRDA:215,19,5,0
BRDA:217,20,0,0
BRDA:217,20,1,0
BRDA:222,21,0,0
BRDA:222,21,1,0
BRDA:227,22,0,0
BRDA:227,22,1,0
BRDA:232,23,0,0
BRDA:232,23,1,0
BRDA:363,24,0,0
BRDA:363,24,1,0
BRDA:364,25,0,0
BRDA:364,25,1,0
BRDA:367,26,0,0
BRDA:367,26,1,0
BRDA:375,27,0,0
BRDA:375,27,1,0
BRDA:384,28,0,0
BRDA:384,28,1,0
BRDA:395,29,0,0
BRDA:395,29,1,0
BRDA:400,30,0,0
BRDA:400,30,1,0
BRDA:400,30,2,0
BRDA:407,31,0,0
BRDA:407,31,1,0
BRF:77
BRH:0
end_of_record
TN:
SF:src\components\ControlButtons.js
FN:8,(anonymous_0)
FN:18,(anonymous_1)
FN:21,(anonymous_2)
FN:25,(anonymous_3)
FN:33,(anonymous_4)
FN:42,(anonymous_5)
FN:53,(anonymous_6)
FN:92,(anonymous_7)
FN:118,(anonymous_8)
FNF:9
FNH:8
FNDA:9,(anonymous_0)
FNDA:4,(anonymous_1)
FNDA:0,(anonymous_2)
FNDA:1,(anonymous_3)
FNDA:4,(anonymous_4)
FNDA:2,(anonymous_5)
FNDA:9,(anonymous_6)
FNDA:2,(anonymous_7)
FNDA:1,(anonymous_8)
DA:8,1
DA:9,9
DA:10,9
DA:11,9
DA:12,9
DA:13,9
DA:14,9
DA:15,9
DA:16,9
DA:18,9
DA:19,4
DA:21,4
DA:22,0
DA:25,4
DA:26,1
DA:29,4
DA:30,4
DA:31,4
DA:33,4
DA:34,4
DA:35,4
DA:36,4
DA:37,4
DA:42,9
DA:43,2
DA:44,2
DA:45,1
DA:47,1
DA:53,9
DA:54,9
DA:55,9
DA:56,9
DA:59,9
DA:92,2
DA:118,1
DA:132,1
LF:36
LH:35
BRDA:19,0,0,0
BRDA:19,0,1,4
BRDA:34,1,0,4
BRDA:34,1,1,0
BRDA:43,2,0,2
BRDA:43,2,1,0
BRDA:44,3,0,1
BRDA:44,3,1,1
BRDA:56,4,0,9
BRDA:56,4,1,0
BRDA:68,5,0,1
BRDA:68,5,1,8
BRDA:88,6,0,1
BRDA:88,6,1,8
BRDA:99,7,0,9
BRDA:99,7,1,1
BRDA:127,8,0,9
BRDA:127,8,1,1
BRDA:127,8,2,1
BRF:19
BRH:15
end_of_record
TN:
SF:src\components\CuePointsManager.js
FN:3,(anonymous_0)
FN:30,(anonymous_1)
FN:37,(anonymous_2)
FN:50,(anonymous_3)
FN:60,(anonymous_4)
FN:66,(anonymous_5)
FN:74,(anonymous_6)
FN:79,(anonymous_7)
FN:88,(anonymous_8)
FN:160,(anonymous_9)
FN:167,(anonymous_10)
FN:175,(anonymous_11)
FN:197,(anonymous_12)
FNF:13
FNH:11
FNDA:17,(anonymous_0)
FNDA:2,(anonymous_1)
FNDA:1,(anonymous_2)
FNDA:1,(anonymous_3)
FNDA:0,(anonymous_4)
FNDA:1,(anonymous_5)
FNDA:1,(anonymous_6)
FNDA:2,(anonymous_7)
FNDA:1,(anonymous_8)
FNDA:4,(anonymous_9)
FNDA:1,(anonymous_10)
FNDA:1,(anonymous_11)
FNDA:0,(anonymous_12)
DA:3,2
DA:26,17
DA:27,17
DA:30,17
DA:31,2
DA:32,2
DA:37,17
DA:38,1
DA:39,1
DA:44,1
DA:45,1
DA:50,17
DA:51,1
DA:53,1
DA:54,1
DA:57,1
DA:58,0
DA:60,0
DA:66,17
DA:67,1
DA:69,1
DA:74,17
DA:75,1
DA:76,1
DA:79,2
DA:80,1
DA:82,1
DA:83,0
DA:88,17
DA:89,1
DA:90,1
DA:94,17
DA:161,4
DA:167,1
DA:175,1
DA:197,0
DA:208,2
LF:37
LH:33
BRDA:23,0,0,1
BRDA:31,1,0,2
BRDA:31,1,1,0
BRDA:38,2,0,1
BRDA:38,2,1,0
BRDA:51,3,0,1
BRDA:51,3,1,0
BRDA:57,4,0,0
BRDA:57,4,1,1
BRDA:67,5,0,1
BRDA:67,5,1,0
BRDA:67,6,0,1
BRDA:67,6,1,1
BRDA:75,7,0,1
BRDA:75,7,1,0
BRDA:82,8,0,0
BRDA:82,8,1,1
BRDA:82,9,0,1
BRDA:82,9,1,0
BRDA:89,10,0,1
BRDA:89,10,1,0
BRDA:102,11,0,2
BRDA:102,11,1,15
BRDA:117,12,0,2
BRDA:117,12,1,15
BRDA:118,13,0,2
BRDA:118,13,1,15
BRDA:140,14,0,17
BRDA:140,14,1,16
BRDA:144,15,0,1
BRDA:144,15,1,15
BRDA:157,16,0,15
BRDA:157,16,1,2
BRDA:165,17,0,0
BRDA:165,17,1,4
BRDA:187,18,0,17
BRDA:187,18,1,1
BRDA:196,19,0,1
BRDA:196,19,1,1
BRF:39
BRH:29
end_of_record
TN:
SF:src\components\DJController.js
FN:13,(anonymous_0)
FN:39,(anonymous_1)
FN:58,(anonymous_2)
FN:78,(anonymous_3)
FN:83,(anonymous_4)
FN:84,(anonymous_5)
FN:85,(anonymous_6)
FN:87,(anonymous_7)
FN:88,(anonymous_8)
FN:89,(anonymous_9)
FN:271,(anonymous_10)
FNF:11
FNH:3
FNDA:7,(anonymous_0)
FNDA:0,(anonymous_1)
FNDA:0,(anonymous_2)
FNDA:1,(anonymous_3)
FNDA:0,(anonymous_4)
FNDA:0,(anonymous_5)
FNDA:0,(anonymous_6)
FNDA:0,(anonymous_7)
FNDA:0,(anonymous_8)
FNDA:0,(anonymous_9)
FNDA:1,(anonymous_10)
DA:13,2
DA:14,7
DA:15,7
DA:16,7
DA:17,7
DA:18,7
DA:21,7
DA:22,7
DA:25,7
DA:28,7
DA:29,7
DA:30,7
DA:32,7
DA:33,7
DA:34,7
DA:36,7
DA:37,7
DA:39,7
DA:46,0
DA:47,0
DA:48,0
DA:52,0
DA:53,0
DA:58,7
DA:65,0
DA:66,0
DA:67,0
DA:71,0
DA:72,0
DA:78,7
DA:79,1
DA:83,7
DA:84,7
DA:85,7
DA:87,7
DA:88,7
DA:89,7
DA:91,7
DA:271,1
DA:289,2
LF:40
LH:30
BRDA:47,0,0,0
BRDA:47,0,1,0
BRDA:52,1,0,0
BRDA:52,1,1,0
BRDA:52,2,0,0
BRDA:52,2,1,0
BRDA:66,3,0,0
BRDA:66,3,1,0
BRDA:71,4,0,0
BRDA:71,4,1,0
BRDA:71,5,0,0
BRDA:71,5,1,0
BRDA:79,6,0,1
BRDA:79,6,1,0
BRDA:99,7,0,6
BRDA:99,7,1,1
BRDA:110,8,0,1
BRDA:110,8,1,6
BRDA:125,9,0,7
BRDA:125,9,1,6
BRDA:168,10,0,6
BRDA:168,10,1,1
BRDA:169,11,0,6
BRDA:169,11,1,1
BRDA:170,12,0,6
BRDA:170,12,1,1
BRDA:181,13,0,7
BRDA:181,13,1,0
BRDA:190,14,0,7
BRDA:190,14,1,1
BRDA:233,15,0,1
BRDA:233,15,1,6
BRDA:234,16,0,1
BRDA:234,16,1,6
BRDA:235,17,0,1
BRDA:235,17,1,6
BRDA:246,18,0,7
BRDA:246,18,1,0
BRF:38
BRH:23
end_of_record
TN:
SF:src\components\JogWheel.js
FN:3,(anonymous_0)
FN:24,(anonymous_1)
FN:27,(anonymous_2)
FN:45,(anonymous_3)
FN:52,(anonymous_4)
FN:69,(anonymous_5)
FN:79,(anonymous_6)
FN:84,(anonymous_7)
FN:117,(anonymous_8)
FN:118,(anonymous_9)
FNF:10
FNH:9
FNDA:48,(anonymous_0)
FNDA:32,(anonymous_1)
FNDA:1,(anonymous_2)
FNDA:21,(anonymous_3)
FNDA:8,(anonymous_4)
FNDA:8,(anonymous_5)
FNDA:0,(anonymous_6)
FNDA:5,(anonymous_7)
FNDA:6,(anonymous_8)
FNDA:6,(anonymous_9)
DA:3,3
DA:9,48
DA:10,48
DA:11,48
DA:12,48
DA:14,48
DA:15,48
DA:16,48
DA:17,48
DA:18,48
DA:21,48
DA:24,48
DA:25,32
DA:27,21
DA:28,1
DA:30,1
DA:32,1
DA:35,1
DA:39,21
DA:40,3
DA:41,18
DA:42,3
DA:45,21
DA:46,21
DA:47,6
DA:52,48
DA:53,8
DA:55,7
DA:56,7
DA:57,7
DA:60,7
DA:61,3
DA:62,3
DA:63,3
DA:64,1
DA:69,48
DA:70,8
DA:73,8
DA:74,3
DA:75,3
DA:76,3
DA:77,1
DA:79,0
DA:84,48
DA:85,5
DA:87,4
DA:88,4
DA:89,4
DA:90,4
DA:94,4
DA:95,4
DA:98,4
DA:99,4
DA:102,4
DA:103,4
DA:104,4
DA:105,4
DA:108,4
DA:110,2
DA:113,4
DA:114,4
DA:117,48
DA:118,6
DA:121,48
DA:166,3
LF:65
LH:64
BRDA:5,0,0,32
BRDA:6,1,0,40
BRDA:7,2,0,40
BRDA:21,3,0,39
BRDA:21,3,1,9
BRDA:25,4,0,11
BRDA:25,4,1,21
BRDA:28,5,0,1
BRDA:28,5,1,0
BRDA:28,6,0,1
BRDA:28,6,1,1
BRDA:30,7,0,1
BRDA:30,7,1,0
BRDA:39,8,0,3
BRDA:39,8,1,18
BRDA:41,9,0,3
BRDA:41,9,1,15
BRDA:46,10,0,6
BRDA:46,10,1,15
BRDA:53,11,0,1
BRDA:53,11,1,7
BRDA:60,12,0,3
BRDA:60,12,1,4
BRDA:63,13,0,1
BRDA:63,13,1,2
BRDA:73,14,0,3
BRDA:73,14,1,5
BRDA:73,15,0,8
BRDA:73,15,1,3
BRDA:76,16,0,1
BRDA:76,16,1,2
BRDA:85,17,0,1
BRDA:85,17,1,4
BRDA:85,18,0,5
BRDA:85,18,1,4
BRDA:108,19,0,2
BRDA:108,19,1,2
BRDA:108,20,0,4
BRDA:108,20,1,2
BRDA:118,21,0,5
BRDA:118,21,1,1
BRDA:129,22,0,5
BRDA:129,22,1,43
BRDA:141,23,0,5
BRDA:141,23,1,43
BRDA:150,24,0,11
BRDA:150,24,1,37
BRDA:154,25,0,13
BRDA:154,25,1,35
BRDA:155,26,0,13
BRDA:155,26,1,35
BRDA:159,27,0,13
BRDA:159,27,1,35
BRF:53
BRH:51
end_of_record
TN:
SF:src\components\Knob.js
FN:3,(anonymous_0)
FN:19,(anonymous_1)
FN:27,(anonymous_2)
FN:40,(anonymous_3)
FNF:4
FNH:1
FNDA:42,(anonymous_0)
FNDA:0,(anonymous_1)
FNDA:0,(anonymous_2)
FNDA:0,(anonymous_3)
DA:3,2
DA:11,42
DA:12,42
DA:13,42
DA:14,42
DA:17,42
DA:19,42
DA:20,0
DA:21,0
DA:22,0
DA:23,0
DA:24,0
DA:27,42
DA:28,0
DA:29,0
DA:30,0
DA:34,0
DA:36,0
DA:37,0
DA:40,42
DA:41,0
DA:42,0
DA:45,42
DA:72,2
LF:24
LH:11
BRDA:5,0,0,0
BRDA:6,1,0,0
BRDA:7,2,0,0
BRDA:8,3,0,0
BRDA:37,4,0,0
BRDA:37,4,1,0
BRDA:64,5,0,0
BRDA:64,5,1,42
BRF:8
BRH:1
end_of_record
TN:
SF:src\components\MicrophoneInput.js
FN:3,(anonymous_0)
FN:16,(anonymous_1)
FN:24,(anonymous_2)
FN:30,(anonymous_3)
FN:54,(anonymous_4)
FN:61,(anonymous_5)
FN:67,(anonymous_6)
FN:79,(anonymous_7)
FN:80,(anonymous_8)
FN:86,(anonymous_9)
FN:97,(anonymous_10)
FN:102,(anonymous_11)
FN:106,(anonymous_12)
FN:116,(anonymous_13)
FN:117,(anonymous_14)
FN:118,(anonymous_15)
FN:123,(anonymous_16)
FN:171,(anonymous_17)
FN:178,(anonymous_18)
FN:189,(anonymous_19)
FN:199,(anonymous_20)
FNF:21
FNH:19
FNDA:32,(anonymous_0)
FNDA:6,(anonymous_1)
FNDA:5,(anonymous_2)
FNDA:11,(anonymous_3)
FNDA:6,(anonymous_4)
FNDA:6,(anonymous_5)
FNDA:2,(anonymous_6)
FNDA:2,(anonymous_7)
FNDA:0,(anonymous_8)
FNDA:1,(anonymous_9)
FNDA:1,(anonymous_10)
FNDA:1,(anonymous_11)
FNDA:1,(anonymous_12)
FNDA:19,(anonymous_13)
FNDA:19,(anonymous_14)
FNDA:6,(anonymous_15)
FNDA:13,(anonymous_16)
FNDA:10,(anonymous_17)
FNDA:2,(anonymous_18)
FNDA:1,(anonymous_19)
FNDA:0,(anonymous_20)
DA:3,3
DA:4,32
DA:5,32
DA:6,32
DA:7,32
DA:8,32
DA:10,32
DA:11,32
DA:12,32
DA:13,32
DA:16,32
DA:17,6
DA:18,6
DA:19,6
DA:21,6
DA:22,6
DA:24,6
DA:25,5
DA:26,5
DA:30,6
DA:31,11
DA:32,11
DA:34,11
DA:42,11
DA:45,6
DA:46,6
DA:48,0
DA:49,0
DA:54,32
DA:55,6
DA:56,6
DA:57,6
DA:60,6
DA:61,6
DA:67,32
DA:68,2
DA:69,2
DA:71,0
DA:72,0
DA:75,2
DA:76,2
DA:77,2
DA:78,2
DA:79,2
DA:80,0
DA:86,32
DA:87,1
DA:90,1
DA:91,0
DA:92,0
DA:93,0
DA:97,1
DA:98,1
DA:99,1
DA:102,1
DA:106,32
DA:107,1
DA:108,1
DA:110,1
DA:111,1
DA:116,32
DA:117,19
DA:118,19
DA:119,6
DA:122,19
DA:123,13
DA:127,32
DA:172,10
DA:178,2
DA:189,1
DA:199,0
DA:204,3
LF:72
LH:63
BRDA:25,0,0,5
BRDA:25,0,1,0
BRDA:55,1,0,6
BRDA:55,1,1,0
BRDA:55,2,0,6
BRDA:55,2,1,6
BRDA:60,3,0,6
BRDA:60,3,1,0
BRDA:68,4,0,2
BRDA:68,4,1,0
BRDA:69,5,0,0
BRDA:69,5,1,2
BRDA:69,6,0,2
BRDA:69,6,1,0
BRDA:69,6,2,0
BRDA:90,7,0,0
BRDA:90,7,1,1
BRDA:90,8,0,1
BRDA:90,8,1,0
BRDA:90,8,2,0
BRDA:98,9,0,1
BRDA:98,9,1,0
BRDA:110,10,0,1
BRDA:110,10,1,0
BRDA:122,11,0,13
BRDA:122,11,1,6
BRDA:137,12,0,6
BRDA:137,12,1,26
BRDA:138,13,0,6
BRDA:138,13,1,26
BRDA:140,14,0,6
BRDA:140,14,1,26
BRDA:142,15,0,6
BRDA:142,15,1,26
BRDA:168,16,0,22
BRDA:168,16,1,10
BRDA:176,17,0,4
BRDA:176,17,1,6
BRDA:176,18,0,10
BRDA:176,18,1,4
BRDA:182,19,0,2
BRDA:182,19,1,8
BRDA:182,20,0,10
BRDA:182,20,1,4
BRDA:182,20,2,4
BRF:45
BRH:33
end_of_record
TN:
SF:src\components\RecordingButton.js
FN:3,(anonymous_0)
FN:14,(anonymous_1)
FN:21,(anonymous_2)
FN:27,(anonymous_3)
FN:38,(anonymous_4)
FN:39,(anonymous_5)
FN:44,(anonymous_6)
FN:49,(anonymous_7)
FN:166,(anonymous_8)
FN:173,(anonymous_9)
FN:186,(anonymous_10)
FN:187,(anonymous_11)
FN:195,(anonymous_12)
FN:210,(anonymous_13)
FN:216,(anonymous_14)
FN:233,(anonymous_15)
FN:284,(anonymous_16)
FNF:17
FNH:9
FNDA:17,(anonymous_0)
FNDA:3,(anonymous_1)
FNDA:0,(anonymous_2)
FNDA:0,(anonymous_3)
FNDA:11,(anonymous_4)
FNDA:11,(anonymous_5)
FNDA:0,(anonymous_6)
FNDA:3,(anonymous_7)
FNDA:2,(anonymous_8)
FNDA:1,(anonymous_9)
FNDA:0,(anonymous_10)
FNDA:0,(anonymous_11)
FNDA:12,(anonymous_12)
FNDA:0,(anonymous_13)
FNDA:0,(anonymous_14)
FNDA:0,(anonymous_15)
FNDA:1,(anonymous_16)
DA:3,3
DA:4,17
DA:5,17
DA:6,17
DA:7,17
DA:8,17
DA:9,17
DA:10,17
DA:11,17
DA:14,17
DA:15,3
DA:16,3
DA:17,3
DA:21,17
DA:22,0
DA:23,0
DA:25,0
DA:26,0
DA:27,0
DA:28,0
DA:32,0
DA:38,17
DA:39,11
DA:40,11
DA:41,11
DA:42,2
DA:44,0
DA:49,17
DA:50,3
DA:52,3
DA:53,3
DA:54,3
DA:57,3
DA:61,3
DA:62,0
DA:69,3
DA:72,3
DA:75,3
DA:76,3
DA:79,3
DA:80,3
DA:81,3
DA:86,3
DA:87,3
DA:88,3
DA:91,3
DA:93,0
DA:97,3
DA:98,3
DA:99,3
DA:104,3
DA:105,3
DA:106,3
DA:109,3
DA:111,0
DA:116,3
DA:117,0
DA:119,0
DA:126,0
DA:127,0
DA:129,0
DA:130,0
DA:132,0
DA:139,3
DA:140,0
DA:141,0
DA:146,0
DA:147,0
DA:148,0
DA:150,0
DA:155,3
DA:162,3
DA:163,2
DA:166,2
DA:167,2
DA:168,2
DA:173,2
DA:174,1
DA:177,1
DA:178,1
DA:182,2
DA:183,2
DA:186,2
DA:187,0
DA:190,1
DA:191,1
DA:195,17
DA:196,12
DA:197,1
DA:198,1
DA:201,1
DA:202,1
DA:203,1
DA:207,1
DA:208,1
DA:210,0
DA:211,1
DA:216,17
DA:217,0
DA:218,0
DA:219,0
DA:220,0
DA:221,0
DA:222,0
DA:223,0
DA:226,0
DA:227,0
DA:228,0
DA:229,0
DA:233,17
DA:234,0
DA:235,0
DA:236,0
DA:237,0
DA:241,17
DA:284,1
DA:311,3
LF:117
LH:76
BRDA:17,0,0,3
BRDA:17,0,1,0
BRDA:22,1,0,0
BRDA:22,1,1,0
BRDA:26,2,0,0
BRDA:26,2,1,0
BRDA:26,3,0,0
BRDA:26,3,1,0
BRDA:41,4,0,2
BRDA:41,4,1,9
BRDA:57,5,0,3
BRDA:57,5,1,0
BRDA:61,6,0,0
BRDA:61,6,1,3
BRDA:61,7,0,3
BRDA:61,7,1,3
BRDA:61,7,2,0
BRDA:61,7,3,0
BRDA:79,8,0,3
BRDA:79,8,1,0
BRDA:81,9,0,3
BRDA:81,9,1,0
BRDA:97,10,0,3
BRDA:97,10,1,0
BRDA:99,11,0,3
BRDA:99,11,1,0
BRDA:116,12,0,0
BRDA:116,12,1,3
BRDA:139,13,0,0
BRDA:139,13,1,3
BRDA:156,14,0,2
BRDA:156,14,1,1
BRDA:167,15,0,2
BRDA:167,15,1,0
BRDA:174,16,0,1
BRDA:174,16,1,0
BRDA:196,17,0,1
BRDA:196,17,1,11
BRDA:196,18,0,12
BRDA:196,18,1,3
BRDA:201,19,0,1
BRDA:201,19,1,0
BRDA:207,20,0,1
BRDA:207,20,1,0
BRDA:217,21,0,0
BRDA:217,21,1,0
BRDA:218,22,0,0
BRDA:218,22,1,0
BRDA:234,23,0,0
BRDA:234,23,1,0
BRDA:248,24,0,15
BRDA:248,24,1,2
BRDA:252,25,0,15
BRDA:252,25,1,7
BRDA:252,25,2,8
BRDA:252,25,3,0
BRDA:265,26,0,2
BRDA:265,26,1,15
BRDA:270,27,0,1
BRDA:270,27,1,14
BRDA:291,28,0,17
BRDA:291,28,1,1
BRDA:291,28,2,1
BRF:63
BRH:35
end_of_record
TN:
SF:src\components\SongLibrary.js
FN:3,(anonymous_0)
FN:8,(anonymous_1)
FN:11,(anonymous_2)
FN:12,(anonymous_3)
FN:16,(anonymous_4)
FN:23,(anonymous_5)
FN:34,(anonymous_6)
FN:48,(anonymous_7)
FN:52,(anonymous_8)
FN:66,(anonymous_9)
FNF:10
FNH:0
FNDA:0,(anonymous_0)
FNDA:0,(anonymous_1)
FNDA:0,(anonymous_2)
FNDA:0,(anonymous_3)
FNDA:0,(anonymous_4)
FNDA:0,(anonymous_5)
FNDA:0,(anonymous_6)
FNDA:0,(anonymous_7)
FNDA:0,(anonymous_8)
FNDA:0,(anonymous_9)
DA:3,2
DA:4,0
DA:5,0
DA:6,0
DA:8,0
DA:9,0
DA:10,0
DA:11,0
DA:13,0
DA:14,0
DA:17,0
DA:18,0
DA:23,0
DA:24,0
DA:27,0
DA:34,0
DA:49,0
DA:53,0
DA:54,0
DA:67,0
DA:68,0
DA:77,2
LF:22
LH:2
BRDA:40,0,0,0
BRDA:40,0,1,0
BRDA:45,1,0,0
BRDA:45,1,1,0
BRF:4
BRH:0
end_of_record
TN:
SF:src\components\SyncButton.js
FN:3,(anonymous_0)
FN:6,(anonymous_1)
FN:43,(anonymous_2)
FNF:3
FNH:2
FNDA:18,(anonymous_0)
FNDA:0,(anonymous_1)
FNDA:10,(anonymous_2)
DA:3,2
DA:4,18
DA:6,18
DA:8,0
DA:11,0
DA:13,0
DA:16,0
DA:19,0
DA:21,0
DA:24,0
DA:25,0
DA:28,0
DA:29,0
DA:33,0
DA:37,0
DA:43,18
DA:44,10
DA:45,10
DA:49,18
DA:66,2
LF:20
LH:8
BRDA:11,0,0,0
BRDA:11,0,1,0
BRDA:11,1,0,0
BRDA:11,1,1,0
BRDA:11,1,2,0
BRDA:19,2,0,0
BRDA:19,2,1,0
BRDA:33,3,0,0
BRDA:33,3,1,0
BRDA:34,4,0,0
BRDA:34,4,1,0
BRDA:44,5,0,10
BRDA:44,5,1,0
BRDA:44,6,0,10
BRDA:44,6,1,0
BRDA:54,7,0,0
BRDA:54,7,1,18
BRDA:55,8,0,0
BRDA:55,8,1,18
BRDA:58,9,0,18
BRDA:58,9,1,0
BRF:21
BRH:5
end_of_record
TN:
SF:src\components\Taskbar.js
FN:4,(anonymous_0)
FNF:1
FNH:0
FNDA:0,(anonymous_0)
DA:4,1
DA:5,0
LF:2
LH:1
BRF:0
BRH:0
end_of_record
TN:
SF:src\components\TempoSlider.js
FN:3,(anonymous_0)
FN:8,(anonymous_1)
FN:18,(anonymous_2)
FN:24,(anonymous_3)
FN:25,(anonymous_4)
FN:36,(anonymous_5)
FN:50,(anonymous_6)
FNF:7
FNH:5
FNDA:21,(anonymous_0)
FNDA:4,(anonymous_1)
FNDA:16,(anonymous_2)
FNDA:0,(anonymous_3)
FNDA:0,(anonymous_4)
FNDA:1,(anonymous_5)
FNDA:12,(anonymous_6)
DA:3,2
DA:4,21
DA:5,21
DA:8,21
DA:9,4
DA:10,4
DA:12,4
DA:13,3
DA:18,21
DA:19,16
DA:21,12
DA:24,12
DA:25,0
DA:26,0
DA:30,0
DA:36,12
DA:37,1
DA:38,1
DA:39,1
DA:43,12
DA:46,12
DA:47,1
DA:50,12
DA:51,12
DA:52,12
DA:57,21
DA:78,2
LF:27
LH:24
BRDA:12,0,0,3
BRDA:12,0,1,1
BRDA:19,1,0,12
BRDA:19,1,1,4
BRDA:21,2,0,12
BRDA:21,2,1,0
BRDA:26,3,0,0
BRDA:26,3,1,0
BRDA:27,4,0,0
BRDA:27,4,1,0
BRDA:37,5,0,1
BRDA:37,5,1,0
BRDA:38,6,0,1
BRDA:38,6,1,0
BRDA:46,7,0,1
BRDA:46,7,1,11
BRF:16
BRH:9
end_of_record
TN:
SF:src\components\TrackDisplay.js
FN:9,(anonymous_0)
FN:25,(anonymous_1)
FN:39,(anonymous_2)
FN:81,(anonymous_3)
FN:91,(anonymous_4)
FN:104,(anonymous_5)
FN:114,(anonymous_6)
FN:117,(anonymous_7)
FN:130,(anonymous_8)
FN:138,(anonymous_9)
FN:150,(anonymous_10)
FN:163,(anonymous_11)
FN:173,(anonymous_12)
FN:174,(anonymous_13)
FN:175,(anonymous_14)
FN:177,(anonymous_15)
FN:183,(anonymous_16)
FN:190,(anonymous_17)
FN:197,(anonymous_18)
FN:210,(anonymous_19)
FN:218,(anonymous_20)
FN:263,(anonymous_21)
FNF:22
FNH:6
FNDA:17,(anonymous_0)
FNDA:1,(anonymous_1)
FNDA:0,(anonymous_2)
FNDA:0,(anonymous_3)
FNDA:0,(anonymous_4)
FNDA:16,(anonymous_5)
FNDA:0,(anonymous_6)
FNDA:0,(anonymous_7)
FNDA:0,(anonymous_8)
FNDA:0,(anonymous_9)
FNDA:0,(anonymous_10)
FNDA:0,(anonymous_11)
FNDA:0,(anonymous_12)
FNDA:0,(anonymous_13)
FNDA:0,(anonymous_14)
FNDA:0,(anonymous_15)
FNDA:0,(anonymous_16)
FNDA:0,(anonymous_17)
FNDA:2,(anonymous_18)
FNDA:1,(anonymous_19)
FNDA:1,(anonymous_20)
FNDA:0,(anonymous_21)
DA:9,2
DA:10,17
DA:11,17
DA:12,17
DA:13,17
DA:14,17
DA:15,17
DA:16,17
DA:17,17
DA:18,17
DA:19,17
DA:21,17
DA:22,17
DA:25,17
DA:26,1
DA:27,1
DA:28,1
DA:29,1
DA:31,1
DA:33,1
DA:34,0
DA:39,17
DA:40,0
DA:42,0
DA:43,0
DA:46,0
DA:49,0
DA:53,0
DA:54,0
DA:58,0
DA:59,0
DA:62,0
DA:63,0
DA:64,0
DA:67,0
DA:68,0
DA:72,0
DA:73,0
DA:77,0
DA:78,0
DA:81,0
DA:82,0
DA:83,0
DA:91,0
DA:92,0
DA:93,0
DA:94,0
DA:97,0
DA:98,0
DA:99,0
DA:104,17
DA:105,16
DA:107,1
DA:108,0
DA:110,0
DA:114,1
DA:115,0
DA:118,0
DA:119,0
DA:122,0
DA:131,0
DA:138,17
DA:139,0
DA:140,0
DA:141,0
DA:143,0
DA:145,0
DA:150,17
DA:151,0
DA:152,0
DA:157,0
DA:158,0
DA:163,17
DA:164,0
DA:165,0
DA:166,0
DA:167,0
DA:170,0
DA:171,0
DA:173,0
DA:174,0
DA:175,0
DA:177,0
DA:183,17
DA:184,0
DA:185,0
DA:190,17
DA:191,0
DA:192,0
DA:197,17
DA:198,2
DA:199,2
DA:200,2
DA:203,17
DA:204,16
DA:210,1
DA:218,1
DA:227,1
DA:263,0
DA:274,2
LF:100
LH:40
BRDA:9,0,0,3
BRDA:33,1,0,0
BRDA:33,1,1,1
BRDA:42,2,0,0
BRDA:42,2,1,0
BRDA:53,3,0,0
BRDA:53,3,1,0
BRDA:67,4,0,0
BRDA:67,4,1,0
BRDA:72,5,0,0
BRDA:72,5,1,0
BRDA:105,6,0,1
BRDA:105,6,1,15
BRDA:105,7,0,16
BRDA:105,7,1,1
BRDA:107,8,0,0
BRDA:107,8,1,1
BRDA:139,9,0,0
BRDA:139,9,1,0
BRDA:140,10,0,0
BRDA:140,10,1,0
BRDA:151,11,0,0
BRDA:151,11,1,0
BRDA:164,12,0,0
BRDA:164,12,1,0
BRDA:170,13,0,0
BRDA:170,13,1,0
BRDA:184,14,0,0
BRDA:184,14,1,0
BRDA:191,15,0,0
BRDA:191,15,1,0
BRDA:200,16,0,2
BRDA:200,16,1,0
BRDA:203,17,0,16
BRDA:203,17,1,1
BRDA:216,18,0,16
BRDA:216,18,1,1
BRDA:248,19,0,1
BRDA:248,19,1,0
BRDA:261,20,0,1
BRDA:261,20,1,0
BRF:41
BRH:14
end_of_record
TN:
SF:src\components\TrackPlayback.js
FN:3,(anonymous_0)
FN:24,(anonymous_1)
FN:45,(anonymous_2)
FN:52,(anonymous_3)
FN:64,(anonymous_4)
FN:103,(anonymous_5)
FN:115,(anonymous_6)
FN:158,(anonymous_7)
FN:170,(anonymous_8)
FNF:9
FNH:5
FNDA:17,(anonymous_0)
FNDA:4,(anonymous_1)
FNDA:0,(anonymous_2)
FNDA:0,(anonymous_3)
FNDA:0,(anonymous_4)
FNDA:32,(anonymous_5)
FNDA:1,(anonymous_6)
FNDA:1,(anonymous_7)
FNDA:0,(anonymous_8)
DA:3,3
DA:21,17
DA:24,17
DA:25,4
DA:27,3
DA:28,3
DA:29,3
DA:32,3
DA:33,3
DA:36,3
DA:39,3
DA:40,3
DA:41,3
DA:42,3
DA:45,3
DA:46,0
DA:47,0
DA:49,0
DA:52,0
DA:53,0
DA:54,0
DA:56,0
DA:57,0
DA:63,3
DA:64,2
DA:65,0
DA:71,17
DA:104,32
DA:116,1
DA:117,1
DA:158,1
DA:177,3
LF:32
LH:23
BRDA:25,0,0,1
BRDA:25,0,1,3
BRDA:25,1,0,4
BRDA:25,1,1,4
BRDA:25,1,2,4
BRDA:46,2,0,0
BRDA:46,2,1,0
BRDA:53,3,0,0
BRDA:53,3,1,0
BRDA:63,4,0,2
BRDA:63,4,1,1
BRDA:92,5,0,1
BRDA:92,5,1,16
BRDA:99,6,0,1
BRDA:99,6,1,16
BRDA:109,7,0,32
BRDA:109,7,1,1
BRDA:110,8,0,32
BRDA:110,8,1,1
BRDA:110,8,2,0
BRDA:129,9,0,2
BRDA:129,9,1,15
BRDA:130,10,0,2
BRDA:130,10,1,15
BRDA:135,11,0,2
BRDA:135,11,1,15
BRF:26
BRH:21
end_of_record
TN:
SF:src\components\VolumeSlider.js
FN:3,(anonymous_0)
FN:7,(anonymous_1)
FN:15,(anonymous_2)
FNF:3
FNH:3
FNDA:31,(anonymous_0)
FNDA:18,(anonymous_1)
FNDA:5,(anonymous_2)
DA:3,3
DA:4,31
DA:5,31
DA:7,31
DA:8,18
DA:10,7
DA:11,7
DA:15,31
DA:16,5
DA:17,5
DA:19,5
DA:20,4
DA:25,31
DA:27,31
DA:55,3
LF:15
LH:15
BRDA:3,0,0,15
BRDA:8,1,0,7
BRDA:8,1,1,11
BRDA:19,2,0,4
BRDA:19,2,1,1
BRDA:25,3,0,23
BRDA:25,3,1,8
BRF:7
BRH:7
end_of_record
TN:
SF:src\components\useCrossfadeAudio.js
FN:3,(anonymous_0)
FN:5,(anonymous_1)
FN:17,(anonymous_2)
FN:33,(anonymous_3)
FN:49,(anonymous_4)
FNF:5
FNH:1
FNDA:2,(anonymous_0)
FNDA:0,(anonymous_1)
FNDA:0,(anonymous_2)
FNDA:0,(anonymous_3)
FNDA:0,(anonymous_4)
DA:3,1
DA:4,2
DA:6,0
DA:7,0
DA:9,0
DA:10,0
DA:11,0
DA:12,0
DA:13,0
DA:15,0
DA:17,0
DA:18,0
DA:21,0
DA:22,0
DA:30,0
DA:31,0
DA:32,0
DA:33,0
DA:36,0
DA:43,0
DA:44,0
DA:45,0
DA:49,0
DA:54,2
LF:24
LH:3
BRDA:3,0,0,0
BRDA:7,1,0,0
BRDA:7,1,1,0
BRDA:21,2,0,0
BRDA:21,2,1,0
BRDA:30,3,0,0
BRDA:30,3,1,0
BRDA:32,4,0,0
BRDA:32,4,1,0
BRDA:43,5,0,0
BRDA:43,5,1,0
BRF:11
BRH:0
end_of_record
TN:
SF:src\components\useEQControls.js
FN:3,(anonymous_0)
FN:11,(anonymous_1)
FN:14,(anonymous_2)
FN:71,(anonymous_3)
FN:76,(anonymous_4)
FN:83,(anonymous_5)
FN:90,(anonymous_6)
FNF:7
FNH:2
FNDA:14,(anonymous_0)
FNDA:10,(anonymous_1)
FNDA:0,(anonymous_2)
FNDA:0,(anonymous_3)
FNDA:0,(anonymous_4)
FNDA:0,(anonymous_5)
FNDA:0,(anonymous_6)
DA:3,2
DA:4,14
DA:5,14
DA:6,14
DA:7,14
DA:8,14
DA:9,14
DA:11,14
DA:12,10
DA:14,0
DA:15,0
DA:17,0
DA:22,0
DA:27,0
DA:28,0
DA:29,0
DA:30,0
DA:32,0
DA:33,0
DA:34,0
DA:35,0
DA:36,0
DA:38,0
DA:39,0
DA:40,0
DA:41,0
DA:44,0
DA:47,0
DA:48,0
DA:49,0
DA:52,0
DA:55,0
DA:56,0
DA:57,0
DA:58,0
DA:59,0
DA:60,0
DA:62,0
DA:63,0
DA:65,0
DA:69,0
DA:71,0
DA:76,14
DA:77,0
DA:78,0
DA:79,0
DA:83,14
DA:84,0
DA:85,0
DA:86,0
DA:90,14
DA:91,0
DA:92,0
DA:93,0
DA:97,14
LF:55
LH:13
BRDA:12,0,0,10
BRDA:12,0,1,0
BRDA:12,1,0,10
BRDA:12,1,1,0
BRDA:18,2,0,0
BRDA:18,2,1,0
BRDA:19,3,0,0
BRDA:19,3,1,0
BRDA:23,4,0,0
BRDA:23,4,1,0
BRDA:77,5,0,0
BRDA:77,5,1,0
BRDA:84,6,0,0
BRDA:84,6,1,0
BRDA:91,7,0,0
BRDA:91,7,1,0
BRF:16
BRH:2
end_of_record
